#
# There is insufficient memory for the Java Runtime Environment to continue.
# Native memory allocation (malloc) failed to allocate 1048576 bytes for AllocateHeap
# Possible reasons:
#   The system is out of physical RAM or swap space
#   The process is running with CompressedOops enabled, and the Java Heap may be blocking the growth of the native heap
# Possible solutions:
#   Reduce memory load on the system
#   Increase physical memory or swap space
#   Check if swap backing store is full
#   Decrease Java heap size (-Xmx/-Xms)
#   Decrease number of Java threads
#   Decrease Java thread stack sizes (-Xss)
#   Set larger code cache with -XX:ReservedCodeCacheSize=
#   JVM is running with Unscaled Compressed Oops mode in which the Java heap is
#     placed in the first 4GB address space. The Java Heap base address is the
#     maximum limit for the native heap growth. Please use -XX:HeapBaseMinAddress
#     to set the Java Heap base and to place the Java Heap above 4GB virtual address.
# This output file may be truncated or incomplete.
#
#  Out of Memory Error (allocation.cpp:44), pid=32592, tid=36096
#
# JRE version: OpenJDK Runtime Environment Temurin-17.0.3+7 (17.0.3+7) (build 17.0.3+7)
# Java VM: OpenJDK 64-Bit Server VM Temurin-17.0.3+7 (17.0.3+7, mixed mode, emulated-client, tiered, compressed oops, compressed class ptrs, g1 gc, windows-amd64)
# No core dump will be written. Minidumps are not enabled by default on client versions of Windows
#

---------------  S U M M A R Y ------------

Command Line: -Dsts.lsp.client=vscode -Dsts.log.file=/dev/null -XX:TieredStopAtLevel=1 -Dspring.config.location=file:c:\Users\ddai\.vscode\extensions\pivotal.vscode-spring-boot-1.37.0\language-server\BOOT-INF\classes\application.properties org.springframework.ide.vscode.boot.app.BootLanguageServerBootApp

Host: Intel(R) Core(TM) i5-8350U CPU @ 1.70GHz, 8 cores, 7G,  Windows 10 , 64 bit Build 19041 (10.0.19041.1806)
Time: Sun Aug 21 05:22:50 2022 Eastern Daylight Time elapsed time: 64263.857198 seconds (0d 17h 51m 3s)

---------------  T H R E A D  ---------------

Current thread (0x000001cdea1393d0):  VMThread "VM Thread" [stack: 0x00000074ed300000,0x00000074ed400000] [id=36096]

Stack: [0x00000074ed300000,0x00000074ed400000]
Native frames: (J=compiled Java code, j=interpreted, Vv=VM code, C=native code)
V  [jvm.dll+0x675efa]
V  [jvm.dll+0x830a24]
V  [jvm.dll+0x8321ce]
V  [jvm.dll+0x832833]
V  [jvm.dll+0x2454b5]
V  [jvm.dll+0xa6393]
V  [jvm.dll+0x2f55c3]
V  [jvm.dll+0x2f12d0]
V  [jvm.dll+0x2d99b7]
V  [jvm.dll+0x31cac7]
V  [jvm.dll+0x836cdb]
V  [jvm.dll+0x837a14]
V  [jvm.dll+0x837f2c]
V  [jvm.dll+0x838304]
V  [jvm.dll+0x8383d0]
V  [jvm.dll+0x7e0cfa]
V  [jvm.dll+0x674d85]
C  [ucrtbase.dll+0x21bb2]
C  [KERNEL32.DLL+0x17034]
C  [ntdll.dll+0x52651]

VM_Operation (0x00000074ef7fec20): G1CollectFull, mode: safepoint, requested by thread 0x000001cdeb1d70e0


---------------  P R O C E S S  ---------------

Threads class SMR info:
_java_thread_list=0x000001cdecf344e0, length=25, elements={
0x000001cdea189b50, 0x000001cdea18b9d0, 0x000001cdeac1a130, 0x000001cdeac1cdc0,
0x000001cdea1b0950, 0x000001cdea1b0f10, 0x000001cdea1b1970, 0x000001cdea1bb6c0,
0x000001cdeae1f7c0, 0x000001cdeae263d0, 0x000001cdeb1d70e0, 0x000001cdeb1d4590,
0x000001cdeb1d4a60, 0x000001cdeb1d5da0, 0x000001cdeb1d6270, 0x000001cdee8ea0a0,
0x000001cdee8eb3e0, 0x000001cdee8e7a20, 0x000001cdee8ecbf0, 0x000001cdee8ed0c0,
0x000001cdee8ec720, 0x000001cdee8ea570, 0x000001cdee8eaa40, 0x000001cdee8ed590,
0x000001cdee8ec250
}

Java Threads: ( => current thread )
  0x000001cdea189b50 JavaThread "Reference Handler" daemon [_thread_blocked, id=14032, stack(0x00000074ed400000,0x00000074ed500000)]
  0x000001cdea18b9d0 JavaThread "Finalizer" daemon [_thread_blocked, id=35360, stack(0x00000074ed500000,0x00000074ed600000)]
  0x000001cdeac1a130 JavaThread "Signal Dispatcher" daemon [_thread_blocked, id=30248, stack(0x00000074ed600000,0x00000074ed700000)]
  0x000001cdeac1cdc0 JavaThread "Attach Listener" daemon [_thread_blocked, id=13488, stack(0x00000074ed700000,0x00000074ed800000)]
  0x000001cdea1b0950 JavaThread "Service Thread" daemon [_thread_blocked, id=36372, stack(0x00000074ed800000,0x00000074ed900000)]
  0x000001cdea1b0f10 JavaThread "Monitor Deflation Thread" daemon [_thread_blocked, id=3192, stack(0x00000074ed900000,0x00000074eda00000)]
  0x000001cdea1b1970 JavaThread "C1 CompilerThread0" daemon [_thread_blocked, id=23300, stack(0x00000074eda00000,0x00000074edb00000)]
  0x000001cdea1bb6c0 JavaThread "Sweeper thread" daemon [_thread_blocked, id=35080, stack(0x00000074edb00000,0x00000074edc00000)]
  0x000001cdeae1f7c0 JavaThread "Notification Thread" daemon [_thread_blocked, id=15588, stack(0x00000074edc00000,0x00000074edd00000)]
  0x000001cdeae263d0 JavaThread "Common-Cleaner" daemon [_thread_blocked, id=35564, stack(0x00000074ede00000,0x00000074edf00000)]
  0x000001cdeb1d70e0 JavaThread "pool-7-thread-1" [_thread_blocked, id=8680, stack(0x00000074ef700000,0x00000074ef800000)]
  0x000001cdeb1d4590 JavaThread "LanguageServerApp-lifecycle" [_thread_blocked, id=33092, stack(0x00000074ef800000,0x00000074ef900000)]
  0x000001cdeb1d4a60 JavaThread "DestroyJavaVM" [_thread_blocked, id=2764, stack(0x00000074ecd00000,0x00000074ece00000)]
  0x000001cdeb1d5da0 JavaThread "pool-8-thread-1" [_thread_in_native, id=32660, stack(0x00000074efa00000,0x00000074efb00000)]
  0x000001cdeb1d6270 JavaThread "Simple-Language-Server main thread" daemon [_thread_blocked, id=21948, stack(0x00000074efb00000,0x00000074efc00000)]
  0x000001cdee8ea0a0 JavaThread "pool-5-thread-1" [_thread_blocked, id=8528, stack(0x00000074efc00000,0x00000074efd00000)]
  0x000001cdee8eb3e0 JavaThread "parallel-1" daemon [_thread_blocked, id=31812, stack(0x00000074efd00000,0x00000074efe00000)]
  0x000001cdee8e7a20 JavaThread "parallel-2" daemon [_thread_blocked, id=5692, stack(0x00000074efe00000,0x00000074eff00000)]
  0x000001cdee8ecbf0 JavaThread "parallel-3" daemon [_thread_blocked, id=27992, stack(0x00000074eff00000,0x00000074f0000000)]
  0x000001cdee8ed0c0 JavaThread "parallel-4" daemon [_thread_blocked, id=26176, stack(0x00000074f0000000,0x00000074f0100000)]
  0x000001cdee8ec720 JavaThread "parallel-5" daemon [_thread_blocked, id=32000, stack(0x00000074f0100000,0x00000074f0200000)]
  0x000001cdee8ea570 JavaThread "parallel-6" daemon [_thread_blocked, id=33508, stack(0x00000074f0200000,0x00000074f0300000)]
  0x000001cdee8eaa40 JavaThread "parallel-7" daemon [_thread_blocked, id=29764, stack(0x00000074f0300000,0x00000074f0400000)]
  0x000001cdee8ed590 JavaThread "parallel-8" daemon [_thread_blocked, id=32208, stack(0x00000074f0400000,0x00000074f0500000)]
  0x000001cdee8ec250 JavaThread "Reconciler-1" daemon [_thread_blocked, id=36436, stack(0x00000074f0500000,0x00000074f0600000)]

Other Threads:
=>0x000001cdea1393d0 VMThread "VM Thread" [stack: 0x00000074ed300000,0x00000074ed400000] [id=36096]
  0x000001cdeae1fc90 WatcherThread [stack: 0x00000074edd00000,0x00000074ede00000] [id=34016]
  0x000001cddaf13200 GCTaskThread "GC Thread#0" [stack: 0x00000074ece00000,0x00000074ecf00000] [id=34916]
  0x000001cdeb745860 GCTaskThread "GC Thread#1" [stack: 0x00000074edf00000,0x00000074ee000000] [id=15660]
  0x000001cdeb745b10 GCTaskThread "GC Thread#2" [stack: 0x00000074ee000000,0x00000074ee100000] [id=21796]
  0x000001cdeb75fb80 GCTaskThread "GC Thread#3" [stack: 0x00000074ee100000,0x00000074ee200000] [id=24460]
  0x000001cdeb7bc070 GCTaskThread "GC Thread#4" [stack: 0x00000074ee200000,0x00000074ee300000] [id=35632]
  0x000001cdeb7bc320 GCTaskThread "GC Thread#5" [stack: 0x00000074ee300000,0x00000074ee400000] [id=6872]
  0x000001cdeb7bc5d0 GCTaskThread "GC Thread#6" [stack: 0x00000074ee400000,0x00000074ee500000] [id=33804]
  0x000001cdec56d990 GCTaskThread "GC Thread#7" [stack: 0x00000074ee700000,0x00000074ee800000] [id=22880]
  0x000001cddaf24c50 ConcurrentGCThread "G1 Main Marker" [stack: 0x00000074ecf00000,0x00000074ed000000] [id=35788]
  0x000001cddaf26670 ConcurrentGCThread "G1 Conc#0" [stack: 0x00000074ed000000,0x00000074ed100000] [id=22976]
  0x000001cdec72cd10 ConcurrentGCThread "G1 Conc#1" [stack: 0x00000074ee800000,0x00000074ee900000] [id=19716]
  0x000001cddaf8ded0 ConcurrentGCThread "G1 Refine#0" [stack: 0x00000074ed100000,0x00000074ed200000] [id=33248]
  0x000001cdeb745dc0 ConcurrentGCThread "G1 Refine#1" [stack: 0x00000074ee500000,0x00000074ee600000] [id=15520]
  0x000001cdec56bca0 ConcurrentGCThread "G1 Refine#2" [stack: 0x00000074ef900000,0x00000074efa00000] [id=28340]
  0x000001cdee82f780 ConcurrentGCThread "G1 Refine#3" [stack: 0x00000074eca00000,0x00000074ecb00000] [id=35784]
  0x000001cddaf8e8f0 ConcurrentGCThread "G1 Service" [stack: 0x00000074ed200000,0x00000074ed300000] [id=32836]

Threads with active compile tasks:

VM state: at safepoint (normal execution)

VM Mutex/Monitor currently owned by a thread:  ([mutex/lock_event])
[0x000001cddacc79e0] Threads_lock - owner thread: 0x000001cdea1393d0
[0x000001cddaeb86c0] Heap_lock - owner thread: 0x000001cdeb1d70e0

Heap address: 0x0000000082800000, size: 2008 MB, Compressed Oops mode: 32-bit

CDS archive(s) not mapped
Compressed class space mapped at: 0x0000000100000000-0x0000000140000000, reserved size: 1073741824
Narrow klass base: 0x0000000000000000, Narrow klass shift: 3, Narrow klass range: 0x140000000

GC Precious Log:
 CPUs: 8 total, 8 available
 Memory: 8026M
 Large Page Support: Disabled
 NUMA Support: Disabled
 Compressed Oops: Enabled (32-bit)
 Heap Region Size: 1M
 Heap Min Capacity: 8M
 Heap Initial Capacity: 126M
 Heap Max Capacity: 2008M
 Pre-touch: Disabled
 Parallel Workers: 8
 Concurrent Workers: 2
 Concurrent Refinement Workers: 8
 Periodic GC: Disabled

Heap:
 garbage-first heap   total 78848K, used 23294K [0x0000000082800000, 0x0000000100000000)
  region size 1024K, 1 young (1024K), 0 survivors (0K)
 Metaspace       used 41849K, committed 42304K, reserved 1089536K
  class space    used 5847K, committed 6016K, reserved 1048576K

Heap Regions: E=young(eden), S=young(survivor), O=old, HS=humongous(starts), HC=humongous(continues), CS=collection set, F=free, OA=open archive, CA=closed archive, TAMS=top-at-mark-start (previous, next)
|   0|0x0000000082800000, 0x00000000828ffff8, 0x0000000082900000| 99%| O|  |TAMS 0x00000000828ffff8, 0x0000000082800000| Untracked 
|   1|0x0000000082900000, 0x0000000082a00000, 0x0000000082a00000|100%| O|  |TAMS 0x0000000082a00000, 0x0000000082900000| Untracked 
|   2|0x0000000082a00000, 0x0000000082afc660, 0x0000000082b00000| 98%| O|  |TAMS 0x0000000082afc660, 0x0000000082a00000| Untracked 
|   3|0x0000000082b00000, 0x0000000082bfffd0, 0x0000000082c00000| 99%| O|  |TAMS 0x0000000082bfffd0, 0x0000000082b00000| Untracked 
|   4|0x0000000082c00000, 0x0000000082cfffd0, 0x0000000082d00000| 99%| O|  |TAMS 0x0000000082cfffd0, 0x0000000082c00000| Untracked 
|   5|0x0000000082d00000, 0x0000000082e00000, 0x0000000082e00000|100%| O|  |TAMS 0x0000000082e00000, 0x0000000082d00000| Untracked 
|   6|0x0000000082e00000, 0x0000000082f00000, 0x0000000082f00000|100%| O|  |TAMS 0x0000000082f00000, 0x0000000082e00000| Untracked 
|   7|0x0000000082f00000, 0x0000000082ffffe0, 0x0000000083000000| 99%| O|  |TAMS 0x0000000082ffffe0, 0x0000000082f00000| Untracked 
|   8|0x0000000083000000, 0x00000000830fffc0, 0x0000000083100000| 99%| O|  |TAMS 0x00000000830fffc0, 0x0000000083000000| Untracked 
|   9|0x0000000083100000, 0x00000000831ffff8, 0x0000000083200000| 99%| O|  |TAMS 0x00000000831ffff8, 0x0000000083100000| Untracked 
|  10|0x0000000083200000, 0x00000000832fffe8, 0x0000000083300000| 99%| O|  |TAMS 0x00000000832fffe8, 0x0000000083200000| Untracked 
|  11|0x0000000083300000, 0x00000000833fa6a0, 0x0000000083400000| 97%| O|  |TAMS 0x00000000833fa6a0, 0x0000000083300000| Untracked 
|  12|0x0000000083400000, 0x00000000834ffff0, 0x0000000083500000| 99%| O|  |TAMS 0x00000000834ffff0, 0x0000000083400000| Untracked 
|  13|0x0000000083500000, 0x0000000083600000, 0x0000000083600000|100%| O|  |TAMS 0x0000000083600000, 0x0000000083500000| Untracked 
|  14|0x0000000083600000, 0x00000000836fffc8, 0x0000000083700000| 99%| O|  |TAMS 0x00000000836fffc8, 0x0000000083600000| Untracked 
|  15|0x0000000083700000, 0x00000000837fffe8, 0x0000000083800000| 99%| O|  |TAMS 0x00000000837fffe8, 0x0000000083700000| Untracked 
|  16|0x0000000083800000, 0x0000000083900000, 0x0000000083900000|100%| O|  |TAMS 0x0000000083900000, 0x0000000083800000| Untracked 
|  17|0x0000000083900000, 0x00000000839fffb8, 0x0000000083a00000| 99%| O|  |TAMS 0x00000000839fffb8, 0x0000000083900000| Untracked 
|  18|0x0000000083a00000, 0x0000000083afffc0, 0x0000000083b00000| 99%| O|  |TAMS 0x0000000083afffc0, 0x0000000083a00000| Untracked 
|  19|0x0000000083b00000, 0x0000000083bfffe0, 0x0000000083c00000| 99%| O|  |TAMS 0x0000000083bfffe0, 0x0000000083b00000| Untracked 
|  20|0x0000000083c00000, 0x0000000083cc8f60, 0x0000000083d00000| 78%| O|  |TAMS 0x0000000083c00000, 0x0000000083c00000| Untracked 
|  21|0x0000000083d00000, 0x0000000083d00048, 0x0000000083e00000|  0%| O|  |TAMS 0x0000000083d00000, 0x0000000083d00000| Untracked 
|  22|0x0000000083e00000, 0x0000000083e00000, 0x0000000083f00000|  0%| F|  |TAMS 0x0000000083e00000, 0x0000000083e00000| Untracked 
|  23|0x0000000083f00000, 0x0000000083f00000, 0x0000000084000000|  0%| F|  |TAMS 0x0000000083f00000, 0x0000000083f00000| Untracked 
|  24|0x0000000084000000, 0x00000000840fffc0, 0x0000000084100000| 99%| O|  |TAMS 0x00000000840fffc0, 0x0000000084000000| Untracked 
|  25|0x0000000084100000, 0x0000000084100000, 0x0000000084200000|  0%| F|  |TAMS 0x0000000084100000, 0x0000000084100000| Untracked 
|  26|0x0000000084200000, 0x0000000084200000, 0x0000000084300000|  0%| F|  |TAMS 0x0000000084200000, 0x0000000084200000| Untracked 
|  27|0x0000000084300000, 0x00000000843fffe8, 0x0000000084400000| 99%| O|  |TAMS 0x00000000843fffe8, 0x0000000084300000| Untracked 
|  28|0x0000000084400000, 0x0000000084400000, 0x0000000084500000|  0%| F|  |TAMS 0x0000000084400000, 0x0000000084400000| Untracked 
|  29|0x0000000084500000, 0x0000000084500000, 0x0000000084600000|  0%| F|  |TAMS 0x0000000084500000, 0x0000000084500000| Untracked 
|  30|0x0000000084600000, 0x0000000084600000, 0x0000000084700000|  0%| F|  |TAMS 0x0000000084600000, 0x0000000084600000| Untracked 
|  31|0x0000000084700000, 0x0000000084700000, 0x0000000084800000|  0%| F|  |TAMS 0x0000000084700000, 0x0000000084700000| Untracked 
|  32|0x0000000084800000, 0x0000000084800000, 0x0000000084900000|  0%| F|  |TAMS 0x0000000084800000, 0x0000000084800000| Untracked 
|  33|0x0000000084900000, 0x0000000084900000, 0x0000000084a00000|  0%| F|  |TAMS 0x0000000084900000, 0x0000000084900000| Untracked 
|  34|0x0000000084a00000, 0x0000000084a00000, 0x0000000084b00000|  0%| F|  |TAMS 0x0000000084a00000, 0x0000000084a00000| Untracked 
|  35|0x0000000084b00000, 0x0000000084b00000, 0x0000000084c00000|  0%| F|  |TAMS 0x0000000084b00000, 0x0000000084b00000| Untracked 
|  36|0x0000000084c00000, 0x0000000084c00000, 0x0000000084d00000|  0%| F|  |TAMS 0x0000000084c00000, 0x0000000084c00000| Untracked 
|  37|0x0000000084d00000, 0x0000000084d00000, 0x0000000084e00000|  0%| F|  |TAMS 0x0000000084d00000, 0x0000000084d00000| Untracked 
|  38|0x0000000084e00000, 0x0000000084e00000, 0x0000000084f00000|  0%| F|  |TAMS 0x0000000084e00000, 0x0000000084e00000| Untracked 
|  39|0x0000000084f00000, 0x0000000084f00000, 0x0000000085000000|  0%| F|  |TAMS 0x0000000084f00000, 0x0000000084f00000| Untracked 
|  40|0x0000000085000000, 0x0000000085000000, 0x0000000085100000|  0%| F|  |TAMS 0x0000000085000000, 0x0000000085000000| Untracked 
|  41|0x0000000085100000, 0x0000000085100000, 0x0000000085200000|  0%| F|  |TAMS 0x0000000085100000, 0x0000000085100000| Untracked 
|  42|0x0000000085200000, 0x0000000085200000, 0x0000000085300000|  0%| F|  |TAMS 0x0000000085200000, 0x0000000085200000| Untracked 
|  43|0x0000000085300000, 0x0000000085300000, 0x0000000085400000|  0%| F|  |TAMS 0x0000000085300000, 0x0000000085300000| Untracked 
|  44|0x0000000085400000, 0x0000000085400000, 0x0000000085500000|  0%| F|  |TAMS 0x0000000085400000, 0x0000000085400000| Untracked 
|  45|0x0000000085500000, 0x0000000085500000, 0x0000000085600000|  0%| F|  |TAMS 0x0000000085500000, 0x0000000085500000| Untracked 
|  46|0x0000000085600000, 0x0000000085600000, 0x0000000085700000|  0%| F|  |TAMS 0x0000000085600000, 0x0000000085600000| Untracked 
|  47|0x0000000085700000, 0x0000000085700000, 0x0000000085800000|  0%| F|  |TAMS 0x0000000085700000, 0x0000000085700000| Untracked 
|  48|0x0000000085800000, 0x0000000085800000, 0x0000000085900000|  0%| F|  |TAMS 0x0000000085800000, 0x0000000085800000| Untracked 
|  49|0x0000000085900000, 0x0000000085900000, 0x0000000085a00000|  0%| F|  |TAMS 0x0000000085900000, 0x0000000085900000| Untracked 
|  50|0x0000000085a00000, 0x0000000085a00000, 0x0000000085b00000|  0%| F|  |TAMS 0x0000000085a00000, 0x0000000085a00000| Untracked 
|  51|0x0000000085b00000, 0x0000000085b00000, 0x0000000085c00000|  0%| F|  |TAMS 0x0000000085b00000, 0x0000000085b00000| Untracked 
|  52|0x0000000085c00000, 0x0000000085c00000, 0x0000000085d00000|  0%| F|  |TAMS 0x0000000085c00000, 0x0000000085c00000| Untracked 
|  53|0x0000000085d00000, 0x0000000085d00000, 0x0000000085e00000|  0%| F|  |TAMS 0x0000000085d00000, 0x0000000085d00000| Untracked 
|  54|0x0000000085e00000, 0x0000000085e00000, 0x0000000085f00000|  0%| F|  |TAMS 0x0000000085e00000, 0x0000000085e00000| Untracked 
|  55|0x0000000085f00000, 0x0000000085f00000, 0x0000000086000000|  0%| F|  |TAMS 0x0000000085f00000, 0x0000000085f00000| Untracked 
|  56|0x0000000086000000, 0x0000000086000000, 0x0000000086100000|  0%| F|  |TAMS 0x0000000086000000, 0x0000000086000000| Untracked 
|  57|0x0000000086100000, 0x0000000086100000, 0x0000000086200000|  0%| F|  |TAMS 0x0000000086100000, 0x0000000086100000| Untracked 
|  58|0x0000000086200000, 0x0000000086200000, 0x0000000086300000|  0%| F|  |TAMS 0x0000000086200000, 0x0000000086200000| Untracked 
|  59|0x0000000086300000, 0x0000000086300000, 0x0000000086400000|  0%| F|  |TAMS 0x0000000086300000, 0x0000000086300000| Untracked 
|  60|0x0000000086400000, 0x0000000086400000, 0x0000000086500000|  0%| F|  |TAMS 0x0000000086400000, 0x0000000086400000| Untracked 
|  61|0x0000000086500000, 0x0000000086500000, 0x0000000086600000|  0%| F|  |TAMS 0x0000000086500000, 0x0000000086500000| Untracked 
|  62|0x0000000086600000, 0x0000000086600000, 0x0000000086700000|  0%| F|  |TAMS 0x0000000086600000, 0x0000000086600000| Untracked 
|  63|0x0000000086700000, 0x0000000086700000, 0x0000000086800000|  0%| F|  |TAMS 0x0000000086700000, 0x0000000086700000| Untracked 
|  64|0x0000000086800000, 0x0000000086800000, 0x0000000086900000|  0%| F|  |TAMS 0x0000000086800000, 0x0000000086800000| Untracked 
|  65|0x0000000086900000, 0x0000000086900000, 0x0000000086a00000|  0%| F|  |TAMS 0x0000000086900000, 0x0000000086900000| Untracked 
|  66|0x0000000086a00000, 0x0000000086a00000, 0x0000000086b00000|  0%| F|  |TAMS 0x0000000086a00000, 0x0000000086a00000| Untracked 
|  67|0x0000000086b00000, 0x0000000086b00000, 0x0000000086c00000|  0%| F|  |TAMS 0x0000000086b00000, 0x0000000086b00000| Untracked 
|  68|0x0000000086c00000, 0x0000000086c00000, 0x0000000086d00000|  0%| F|  |TAMS 0x0000000086c00000, 0x0000000086c00000| Untracked 
|  69|0x0000000086d00000, 0x0000000086d00000, 0x0000000086e00000|  0%| F|  |TAMS 0x0000000086d00000, 0x0000000086d00000| Untracked 
|  70|0x0000000086e00000, 0x0000000086e00000, 0x0000000086f00000|  0%| F|  |TAMS 0x0000000086e00000, 0x0000000086e00000| Untracked 
|  71|0x0000000086f00000, 0x0000000086f00000, 0x0000000087000000|  0%| F|  |TAMS 0x0000000086f00000, 0x0000000086f00000| Untracked 
|  72|0x0000000087000000, 0x0000000087000000, 0x0000000087100000|  0%| F|  |TAMS 0x0000000087000000, 0x0000000087000000| Untracked 
|  73|0x0000000087100000, 0x0000000087100000, 0x0000000087200000|  0%| F|  |TAMS 0x0000000087100000, 0x0000000087100000| Untracked 
|  74|0x0000000087200000, 0x0000000087200000, 0x0000000087300000|  0%| F|  |TAMS 0x0000000087200000, 0x0000000087200000| Untracked 
|  75|0x0000000087300000, 0x0000000087300000, 0x0000000087400000|  0%| F|  |TAMS 0x0000000087300000, 0x0000000087300000| Untracked 
|  76|0x0000000087400000, 0x0000000087404a30, 0x0000000087500000|  1%| E|  |TAMS 0x0000000087400000, 0x0000000087400000| Complete 

Card table byte_map: [0x000001cde2ff0000,0x000001cde33e0000] _byte_map_base: 0x000001cde2bdc000

Marking Bits (Prev, Next): (CMBitMap*) 0x000001cddaf13810, (CMBitMap*) 0x000001cddaf13850
 Prev Bits: [0x000001cde37d0000, 0x000001cde5730000)
 Next Bits: [0x000001cde5730000, 0x000001cde7690000)

Polling page: 0x000001cddf2f0000

Metaspace:

Usage:
  Non-class:     35.16 MB used.
      Class:      5.71 MB used.
       Both:     40.87 MB used.

Virtual space:
  Non-class space:       40.00 MB reserved,      35.44 MB ( 89%) committed,  5 nodes.
      Class space:        1.00 GB reserved,       5.88 MB ( <1%) committed,  1 nodes.
             Both:        1.04 GB reserved,      41.31 MB (  4%) committed. 

Chunk freelists:
   Non-Class:  3.90 MB
       Class:  2.21 MB
        Both:  6.11 MB

MaxMetaspaceSize: unlimited
CompressedClassSpaceSize: 1.00 GB
Initial GC threshold: 21.00 MB
Current GC threshold: 68.88 MB
CDS: off
MetaspaceReclaimPolicy: balanced
 - commit_granule_bytes: 65536.
 - commit_granule_words: 8192.
 - virtual_space_node_default_size: 1048576.
 - enlarge_chunks_in_place: 1.
 - new_chunks_are_fully_committed: 0.
 - uncommit_free_chunks: 1.
 - use_allocation_guard: 0.
 - handle_deallocations: 1.


Internal statistics:

num_allocs_failed_limit: 5.
num_arena_births: 386.
num_arena_deaths: 102.
num_vsnodes_births: 6.
num_vsnodes_deaths: 0.
num_space_committed: 661.
num_space_uncommitted: 0.
num_chunks_returned_to_freelist: 118.
num_chunks_taken_from_freelist: 1648.
num_chunk_merges: 42.
num_chunk_splits: 1160.
num_chunks_enlarged: 908.
num_purges: 8.
num_inconsistent_stats: 0.

CodeCache: size=49152Kb used=10440Kb max_used=10778Kb free=38711Kb
 bounds [0x000001cddf310000, 0x000001cddfda0000, 0x000001cde2310000]
 total_blobs=6127 nmethods=5575 adapters=479
 compilation: enabled
              stopped_count=0, restarted_count=0
 full_count=0

Compilation events (20 events):
Event: 2725.030 Thread 0x000001cdea1b1970 5566       1       java.lang.invoke.LambdaForm$DMH/0x00000001005d6000::newInvokeSpecial (23 bytes)
Event: 2725.030 Thread 0x000001cdea1b1970 nmethod 5566 0x000001cddfa8fa10 code [0x000001cddfa8fbc0, 0x000001cddfa8fd48]
Event: 2725.194 Thread 0x000001cdea1b1970 5567   !   1       java.io.FilterOutputStream::close (183 bytes)
Event: 2725.222 Thread 0x000001cdea1b1970 nmethod 5567 0x000001cddfa8e890 code [0x000001cddfa8eaa0, 0x000001cddfa8ef78]
Event: 2725.222 Thread 0x000001cdea1b1970 5572       1       java.lang.ProcessImpl$$Lambda$532/0x000000010027db88::run (8 bytes)
Event: 2725.222 Thread 0x000001cdea1b1970 nmethod 5572 0x000001cddfa8e590 code [0x000001cddfa8e720, 0x000001cddfa8e808]
Event: 2725.222 Thread 0x000001cdea1b1970 5573       1       java.lang.ProcessImpl::lambda$new$0 (6 bytes)
Event: 2725.222 Thread 0x000001cdea1b1970 nmethod 5573 0x000001cddfa8e290 code [0x000001cddfa8e420, 0x000001cddfa8e4e8]
Event: 2725.222 Thread 0x000001cdea1b1970 5568   !   1       java.io.FileOutputStream::close (69 bytes)
Event: 2725.223 Thread 0x000001cdea1b1970 nmethod 5568 0x000001cddfa8dc10 code [0x000001cddfa8dde0, 0x000001cddfa8e158]
Event: 2725.223 Thread 0x000001cdea1b1970 5569       1       java.io.FileOutputStream$1::<init> (10 bytes)
Event: 2725.223 Thread 0x000001cdea1b1970 nmethod 5569 0x000001cddfa8d910 code [0x000001cddfa8daa0, 0x000001cddfa8dbb8]
Event: 2725.223 Thread 0x000001cdea1b1970 5570       1       java.io.FileOutputStream$1::close (11 bytes)
Event: 2725.224 Thread 0x000001cdea1b1970 nmethod 5570 0x000001cddfa8d290 code [0x000001cddfa8d440, 0x000001cddfa8d758]
Event: 4034.263 Thread 0x000001cdea1b1970 5576       1       java.lang.ProcessImpl$2::run (242 bytes)
Event: 4034.265 Thread 0x000001cdea1b1970 nmethod 5576 0x000001cddfa8b410 code [0x000001cddfa8b6c0, 0x000001cddfa8c458]
Event: 4034.265 Thread 0x000001cdea1b1970 5577       1       java.io.BufferedOutputStream::<init> (9 bytes)
Event: 4034.265 Thread 0x000001cdea1b1970 nmethod 5577 0x000001cddfa8ae90 code [0x000001cddfa8b020, 0x000001cddfa8b2f8]
Event: 4034.265 Thread 0x000001cdea1b1970 5578       1       java.lang.ProcessImpl::waitFor (136 bytes)
Event: 4034.265 Thread 0x000001cdea1b1970 nmethod 5578 0x000001cddfa8a610 code [0x000001cddfa8a820, 0x000001cddfa8ac18]

GC Heap History (20 events):
Event: 64161.697 GC heap before
{Heap before GC invocations=6305 (full 6261):
 garbage-first heap   total 78848K, used 23294K [0x0000000082800000, 0x0000000100000000)
  region size 1024K, 1 young (1024K), 0 survivors (0K)
 Metaspace       used 41849K, committed 42304K, reserved 1089536K
  class space    used 5847K, committed 6016K, reserved 1048576K
}
Event: 64161.722 GC heap after
{Heap after GC invocations=6306 (full 6262):
 garbage-first heap   total 78848K, used 23294K [0x0000000082800000, 0x0000000100000000)
  region size 1024K, 0 young (0K), 0 survivors (0K)
 Metaspace       used 41849K, committed 42304K, reserved 1089536K
  class space    used 5847K, committed 6016K, reserved 1048576K
}
Event: 64171.913 GC heap before
{Heap before GC invocations=6306 (full 6262):
 garbage-first heap   total 78848K, used 23294K [0x0000000082800000, 0x0000000100000000)
  region size 1024K, 1 young (1024K), 0 survivors (0K)
 Metaspace       used 41849K, committed 42304K, reserved 1089536K
  class space    used 5847K, committed 6016K, reserved 1048576K
}
Event: 64171.942 GC heap after
{Heap after GC invocations=6307 (full 6263):
 garbage-first heap   total 78848K, used 23294K [0x0000000082800000, 0x0000000100000000)
  region size 1024K, 0 young (0K), 0 survivors (0K)
 Metaspace       used 41849K, committed 42304K, reserved 1089536K
  class space    used 5847K, committed 6016K, reserved 1048576K
}
Event: 64182.129 GC heap before
{Heap before GC invocations=6307 (full 6263):
 garbage-first heap   total 78848K, used 23294K [0x0000000082800000, 0x0000000100000000)
  region size 1024K, 1 young (1024K), 0 survivors (0K)
 Metaspace       used 41849K, committed 42304K, reserved 1089536K
  class space    used 5847K, committed 6016K, reserved 1048576K
}
Event: 64182.160 GC heap after
{Heap after GC invocations=6308 (full 6264):
 garbage-first heap   total 78848K, used 23294K [0x0000000082800000, 0x0000000100000000)
  region size 1024K, 0 young (0K), 0 survivors (0K)
 Metaspace       used 41849K, committed 42304K, reserved 1089536K
  class space    used 5847K, committed 6016K, reserved 1048576K
}
Event: 64192.359 GC heap before
{Heap before GC invocations=6308 (full 6264):
 garbage-first heap   total 78848K, used 23294K [0x0000000082800000, 0x0000000100000000)
  region size 1024K, 1 young (1024K), 0 survivors (0K)
 Metaspace       used 41849K, committed 42304K, reserved 1089536K
  class space    used 5847K, committed 6016K, reserved 1048576K
}
Event: 64192.384 GC heap after
{Heap after GC invocations=6309 (full 6265):
 garbage-first heap   total 78848K, used 23294K [0x0000000082800000, 0x0000000100000000)
  region size 1024K, 0 young (0K), 0 survivors (0K)
 Metaspace       used 41849K, committed 42304K, reserved 1089536K
  class space    used 5847K, committed 6016K, reserved 1048576K
}
Event: 64202.613 GC heap before
{Heap before GC invocations=6309 (full 6265):
 garbage-first heap   total 78848K, used 23294K [0x0000000082800000, 0x0000000100000000)
  region size 1024K, 1 young (1024K), 0 survivors (0K)
 Metaspace       used 41849K, committed 42304K, reserved 1089536K
  class space    used 5847K, committed 6016K, reserved 1048576K
}
Event: 64202.647 GC heap after
{Heap after GC invocations=6310 (full 6266):
 garbage-first heap   total 78848K, used 23294K [0x0000000082800000, 0x0000000100000000)
  region size 1024K, 0 young (0K), 0 survivors (0K)
 Metaspace       used 41849K, committed 42304K, reserved 1089536K
  class space    used 5847K, committed 6016K, reserved 1048576K
}
Event: 64212.847 GC heap before
{Heap before GC invocations=6310 (full 6266):
 garbage-first heap   total 78848K, used 23294K [0x0000000082800000, 0x0000000100000000)
  region size 1024K, 1 young (1024K), 0 survivors (0K)
 Metaspace       used 41849K, committed 42304K, reserved 1089536K
  class space    used 5847K, committed 6016K, reserved 1048576K
}
Event: 64212.879 GC heap after
{Heap after GC invocations=6311 (full 6267):
 garbage-first heap   total 78848K, used 23294K [0x0000000082800000, 0x0000000100000000)
  region size 1024K, 0 young (0K), 0 survivors (0K)
 Metaspace       used 41849K, committed 42304K, reserved 1089536K
  class space    used 5847K, committed 6016K, reserved 1048576K
}
Event: 64223.084 GC heap before
{Heap before GC invocations=6311 (full 6267):
 garbage-first heap   total 78848K, used 23294K [0x0000000082800000, 0x0000000100000000)
  region size 1024K, 1 young (1024K), 0 survivors (0K)
 Metaspace       used 41849K, committed 42304K, reserved 1089536K
  class space    used 5847K, committed 6016K, reserved 1048576K
}
Event: 64223.112 GC heap after
{Heap after GC invocations=6312 (full 6268):
 garbage-first heap   total 78848K, used 23294K [0x0000000082800000, 0x0000000100000000)
  region size 1024K, 0 young (0K), 0 survivors (0K)
 Metaspace       used 41849K, committed 42304K, reserved 1089536K
  class space    used 5847K, committed 6016K, reserved 1048576K
}
Event: 64233.310 GC heap before
{Heap before GC invocations=6312 (full 6268):
 garbage-first heap   total 78848K, used 23294K [0x0000000082800000, 0x0000000100000000)
  region size 1024K, 1 young (1024K), 0 survivors (0K)
 Metaspace       used 41849K, committed 42304K, reserved 1089536K
  class space    used 5847K, committed 6016K, reserved 1048576K
}
Event: 64233.340 GC heap after
{Heap after GC invocations=6313 (full 6269):
 garbage-first heap   total 78848K, used 23294K [0x0000000082800000, 0x0000000100000000)
  region size 1024K, 0 young (0K), 0 survivors (0K)
 Metaspace       used 41849K, committed 42304K, reserved 1089536K
  class space    used 5847K, committed 6016K, reserved 1048576K
}
Event: 64243.530 GC heap before
{Heap before GC invocations=6313 (full 6269):
 garbage-first heap   total 78848K, used 23294K [0x0000000082800000, 0x0000000100000000)
  region size 1024K, 1 young (1024K), 0 survivors (0K)
 Metaspace       used 41849K, committed 42304K, reserved 1089536K
  class space    used 5847K, committed 6016K, reserved 1048576K
}
Event: 64243.557 GC heap after
{Heap after GC invocations=6314 (full 6270):
 garbage-first heap   total 78848K, used 23294K [0x0000000082800000, 0x0000000100000000)
  region size 1024K, 0 young (0K), 0 survivors (0K)
 Metaspace       used 41849K, committed 42304K, reserved 1089536K
  class space    used 5847K, committed 6016K, reserved 1048576K
}
Event: 64253.747 GC heap before
{Heap before GC invocations=6314 (full 6270):
 garbage-first heap   total 78848K, used 23294K [0x0000000082800000, 0x0000000100000000)
  region size 1024K, 1 young (1024K), 0 survivors (0K)
 Metaspace       used 41849K, committed 42304K, reserved 1089536K
  class space    used 5847K, committed 6016K, reserved 1048576K
}
Event: 64253.777 GC heap after
{Heap after GC invocations=6315 (full 6271):
 garbage-first heap   total 78848K, used 23294K [0x0000000082800000, 0x0000000100000000)
  region size 1024K, 0 young (0K), 0 survivors (0K)
 Metaspace       used 41849K, committed 42304K, reserved 1089536K
  class space    used 5847K, committed 6016K, reserved 1048576K
}

Deoptimization events (20 events):
Event: 33.076 Thread 0x000001cdecac33b0 DEOPT PACKING pc=0x000001cddf8231ab sp=0x00000074ee6fe320
Event: 33.076 Thread 0x000001cdecac33b0 DEOPT UNPACKING pc=0x000001cddf362b43 sp=0x00000074ee6fd868 mode 3
Event: 33.445 Thread 0x000001cdeb1d3bf0 DEOPT PACKING pc=0x000001cddf690a01 sp=0x00000074eefff1e0
Event: 33.445 Thread 0x000001cdeb1d3bf0 DEOPT UNPACKING pc=0x000001cddf362b43 sp=0x00000074eeffe670 mode 3
Event: 33.544 Thread 0x000001cdeb1d1420 DEOPT PACKING pc=0x000001cddf6e3e17 sp=0x00000074eebff270
Event: 33.544 Thread 0x000001cdeb1d1420 DEOPT UNPACKING pc=0x000001cddf362b43 sp=0x00000074eebfe6c8 mode 3
Event: 34.893 Thread 0x000001cdeb1d6270 DEOPT PACKING pc=0x000001cddf9910b5 sp=0x00000074efbfd720
Event: 34.893 Thread 0x000001cdeb1d6270 DEOPT UNPACKING pc=0x000001cddf362b43 sp=0x00000074efbfcc48 mode 3
Event: 61.641 Thread 0x000001cdecac33b0 DEOPT PACKING pc=0x000001cddf673852 sp=0x00000074ee6fd3b0
Event: 61.642 Thread 0x000001cdecac33b0 DEOPT UNPACKING pc=0x000001cddf362b43 sp=0x00000074ee6fc8b8 mode 3
Event: 62.809 Thread 0x000001cdecac33b0 DEOPT PACKING pc=0x000001cddf663cc5 sp=0x00000074ee6fcae0
Event: 62.809 Thread 0x000001cdecac33b0 DEOPT UNPACKING pc=0x000001cddf362b43 sp=0x00000074ee6fc028 mode 3
Event: 62.926 Thread 0x000001cdecac33b0 DEOPT PACKING pc=0x000001cddfd57474 sp=0x00000074ee6fdc20
Event: 62.926 Thread 0x000001cdecac33b0 DEOPT UNPACKING pc=0x000001cddf362b43 sp=0x00000074ee6fd118 mode 0
Event: 62.926 Thread 0x000001cdecac33b0 DEOPT PACKING pc=0x000001cddfd6caf4 sp=0x00000074ee6fdcf0
Event: 62.926 Thread 0x000001cdecac33b0 DEOPT UNPACKING pc=0x000001cddf362b43 sp=0x00000074ee6fd1c8 mode 0
Event: 62.926 Thread 0x000001cdecac33b0 DEOPT PACKING pc=0x000001cddfd08da4 sp=0x00000074ee6fdda0
Event: 62.926 Thread 0x000001cdecac33b0 DEOPT UNPACKING pc=0x000001cddf362b43 sp=0x00000074ee6fd320 mode 0
Event: 62.927 Thread 0x000001cdecac33b0 DEOPT PACKING pc=0x000001cddfd3b72c sp=0x00000074ee6fe0a0
Event: 62.927 Thread 0x000001cdecac33b0 DEOPT UNPACKING pc=0x000001cddf362b43 sp=0x00000074ee6fd530 mode 0

Classes unloaded (20 events):
Event: 135.768 Thread 0x000001cdea1393d0 Unloading class 0x00000001005d6400 'java/lang/invoke/LambdaForm$DMH+0x00000001005d6400'
Event: 135.768 Thread 0x000001cdea1393d0 Unloading class 0x00000001005d5400 'java/lang/invoke/LambdaForm$MH+0x00000001005d5400'
Event: 135.768 Thread 0x000001cdea1393d0 Unloading class 0x00000001005d5000 'java/lang/invoke/LambdaForm$MH+0x00000001005d5000'
Event: 135.768 Thread 0x000001cdea1393d0 Unloading class 0x00000001005d4c00 'java/lang/invoke/LambdaForm$MH+0x00000001005d4c00'
Event: 135.768 Thread 0x000001cdea1393d0 Unloading class 0x00000001005d4800 'java/lang/invoke/LambdaForm$MH+0x00000001005d4800'
Event: 135.768 Thread 0x000001cdea1393d0 Unloading class 0x00000001005d4400 'java/lang/invoke/LambdaForm$MH+0x00000001005d4400'
Event: 135.768 Thread 0x000001cdea1393d0 Unloading class 0x00000001005d4000 'java/lang/invoke/LambdaForm$MH+0x00000001005d4000'
Event: 135.768 Thread 0x000001cdea1393d0 Unloading class 0x00000001005ca800 'jdk/internal/reflect/GeneratedConstructorAccessor26'
Event: 135.768 Thread 0x000001cdea1393d0 Unloading class 0x00000001005ca400 'jdk/internal/reflect/GeneratedConstructorAccessor25'
Event: 135.768 Thread 0x000001cdea1393d0 Unloading class 0x00000001005ca000 'jdk/internal/reflect/GeneratedConstructorAccessor24'
Event: 135.768 Thread 0x000001cdea1393d0 Unloading class 0x00000001005c9c00 'jdk/internal/reflect/GeneratedConstructorAccessor23'
Event: 135.768 Thread 0x000001cdea1393d0 Unloading class 0x00000001005c9800 'jdk/internal/reflect/GeneratedConstructorAccessor22'
Event: 135.768 Thread 0x000001cdea1393d0 Unloading class 0x00000001005c9400 'jdk/internal/reflect/GeneratedConstructorAccessor21'
Event: 135.768 Thread 0x000001cdea1393d0 Unloading class 0x00000001005c9000 'jdk/internal/reflect/GeneratedConstructorAccessor20'
Event: 135.768 Thread 0x000001cdea1393d0 Unloading class 0x00000001005c8c00 'jdk/internal/reflect/GeneratedConstructorAccessor19'
Event: 135.768 Thread 0x000001cdea1393d0 Unloading class 0x00000001005c8800 'jdk/internal/reflect/GeneratedConstructorAccessor18'
Event: 135.768 Thread 0x000001cdea1393d0 Unloading class 0x00000001005c8400 'jdk/internal/reflect/GeneratedConstructorAccessor17'
Event: 135.768 Thread 0x000001cdea1393d0 Unloading class 0x0000000100594000 'jdk/internal/reflect/GeneratedMethodAccessor28'
Event: 135.768 Thread 0x000001cdea1393d0 Unloading class 0x000000010033d400 'java/lang/invoke/LambdaForm$MH+0x000000010033d400'
Event: 135.768 Thread 0x000001cdea1393d0 Unloading class 0x00000001000c8000 'java/lang/invoke/LambdaForm$MH+0x00000001000c8000'

Classes redefined (0 events):
No events

Internal exceptions (20 events):
Event: 60.576 Thread 0x000001cdee8e6bb0 Exception <a 'sun/nio/fs/WindowsException'{0x00000000976b9a90}> (0x00000000976b9a90) 
thrown [e:\jenkins\tmp\workspace\build\src\src\hotspot\share\prims\jni.cpp, line 516]
Event: 60.576 Thread 0x000001cdee8e6bb0 Exception <a 'sun/nio/fs/WindowsException'{0x00000000976ba488}> (0x00000000976ba488) 
thrown [e:\jenkins\tmp\workspace\build\src\src\hotspot\share\prims\jni.cpp, line 516]
Event: 60.576 Thread 0x000001cdee8e6bb0 Exception <a 'sun/nio/fs/WindowsException'{0x00000000976ba840}> (0x00000000976ba840) 
thrown [e:\jenkins\tmp\workspace\build\src\src\hotspot\share\prims\jni.cpp, line 516]
Event: 60.576 Thread 0x000001cdee8e6bb0 Exception <a 'sun/nio/fs/WindowsException'{0x00000000976bb228}> (0x00000000976bb228) 
thrown [e:\jenkins\tmp\workspace\build\src\src\hotspot\share\prims\jni.cpp, line 516]
Event: 60.576 Thread 0x000001cdee8e6bb0 Exception <a 'sun/nio/fs/WindowsException'{0x00000000976bb5d0}> (0x00000000976bb5d0) 
thrown [e:\jenkins\tmp\workspace\build\src\src\hotspot\share\prims\jni.cpp, line 516]
Event: 60.576 Thread 0x000001cdee8e6bb0 Exception <a 'sun/nio/fs/WindowsException'{0x00000000976bbfc8}> (0x00000000976bbfc8) 
thrown [e:\jenkins\tmp\workspace\build\src\src\hotspot\share\prims\jni.cpp, line 516]
Event: 60.576 Thread 0x000001cdee8e6bb0 Exception <a 'sun/nio/fs/WindowsException'{0x00000000976bc380}> (0x00000000976bc380) 
thrown [e:\jenkins\tmp\workspace\build\src\src\hotspot\share\prims\jni.cpp, line 516]
Event: 60.576 Thread 0x000001cdee8e6bb0 Exception <a 'sun/nio/fs/WindowsException'{0x00000000976bcd90}> (0x00000000976bcd90) 
thrown [e:\jenkins\tmp\workspace\build\src\src\hotspot\share\prims\jni.cpp, line 516]
Event: 60.576 Thread 0x000001cdee8e6bb0 Exception <a 'sun/nio/fs/WindowsException'{0x00000000976bd168}> (0x00000000976bd168) 
thrown [e:\jenkins\tmp\workspace\build\src\src\hotspot\share\prims\jni.cpp, line 516]
Event: 60.577 Thread 0x000001cdee8e6bb0 Exception <a 'sun/nio/fs/WindowsException'{0x00000000976bdb90}> (0x00000000976bdb90) 
thrown [e:\jenkins\tmp\workspace\build\src\src\hotspot\share\prims\jni.cpp, line 516]
Event: 60.577 Thread 0x000001cdee8e6bb0 Exception <a 'sun/nio/fs/WindowsException'{0x00000000976bdf80}> (0x00000000976bdf80) 
thrown [e:\jenkins\tmp\workspace\build\src\src\hotspot\share\prims\jni.cpp, line 516]
Event: 60.577 Thread 0x000001cdee8e6bb0 Exception <a 'sun/nio/fs/WindowsException'{0x00000000976be9a0}> (0x00000000976be9a0) 
thrown [e:\jenkins\tmp\workspace\build\src\src\hotspot\share\prims\jni.cpp, line 516]
Event: 60.577 Thread 0x000001cdee8e6bb0 Exception <a 'sun/nio/fs/WindowsException'{0x00000000976bed88}> (0x00000000976bed88) 
thrown [e:\jenkins\tmp\workspace\build\src\src\hotspot\share\prims\jni.cpp, line 516]
Event: 61.196 Thread 0x000001cdecac33b0 Exception <a 'java/lang/NoSuchMethodError'{0x00000000976307a0}: 'void java.lang.invoke.DirectMethodHandle$Holder.invokeStatic(java.lang.Object, java.lang.Object, java.lang.Object, java.lang.Object, java.lang.Object, java.lang.Object)'> (0x00000000976307a0) 
thrown [e:\jenkins\tmp\workspace\build\src\src\hotspot\share\interpreter\linkResolver.cpp, line 766]
Event: 104.062 Thread 0x000001cdeb1d70e0 Exception <a 'java/lang/NoSuchMethodError'{0x0000000099289318}: 'void java.lang.invoke.DirectMethodHandle$Holder.invokeStatic(java.lang.Object, long)'> (0x0000000099289318) 
thrown [e:\jenkins\tmp\workspace\build\src\src\hotspot\share\interpreter\linkResolver.cpp, line 766]
Event: 104.064 Thread 0x000001cdeb1d70e0 Exception <a 'java/lang/NoSuchMethodError'{0x000000009928e6d8}: 'java.lang.Object java.lang.invoke.DirectMethodHandle$Holder.newInvokeSpecial(java.lang.Object, long)'> (0x000000009928e6d8) 
thrown [e:\jenkins\tmp\workspace\build\src\src\hotspot\share\interpreter\linkResolver.cpp, line 766]
Event: 104.067 Thread 0x000001cdeb1d70e0 Exception <a 'java/lang/NoSuchMethodError'{0x00000000992951e0}: 'java.lang.Object java.lang.invoke.DirectMethodHandle$Holder.invokeStatic(java.lang.Object, java.lang.Object, long, java.lang.Object)'> (0x00000000992951e0) 
thrown [e:\jenkins\tmp\workspace\build\src\src\hotspot\share\interpreter\linkResolver.cpp, line 766]
Event: 104.068 Thread 0x000001cdeb1d70e0 Exception <a 'java/lang/NoSuchMethodError'{0x00000000992989b8}: 'java.lang.Object java.lang.invoke.DirectMethodHandle$Holder.invokeStaticInit(java.lang.Object, java.lang.Object, long, java.lang.Object)'> (0x00000000992989b8) 
thrown [e:\jenkins\tmp\workspace\build\src\src\hotspot\share\interpreter\linkResolver.cpp, line 766]
Event: 104.068 Thread 0x000001cdeb1d70e0 Exception <a 'java/lang/NoSuchMethodError'{0x000000009929ed18}: 'java.lang.Object java.lang.invoke.DirectMethodHandle$Holder.newInvokeSpecial(java.lang.Object, java.lang.Object, long)'> (0x000000009929ed18) 
thrown [e:\jenkins\tmp\workspace\build\src\src\hotspot\share\interpreter\linkResolver.cpp, line 766]
Event: 104.069 Thread 0x000001cdeb1d70e0 Exception <a 'java/lang/NoSuchMethodError'{0x00000000992a29c8}: 'java.lang.Object java.lang.invoke.Invokers$Holder.linkToTargetMethod(java.lang.Object, long, java.lang.Object)'> (0x00000000992a29c8) 
thrown [e:\jenkins\tmp\workspace\build\src\src\hotspot\share\interpreter\linkResolver.cpp, line 766]

VM Operations (20 events):
Event: 64161.722 Executing VM operation: G1CollectFull done
Event: 64171.913 Executing VM operation: G1CollectFull
Event: 64171.942 Executing VM operation: G1CollectFull done
Event: 64182.129 Executing VM operation: G1CollectFull
Event: 64182.160 Executing VM operation: G1CollectFull done
Event: 64192.359 Executing VM operation: G1CollectFull
Event: 64192.385 Executing VM operation: G1CollectFull done
Event: 64202.613 Executing VM operation: G1CollectFull
Event: 64202.647 Executing VM operation: G1CollectFull done
Event: 64212.846 Executing VM operation: G1CollectFull
Event: 64212.879 Executing VM operation: G1CollectFull done
Event: 64223.083 Executing VM operation: G1CollectFull
Event: 64223.112 Executing VM operation: G1CollectFull done
Event: 64233.310 Executing VM operation: G1CollectFull
Event: 64233.340 Executing VM operation: G1CollectFull done
Event: 64243.529 Executing VM operation: G1CollectFull
Event: 64243.557 Executing VM operation: G1CollectFull done
Event: 64253.747 Executing VM operation: G1CollectFull
Event: 64253.777 Executing VM operation: G1CollectFull done
Event: 64263.845 Executing VM operation: G1CollectFull

Events (20 events):
Event: 104.014 loading class java/lang/ProcessBuilder done
Event: 104.014 loading class java/lang/ProcessImpl
Event: 104.027 loading class java/lang/Process
Event: 104.032 loading class java/lang/Process done
Event: 104.032 loading class java/lang/ProcessImpl done
Event: 104.065 loading class java/lang/ProcessHandleImpl
Event: 104.066 loading class java/lang/ProcessHandle
Event: 104.066 loading class java/lang/ProcessHandle done
Event: 104.066 loading class java/lang/ProcessHandleImpl done
Event: 104.071 loading class java/lang/ProcessImpl$2
Event: 104.071 loading class java/lang/ProcessImpl$2 done
Event: 104.071 loading class java/lang/Process$PipeInputStream
Event: 104.071 loading class java/lang/Process$PipeInputStream done
Event: 104.084 loading class jdk/internal/event/ProcessStartEvent
Event: 104.084 loading class jdk/internal/event/ProcessStartEvent done
Event: 104.421 loading class java/io/FileOutputStream$1
Event: 104.422 loading class java/io/FileOutputStream$1 done
Event: 132.864 Thread 0x000001cdecac33b0 Thread exited: 0x000001cdecac33b0
Event: 132.879 Thread 0x000001cdee8eaf10 Thread exited: 0x000001cdee8eaf10
Event: 133.534 Thread 0x000001cdee8edf30 Thread exited: 0x000001cdee8edf30


Dynamic libraries:
0x00007ff79acc0000 - 0x00007ff79acce000 	c:\Users\ddai\.vscode\extensions\redhat.java-1.9.0-win32-x64\jre\17.0.3-win32-x86_64\bin\java.exe
0x00007ffad0350000 - 0x00007ffad0548000 	C:\WINDOWS\SYSTEM32\ntdll.dll
0x00007ffacf4a0000 - 0x00007ffacf55d000 	C:\WINDOWS\System32\KERNEL32.DLL
0x00007ffacdb60000 - 0x00007ffacde2e000 	C:\WINDOWS\System32\KERNELBASE.dll
0x00007fface060000 - 0x00007fface160000 	C:\WINDOWS\System32\ucrtbase.dll
0x00007ffab07e0000 - 0x00007ffab07f8000 	c:\Users\ddai\.vscode\extensions\redhat.java-1.9.0-win32-x64\jre\17.0.3-win32-x86_64\bin\jli.dll
0x00007ffab06f0000 - 0x00007ffab0709000 	c:\Users\ddai\.vscode\extensions\redhat.java-1.9.0-win32-x64\jre\17.0.3-win32-x86_64\bin\VCRUNTIME140.dll
0x00007ffaceec0000 - 0x00007ffacf060000 	C:\WINDOWS\System32\USER32.dll
0x00007ffab2fb0000 - 0x00007ffab324a000 	C:\WINDOWS\WinSxS\amd64_microsoft.windows.common-controls_6595b64144ccf1df_6.0.19041.1110_none_60b5254171f9507e\COMCTL32.dll
0x00007ffacda70000 - 0x00007ffacda92000 	C:\WINDOWS\System32\win32u.dll
0x00007ffacf1b0000 - 0x00007ffacf1da000 	C:\WINDOWS\System32\GDI32.dll
0x00007ffacdea0000 - 0x00007ffacdfab000 	C:\WINDOWS\System32\gdi32full.dll
0x00007fface310000 - 0x00007fface3ad000 	C:\WINDOWS\System32\msvcp_win.dll
0x00007ffacec00000 - 0x00007ffacec9e000 	C:\WINDOWS\System32\msvcrt.dll
0x00007ffacf300000 - 0x00007ffacf330000 	C:\WINDOWS\System32\IMM32.DLL
0x00007ffac6fa0000 - 0x00007ffac6fac000 	c:\Users\ddai\.vscode\extensions\redhat.java-1.9.0-win32-x64\jre\17.0.3-win32-x86_64\bin\vcruntime140_1.dll
0x00007ffa85df0000 - 0x00007ffa85e81000 	c:\Users\ddai\.vscode\extensions\redhat.java-1.9.0-win32-x64\jre\17.0.3-win32-x86_64\bin\msvcp140.dll
0x00007ffa4c130000 - 0x00007ffa4cd78000 	c:\Users\ddai\.vscode\extensions\redhat.java-1.9.0-win32-x64\jre\17.0.3-win32-x86_64\bin\server\jvm.dll
0x00007ffaceda0000 - 0x00007ffacee4e000 	C:\WINDOWS\System32\ADVAPI32.dll
0x00007ffaceca0000 - 0x00007ffaced3c000 	C:\WINDOWS\System32\sechost.dll
0x00007ffacfc50000 - 0x00007ffacfd75000 	C:\WINDOWS\System32\RPCRT4.dll
0x00007ffacee50000 - 0x00007ffacee58000 	C:\WINDOWS\System32\PSAPI.DLL
0x00007ffaadd00000 - 0x00007ffaadd09000 	C:\WINDOWS\SYSTEM32\WSOCK32.dll
0x00007ffabb0b0000 - 0x00007ffabb0d7000 	C:\WINDOWS\SYSTEM32\WINMM.dll
0x00007ffac14c0000 - 0x00007ffac14ca000 	C:\WINDOWS\SYSTEM32\VERSION.dll
0x00007ffacf140000 - 0x00007ffacf1ab000 	C:\WINDOWS\System32\WS2_32.dll
0x00007ffacc1b0000 - 0x00007ffacc1c2000 	C:\WINDOWS\SYSTEM32\kernel.appcore.dll
0x00007ffab0820000 - 0x00007ffab082a000 	c:\Users\ddai\.vscode\extensions\redhat.java-1.9.0-win32-x64\jre\17.0.3-win32-x86_64\bin\jimage.dll
0x00007ffacb730000 - 0x00007ffacb914000 	C:\WINDOWS\SYSTEM32\DBGHELP.DLL
0x00007ffab40f0000 - 0x00007ffab411c000 	C:\WINDOWS\SYSTEM32\dbgcore.DLL
0x00007ffacdaa0000 - 0x00007ffacdb22000 	C:\WINDOWS\System32\bcryptPrimitives.dll
0x00007ffaa2000000 - 0x00007ffaa2025000 	c:\Users\ddai\.vscode\extensions\redhat.java-1.9.0-win32-x64\jre\17.0.3-win32-x86_64\bin\java.dll
0x00007ffaa4990000 - 0x00007ffaa49a8000 	c:\Users\ddai\.vscode\extensions\redhat.java-1.9.0-win32-x64\jre\17.0.3-win32-x86_64\bin\zip.dll
0x00007fface3b0000 - 0x00007ffaceaf4000 	C:\WINDOWS\System32\SHELL32.dll
0x00007ffacba00000 - 0x00007ffacc194000 	C:\WINDOWS\SYSTEM32\windows.storage.dll
0x00007ffacfd80000 - 0x00007ffad00d4000 	C:\WINDOWS\System32\combase.dll
0x00007ffacd3f0000 - 0x00007ffacd420000 	C:\WINDOWS\SYSTEM32\Wldp.dll
0x00007ffacf330000 - 0x00007ffacf3dd000 	C:\WINDOWS\System32\SHCORE.dll
0x00007ffaceb90000 - 0x00007ffacebe5000 	C:\WINDOWS\System32\shlwapi.dll
0x00007ffacd9b0000 - 0x00007ffacd9cf000 	C:\WINDOWS\SYSTEM32\profapi.dll
0x00007ffaa47e0000 - 0x00007ffaa47f9000 	C:\Users\ddai\.vscode\extensions\redhat.java-1.9.0-win32-x64\jre\17.0.3-win32-x86_64\bin\net.dll
0x00007ffacca80000 - 0x00007ffaccb8a000 	C:\WINDOWS\SYSTEM32\WINHTTP.dll
0x00007ffacd1d0000 - 0x00007ffacd23a000 	C:\WINDOWS\system32\mswsock.dll
0x00007ffaa1fe0000 - 0x00007ffaa1ff5000 	C:\Users\ddai\.vscode\extensions\redhat.java-1.9.0-win32-x64\jre\17.0.3-win32-x86_64\bin\nio.dll
0x00007ffab01f0000 - 0x00007ffab0200000 	c:\Users\ddai\.vscode\extensions\redhat.java-1.9.0-win32-x64\jre\17.0.3-win32-x86_64\bin\verify.dll
0x00007ffac99e0000 - 0x00007ffac99e9000 	C:\Users\ddai\.vscode\extensions\redhat.java-1.9.0-win32-x64\jre\17.0.3-win32-x86_64\bin\management.dll
0x00007ffac6fc0000 - 0x00007ffac6fcb000 	C:\Users\ddai\.vscode\extensions\redhat.java-1.9.0-win32-x64\jre\17.0.3-win32-x86_64\bin\management_ext.dll
0x00007ffa9df10000 - 0x00007ffa9df27000 	C:\WINDOWS\system32\napinsp.dll
0x00007ffa9def0000 - 0x00007ffa9df0b000 	C:\WINDOWS\system32\pnrpnsp.dll
0x00007ffac8640000 - 0x00007ffac8655000 	C:\WINDOWS\system32\wshbth.dll
0x00007ffac9680000 - 0x00007ffac969d000 	C:\WINDOWS\system32\NLAapi.dll
0x00007ffacce90000 - 0x00007ffaccecb000 	C:\WINDOWS\SYSTEM32\IPHLPAPI.DLL
0x00007ffaccee0000 - 0x00007ffaccfab000 	C:\WINDOWS\SYSTEM32\DNSAPI.dll
0x00007ffacebf0000 - 0x00007ffacebf8000 	C:\WINDOWS\System32\NSI.dll
0x00007ffa9df30000 - 0x00007ffa9df42000 	C:\WINDOWS\System32\winrnr.dll
0x00007ffabc8e0000 - 0x00007ffabc8ea000 	C:\Windows\System32\rasadhlp.dll
0x00007ffac6cd0000 - 0x00007ffac6d50000 	C:\WINDOWS\System32\fwpuclnt.dll
0x00007ffacdb30000 - 0x00007ffacdb57000 	C:\WINDOWS\System32\bcrypt.dll
0x00007ffacd430000 - 0x00007ffacd448000 	C:\WINDOWS\SYSTEM32\CRYPTSP.dll
0x00007ffacc9f0000 - 0x00007ffacca24000 	C:\WINDOWS\system32\rsaenh.dll
0x00007ffacd970000 - 0x00007ffacd99e000 	C:\WINDOWS\SYSTEM32\USERENV.dll
0x00007ffacd360000 - 0x00007ffacd36c000 	C:\WINDOWS\SYSTEM32\CRYPTBASE.dll
0x00007ffac6940000 - 0x00007ffac6957000 	C:\WINDOWS\SYSTEM32\dhcpcsvc6.DLL
0x00007ffac6870000 - 0x00007ffac688d000 	C:\WINDOWS\SYSTEM32\dhcpcsvc.DLL

dbghelp: loaded successfully - version: 4.0.5 - missing functions: none
symbol engine: initialized successfully - sym options: 0x614 - pdb path: .;c:\Users\ddai\.vscode\extensions\redhat.java-1.9.0-win32-x64\jre\17.0.3-win32-x86_64\bin;C:\WINDOWS\SYSTEM32;C:\WINDOWS\WinSxS\amd64_microsoft.windows.common-controls_6595b64144ccf1df_6.0.19041.1110_none_60b5254171f9507e;c:\Users\ddai\.vscode\extensions\redhat.java-1.9.0-win32-x64\jre\17.0.3-win32-x86_64\bin\server

VM Arguments:
jvm_args: -Dsts.lsp.client=vscode -Dsts.log.file=/dev/null -XX:TieredStopAtLevel=1 -Dspring.config.location=file:c:\Users\ddai\.vscode\extensions\pivotal.vscode-spring-boot-1.37.0\language-server\BOOT-INF\classes\application.properties 
java_command: org.springframework.ide.vscode.boot.app.BootLanguageServerBootApp
java_class_path (initial): c:\Users\ddai\.vscode\extensions\pivotal.vscode-spring-boot-1.37.0\language-server\BOOT-INF\classes;c:\Users\ddai\.vscode\extensions\pivotal.vscode-spring-boot-1.37.0\language-server\BOOT-INF\lib\annotations-23.0.0.jar;c:\Users\ddai\.vscode\extensions\pivotal.vscode-spring-boot-1.37.0\language-server\BOOT-INF\lib\antlr-runtime-3.5.2.jar;c:\Users\ddai\.vscode\extensions\pivotal.vscode-spring-boot-1.37.0\language-server\BOOT-INF\lib\antlr4-4.9.3.jar;c:\Users\ddai\.vscode\extensions\pivotal.vscode-spring-boot-1.37.0\language-server\BOOT-INF\lib\antlr4-runtime-4.9.3.jar;c:\Users\ddai\.vscode\extensions\pivotal.vscode-spring-boot-1.37.0\language-server\BOOT-INF\lib\asm-9.3.jar;c:\Users\ddai\.vscode\extensions\pivotal.vscode-spring-boot-1.37.0\language-server\BOOT-INF\lib\asm-analysis-9.3.jar;c:\Users\ddai\.vscode\extensions\pivotal.vscode-spring-boot-1.37.0\language-server\BOOT-INF\lib\asm-tree-9.3.jar;c:\Users\ddai\.vscode\extensions\pivotal.vscode-spring-boot-1.37.0\language-server\BOOT-INF\lib\asm-util-9.3.jar;c:\Users\ddai\.vscode\extensions\pivotal.vscode-spring-boot-1.37.0\language-server\BOOT-INF\lib\byte-buddy-1.10.18.jar;c:\Users\ddai\.vscode\extensions\pivotal.vscode-spring-boot-1.37.0\language-server\BOOT-INF\lib\caffeine-2.8.6.jar;c:\Users\ddai\.vscode\extensions\pivotal.vscode-spring-boot-1.37.0\language-server\BOOT-INF\lib\checker-qual-3.12.0.jar;c:\Users\ddai\.vscode\extensions\pivotal.vscode-spring-boot-1.37.0\language-server\BOOT-INF\lib\classgraph-4.8.149.jar;c:\Users\ddai\.vscode\extensions\pivotal.vscode-spring-boot-1.37.0\language-server\BOOT-INF\lib\commons-codec-1.14.jar;c:\Users\ddai\.vscode\extensions\pivotal.vscode-spring-boot-1.37.0\language-server\BOOT-INF\lib\commons-compress-1.21.jar;c:\Users\ddai\.vscode\extensions\pivotal.vscode-spring-boot-1.37.0\language-server\BOOT-INF\lib\commons-exec-1.3.jar;c:\Users\ddai\.vscode\extensions\pivotal.vscode-spring-boot-1.37.0\language-server\BOOT-INF\lib\commons-io-2.4.jar;c
Launcher Type: SUN_STANDARD

[Global flags]
     intx CICompilerCount                          = 4                                         {product} {ergonomic}
     uint ConcGCThreads                            = 2                                         {product} {ergonomic}
     uint G1ConcRefinementThreads                  = 8                                         {product} {ergonomic}
   size_t G1HeapRegionSize                         = 1048576                                   {product} {ergonomic}
    uintx GCDrainStackTargetSize                   = 64                                        {product} {ergonomic}
   size_t InitialHeapSize                          = 132120576                                 {product} {ergonomic}
   size_t MarkStackSize                            = 4194304                                   {product} {ergonomic}
   size_t MaxHeapSize                              = 2105540608                                {product} {ergonomic}
   size_t MaxNewSize                               = 1262485504                                {product} {ergonomic}
   size_t MinHeapDeltaBytes                        = 1048576                                   {product} {ergonomic}
   size_t MinHeapSize                              = 8388608                                   {product} {ergonomic}
    uintx NonProfiledCodeHeapSize                  = 0                                      {pd product} {ergonomic}
     bool ProfileInterpreter                       = false                                  {pd product} {command line}
    uintx ProfiledCodeHeapSize                     = 0                                      {pd product} {ergonomic}
   size_t SoftMaxHeapSize                          = 2105540608                             {manageable} {ergonomic}
     intx TieredStopAtLevel                        = 1                                         {product} {command line}
     bool UseCompressedClassPointers               = true                           {product lp64_product} {ergonomic}
     bool UseCompressedOops                        = true                           {product lp64_product} {ergonomic}
     bool UseG1GC                                  = true                                      {product} {ergonomic}
     bool UseLargePagesIndividualAllocation        = false                                  {pd product} {ergonomic}

Logging:
Log output configuration:
 #0: stdout all=warning uptime,level,tags
 #1: stderr all=off uptime,level,tags

Environment Variables:
JAVA_HOME=C:\Program Files\Java\jdk1.8.0_25
PATH=C:\Program Files\VanDyke Software\Clients\;C:\Program Files\AdoptOpenJDK\jdk-16.0.1.9-hotspot\bin;C:\Program Files\Java\jdk1.8.0_25\bin;C:\Program Files\Docker\Docker\Resources\bin;C:\Python23;C:\Program Files\GNU\WinCvs 1.3\CVSNT;C:\Oracle\product\12.2.0\client_1\bin;C:\WINDOWS\system32;C:\WINDOWS;C:\WINDOWS\System32\Wbem;C:\WINDOWS\System32\WindowsPowerShell\v1.0\;C:\Program Files (x86)\cvsnt;C:\Program Files\IDM Computer Solutions\UltraEdit;C:\Program Files (x86)\CDC Software\PivotalClient\PivotalClient.PerMachine\exe\bin\Standard;C:\WINDOWS\System32\OpenSSH\;C:\Program Files\Intel\WiFi\bin\;C:\Program Files\Common Files\Intel\WirelessCommon\;C:\Program Files\Amazon\AWSCLIV2\;C:\Program Files\PuTTY\;C:\Program Files\nodejs\;C:\software\python3.8.3;C:\software\python3.8.3\Scripts;C:\Users\ddai\AppData\Roaming\npm;C:\Users\ddai\AppData\Local\Microsoft\WindowsApps;C:\Users\ddai\AppData\Local\Programs\Microsoft VS Code\bin;C:\software\k8s;C:\minikube;
USERNAME=DDai
OS=Windows_NT
PROCESSOR_IDENTIFIER=Intel64 Family 6 Model 142 Stepping 10, GenuineIntel



---------------  S Y S T E M  ---------------

OS:
 Windows 10 , 64 bit Build 19041 (10.0.19041.1806)
OS uptime: 11 days 20:00 hours
Hyper-V role detected

CPU: total 8 (initial active 8) (4 cores per cpu, 2 threads per core) family 6 model 142 stepping 10 microcode 0xe0, cx8, cmov, fxsr, ht, mmx, 3dnowpref, sse, sse2, sse3, ssse3, sse4.1, sse4.2, popcnt, lzcnt, tsc, tscinvbit, avx, avx2, aes, erms, clmul, bmi1, bmi2, rtm, adx, fma, vzeroupper, clflush, clflushopt, hv

Memory: 4k page, system-wide physical 8026M (442M free)
TotalPageFile size 32602M (AvailPageFile size 4M)
current process WorkingSet (physical memory assigned to process): 53M, peak: 463M
current process commit charge ("private bytes"): 219M, peak: 569M

vm_info: OpenJDK 64-Bit Server VM (17.0.3+7) for windows-amd64 JRE (17.0.3+7), built on Apr 19 2022 16:55:35 by "" with MS VC++ 16.7 (VS2019)

END.
