#
# There is insufficient memory for the Java Runtime Environment to continue.
# Native memory allocation (mmap) failed to map 13631488 bytes for G1 virtual space
# Possible reasons:
#   The system is out of physical RAM or swap space
#   The process is running with CompressedOops enabled, and the Java Heap may be blocking the growth of the native heap
# Possible solutions:
#   Reduce memory load on the system
#   Increase physical memory or swap space
#   Check if swap backing store is full
#   Decrease Java heap size (-Xmx/-Xms)
#   Decrease number of Java threads
#   Decrease Java thread stack sizes (-Xss)
#   Set larger code cache with -XX:ReservedCodeCacheSize=
#   JVM is running with Unscaled Compressed Oops mode in which the Java heap is
#     placed in the first 4GB address space. The Java Heap base address is the
#     maximum limit for the native heap growth. Please use -XX:HeapBaseMinAddress
#     to set the Java Heap base and to place the Java Heap above 4GB virtual address.
# This output file may be truncated or incomplete.
#
#  Out of Memory Error (os_windows.cpp:3535), pid=25996, tid=20056
#
# JRE version: OpenJDK Runtime Environment Temurin-17.0.3+7 (17.0.3+7) (build 17.0.3+7)
# Java VM: OpenJDK 64-Bit Server VM Temurin-17.0.3+7 (17.0.3+7, mixed mode, emulated-client, tiered, compressed oops, compressed class ptrs, g1 gc, windows-amd64)
# No core dump will be written. Minidumps are not enabled by default on client versions of Windows
#

---------------  S U M M A R Y ------------

Command Line: -Dsts.lsp.client=vscode -Dsts.log.file=/dev/null -XX:TieredStopAtLevel=1 -Dspring.config.location=file:c:\Users\ddai\.vscode\extensions\pivotal.vscode-spring-boot-1.37.0\language-server\BOOT-INF\classes\application.properties org.springframework.ide.vscode.boot.app.BootLanguageServerBootApp

Host: Intel(R) Core(TM) i5-8350U CPU @ 1.70GHz, 8 cores, 7G,  Windows 10 , 64 bit Build 19041 (10.0.19041.1806)
Time: Sun Aug 21 05:23:05 2022 Eastern Daylight Time elapsed time: 3.179995 seconds (0d 0h 0m 3s)

---------------  T H R E A D  ---------------

Current thread (0x000002de8df78b90):  VMThread "VM Thread" [stack: 0x000000eb97500000,0x000000eb97600000] [id=20056]

Stack: [0x000000eb97500000,0x000000eb97600000]
Native frames: (J=compiled Java code, j=interpreted, Vv=VM code, C=native code)
V  [jvm.dll+0x675efa]
V  [jvm.dll+0x830a24]
V  [jvm.dll+0x8321ce]
V  [jvm.dll+0x832833]
V  [jvm.dll+0x2454b5]
V  [jvm.dll+0x672de9]
V  [jvm.dll+0x667732]
V  [jvm.dll+0x3043ab]
V  [jvm.dll+0x30b8f6]
V  [jvm.dll+0x35b62e]
V  [jvm.dll+0x35b85f]
V  [jvm.dll+0x2db248]
V  [jvm.dll+0x2d94fc]
V  [jvm.dll+0x2d8acc]
V  [jvm.dll+0x31ca2b]
V  [jvm.dll+0x836cdb]
V  [jvm.dll+0x837a14]
V  [jvm.dll+0x837f2c]
V  [jvm.dll+0x838304]
V  [jvm.dll+0x8383d0]
V  [jvm.dll+0x7e0cfa]
V  [jvm.dll+0x674d85]
C  [ucrtbase.dll+0x21bb2]
C  [KERNEL32.DLL+0x17034]
C  [ntdll.dll+0x52651]

VM_Operation (0x000000eb998fe500): G1CollectForAllocation, mode: safepoint, requested by thread 0x000002de90998530


---------------  P R O C E S S  ---------------

Threads class SMR info:
_java_thread_list=0x000002de9090ba50, length=46, elements={
0x000002de8df99ec0, 0x000002de8df9ad30, 0x000002de8e908070, 0x000002de8e90ac00,
0x000002de8e90d5d0, 0x000002de8e911480, 0x000002de8e911ee0, 0x000002de8e91a8e0,
0x000002de8e9ee660, 0x000002de8eb3d330, 0x000002de8eb479e0, 0x000002de8f382e30,
0x000002de8f3c77b0, 0x000002de9079ea00, 0x000002de90904a20, 0x000002de908c9120,
0x000002deff829640, 0x000002de8f178840, 0x000002de9098a7c0, 0x000002de9098ac90,
0x000002de909883f0, 0x000002de909888c0, 0x000002de909812f0, 0x000002de909971f0,
0x000002de90998a00, 0x000002de90998ed0, 0x000002de90998530, 0x000002de9099a6e0,
0x000002de909993a0, 0x000002de90999870, 0x000002de90997b90, 0x000002de90996d20,
0x000002de909976c0, 0x000002de90998060, 0x000002de90999d40, 0x000002de9099a210,
0x000002de926a4f00, 0x000002de926a4a30, 0x000002de926a8d90, 0x000002de926a88c0,
0x000002de926a53d0, 0x000002de926a58a0, 0x000002de926a70b0, 0x000002de926a9730,
0x000002de926a3220, 0x000002de926a4090
}

Java Threads: ( => current thread )
  0x000002de8df99ec0 JavaThread "Reference Handler" daemon [_thread_blocked, id=25620, stack(0x000000eb97600000,0x000000eb97700000)]
  0x000002de8df9ad30 JavaThread "Finalizer" daemon [_thread_blocked, id=32792, stack(0x000000eb97700000,0x000000eb97800000)]
  0x000002de8e908070 JavaThread "Signal Dispatcher" daemon [_thread_blocked, id=17664, stack(0x000000eb97800000,0x000000eb97900000)]
  0x000002de8e90ac00 JavaThread "Attach Listener" daemon [_thread_blocked, id=36300, stack(0x000000eb97900000,0x000000eb97a00000)]
  0x000002de8e90d5d0 JavaThread "Service Thread" daemon [_thread_blocked, id=2868, stack(0x000000eb97a00000,0x000000eb97b00000)]
  0x000002de8e911480 JavaThread "Monitor Deflation Thread" daemon [_thread_blocked, id=12796, stack(0x000000eb97b00000,0x000000eb97c00000)]
  0x000002de8e911ee0 JavaThread "C1 CompilerThread0" daemon [_thread_blocked, id=29932, stack(0x000000eb97c00000,0x000000eb97d00000)]
  0x000002de8e91a8e0 JavaThread "Sweeper thread" daemon [_thread_blocked, id=2240, stack(0x000000eb97d00000,0x000000eb97e00000)]
  0x000002de8e9ee660 JavaThread "C1 CompilerThread1" daemon [_thread_blocked, id=6404, stack(0x000000eb97e00000,0x000000eb97f00000)]
  0x000002de8eb3d330 JavaThread "Notification Thread" daemon [_thread_blocked, id=20576, stack(0x000000eb97f00000,0x000000eb98000000)]
  0x000002de8eb479e0 JavaThread "Common-Cleaner" daemon [_thread_blocked, id=35012, stack(0x000000eb98100000,0x000000eb98200000)]
  0x000002de8f382e30 JavaThread "C1 CompilerThread2" daemon [_thread_blocked, id=33332, stack(0x000000eb98200000,0x000000eb98300000)]
  0x000002de8f3c77b0 JavaThread "C1 CompilerThread3" daemon [_thread_blocked, id=29808, stack(0x000000eb98300000,0x000000eb98400000)]
  0x000002de9079ea00 JavaThread "ForkJoinPool.commonPool-worker-1" daemon [_thread_blocked, id=1708, stack(0x000000eb98a00000,0x000000eb98b00000)]
  0x000002de90904a20 JavaThread "pool-7-thread-1" [_thread_blocked, id=14752, stack(0x000000eb98d00000,0x000000eb98e00000)]
  0x000002de908c9120 JavaThread "LanguageServerApp-lifecycle" [_thread_blocked, id=23980, stack(0x000000eb98e00000,0x000000eb98f00000)]
  0x000002deff829640 JavaThread "DestroyJavaVM" [_thread_blocked, id=35692, stack(0x000000eb96f00000,0x000000eb97000000)]
  0x000002de8f178840 JavaThread "ClassGraph-worker-0" daemon [_thread_blocked, id=26992, stack(0x000000eb98f00000,0x000000eb99000000)]
  0x000002de9098a7c0 JavaThread "ClassGraph-worker-1" daemon [_thread_blocked, id=17168, stack(0x000000eb99000000,0x000000eb99100000)]
  0x000002de9098ac90 JavaThread "ClassGraph-worker-2" daemon [_thread_blocked, id=29336, stack(0x000000eb99100000,0x000000eb99200000)]
  0x000002de909883f0 JavaThread "ClassGraph-worker-3" daemon [_thread_blocked, id=35864, stack(0x000000eb99200000,0x000000eb99300000)]
  0x000002de909888c0 JavaThread "ClassGraph-worker-4" daemon [_thread_blocked, id=9660, stack(0x000000eb99300000,0x000000eb99400000)]
  0x000002de909812f0 JavaThread "ClassGraph-worker-5" daemon [_thread_blocked, id=8224, stack(0x000000eb99400000,0x000000eb99500000)]
  0x000002de909971f0 JavaThread "ClassGraph-worker-6" daemon [_thread_blocked, id=12644, stack(0x000000eb99500000,0x000000eb99600000)]
  0x000002de90998a00 JavaThread "ClassGraph-worker-7" daemon [_thread_blocked, id=35780, stack(0x000000eb99600000,0x000000eb99700000)]
  0x000002de90998ed0 JavaThread "ClassGraph-worker-8" daemon [_thread_blocked, id=5808, stack(0x000000eb99700000,0x000000eb99800000)]
  0x000002de90998530 JavaThread "ClassGraph-worker-9" daemon [_thread_blocked, id=36812, stack(0x000000eb99800000,0x000000eb99900000)]
  0x000002de9099a6e0 JavaThread "ClassGraph-worker-10" daemon [_thread_blocked, id=26588, stack(0x000000eb99900000,0x000000eb99a00000)]
  0x000002de909993a0 JavaThread "ClassGraph-worker-11" daemon [_thread_blocked, id=7900, stack(0x000000eb99a00000,0x000000eb99b00000)]
  0x000002de90999870 JavaThread "ClassGraph-worker-12" daemon [_thread_blocked, id=15120, stack(0x000000eb99b00000,0x000000eb99c00000)]
  0x000002de90997b90 JavaThread "ClassGraph-worker-13" daemon [_thread_blocked, id=27760, stack(0x000000eb99c00000,0x000000eb99d00000)]
  0x000002de90996d20 JavaThread "pool-8-thread-1" [_thread_in_native, id=15128, stack(0x000000eb99d00000,0x000000eb99e00000)]
  0x000002de909976c0 JavaThread "Simple-Language-Server main thread" daemon [_thread_blocked, id=20324, stack(0x000000eb99e00000,0x000000eb99f00000)]
  0x000002de90998060 JavaThread "pool-5-thread-1" [_thread_blocked, id=27184, stack(0x000000eb99f00000,0x000000eb9a000000)]
  0x000002de90999d40 JavaThread "parallel-1" daemon [_thread_blocked, id=32864, stack(0x000000eb9a000000,0x000000eb9a100000)]
  0x000002de9099a210 JavaThread "parallel-2" daemon [_thread_blocked, id=13648, stack(0x000000eb9a100000,0x000000eb9a200000)]
  0x000002de926a4f00 JavaThread "parallel-3" daemon [_thread_blocked, id=24300, stack(0x000000eb9a200000,0x000000eb9a300000)]
  0x000002de926a4a30 JavaThread "parallel-4" daemon [_thread_blocked, id=13852, stack(0x000000eb9a300000,0x000000eb9a400000)]
  0x000002de926a8d90 JavaThread "parallel-5" daemon [_thread_blocked, id=12688, stack(0x000000eb9a400000,0x000000eb9a500000)]
  0x000002de926a88c0 JavaThread "parallel-6" daemon [_thread_blocked, id=13196, stack(0x000000eb9a500000,0x000000eb9a600000)]
  0x000002de926a53d0 JavaThread "parallel-7" daemon [_thread_blocked, id=31436, stack(0x000000eb9a600000,0x000000eb9a700000)]
  0x000002de926a58a0 JavaThread "parallel-8" daemon [_thread_blocked, id=26348, stack(0x000000eb9a700000,0x000000eb9a800000)]
  0x000002de926a70b0 JavaThread "pool-2-thread-1" [_thread_blocked, id=20240, stack(0x000000eb9a800000,0x000000eb9a900000)]
  0x000002de926a9730 JavaThread "ForkJoinPool.commonPool-worker-2" daemon [_thread_blocked, id=27204, stack(0x000000eb9a900000,0x000000eb9aa00000)]
  0x000002de926a3220 JavaThread "pool-2-thread-2" [_thread_blocked, id=2888, stack(0x000000eb9aa00000,0x000000eb9ab00000)]
  0x000002de926a4090 JavaThread "Reconciler-1" daemon [_thread_blocked, id=31924, stack(0x000000eb9ab00000,0x000000eb9ac00000)]

Other Threads:
=>0x000002de8df78b90 VMThread "VM Thread" [stack: 0x000000eb97500000,0x000000eb97600000] [id=20056]
  0x000002deff8b07e0 WatcherThread [stack: 0x000000eb98000000,0x000000eb98100000] [id=18224]
  0x000002deff8842c0 GCTaskThread "GC Thread#0" [stack: 0x000000eb97000000,0x000000eb97100000] [id=26456]
  0x000002de8f48d7e0 GCTaskThread "GC Thread#1" [stack: 0x000000eb98400000,0x000000eb98500000] [id=29440]
  0x000002de8f4d7850 GCTaskThread "GC Thread#2" [stack: 0x000000eb98500000,0x000000eb98600000] [id=30428]
  0x000002de8f4e82f0 GCTaskThread "GC Thread#3" [stack: 0x000000eb98600000,0x000000eb98700000] [id=304]
  0x000002de8f4e95b0 GCTaskThread "GC Thread#4" [stack: 0x000000eb98700000,0x000000eb98800000] [id=11940]
  0x000002de8f4e9860 GCTaskThread "GC Thread#5" [stack: 0x000000eb98800000,0x000000eb98900000] [id=35524]
  0x000002de8f4e9b10 GCTaskThread "GC Thread#6" [stack: 0x000000eb98900000,0x000000eb98a00000] [id=15800]
  0x000002de9018f5f0 GCTaskThread "GC Thread#7" [stack: 0x000000eb98b00000,0x000000eb98c00000] [id=29188]
  0x000002deff894c10 ConcurrentGCThread "G1 Main Marker" [stack: 0x000000eb97100000,0x000000eb97200000] [id=32056]
  0x000002deff897de0 ConcurrentGCThread "G1 Conc#0" [stack: 0x000000eb97200000,0x000000eb97300000] [id=35232]
  0x000002de90318530 ConcurrentGCThread "G1 Conc#1" [stack: 0x000000eb98c00000,0x000000eb98d00000] [id=30144]
  0x000002deff8fdc00 ConcurrentGCThread "G1 Refine#0" [stack: 0x000000eb97300000,0x000000eb97400000] [id=36668]
  0x000002deff8fe620 ConcurrentGCThread "G1 Service" [stack: 0x000000eb97400000,0x000000eb97500000] [id=32236]

Threads with active compile tasks:
C1 CompilerThread0     3207 3660   !   1       io.github.classgraph.Classfile::<init> (860 bytes)
C1 CompilerThread1     3207 3662   !   1       io.github.classgraph.ClasspathElementModule$1::open (129 bytes)
C1 CompilerThread2     3207 3659   !   1       io.github.classgraph.Scanner$ClassfileScannerWorkUnitProcessor::processWorkUnit (291 bytes)
C1 CompilerThread3     3207 3654       1       io.github.classgraph.Classfile::readClassAttributes (863 bytes)

VM state: at safepoint (normal execution)

VM Mutex/Monitor currently owned by a thread:  ([mutex/lock_event])
[0x000002defeb88bf0] Threads_lock - owner thread: 0x000002de8df78b90
[0x000002deff826a40] Heap_lock - owner thread: 0x000002de90998530

Heap address: 0x0000000082800000, size: 2008 MB, Compressed Oops mode: 32-bit

CDS archive(s) not mapped
Compressed class space mapped at: 0x0000000100000000-0x0000000140000000, reserved size: 1073741824
Narrow klass base: 0x0000000000000000, Narrow klass shift: 3, Narrow klass range: 0x140000000

GC Precious Log:
 CPUs: 8 total, 8 available
 Memory: 8026M
 Large Page Support: Disabled
 NUMA Support: Disabled
 Compressed Oops: Enabled (32-bit)
 Heap Region Size: 1M
 Heap Min Capacity: 8M
 Heap Initial Capacity: 126M
 Heap Max Capacity: 2008M
 Pre-touch: Disabled
 Parallel Workers: 8
 Concurrent Workers: 2
 Concurrent Refinement Workers: 8
 Periodic GC: Disabled

Heap:
 garbage-first heap   total 115712K, used 64747K [0x0000000082800000, 0x0000000100000000)
  region size 1024K, 2 young (2048K), 2 survivors (2048K)
 Metaspace       used 35405K, committed 35712K, reserved 1081344K
  class space    used 4612K, committed 4800K, reserved 1048576K

Heap Regions: E=young(eden), S=young(survivor), O=old, HS=humongous(starts), HC=humongous(continues), CS=collection set, F=free, OA=open archive, CA=closed archive, TAMS=top-at-mark-start (previous, next)
|   0|0x0000000082800000, 0x0000000082900000, 0x0000000082900000|100%| O|  |TAMS 0x0000000082900000, 0x0000000082900000| Untracked 
|   1|0x0000000082900000, 0x0000000082a00000, 0x0000000082a00000|100%| O|  |TAMS 0x0000000082a00000, 0x0000000082a00000| Untracked 
|   2|0x0000000082a00000, 0x0000000082b00000, 0x0000000082b00000|100%| O|  |TAMS 0x0000000082b00000, 0x0000000082b00000| Untracked 
|   3|0x0000000082b00000, 0x0000000082c00000, 0x0000000082c00000|100%| O|  |TAMS 0x0000000082c00000, 0x0000000082c00000| Untracked 
|   4|0x0000000082c00000, 0x0000000082d00000, 0x0000000082d00000|100%| O|  |TAMS 0x0000000082d00000, 0x0000000082d00000| Untracked 
|   5|0x0000000082d00000, 0x0000000082e00000, 0x0000000082e00000|100%| O|  |TAMS 0x0000000082e00000, 0x0000000082e00000| Untracked 
|   6|0x0000000082e00000, 0x0000000082f00000, 0x0000000082f00000|100%| O|  |TAMS 0x0000000082f00000, 0x0000000082f00000| Untracked 
|   7|0x0000000082f00000, 0x0000000083000000, 0x0000000083000000|100%| O|  |TAMS 0x0000000082f00000, 0x0000000083000000| Untracked 
|   8|0x0000000083000000, 0x0000000083100000, 0x0000000083100000|100%| O|  |TAMS 0x0000000083000000, 0x0000000083100000| Untracked 
|   9|0x0000000083100000, 0x0000000083200000, 0x0000000083200000|100%| O|  |TAMS 0x0000000083100000, 0x0000000083200000| Untracked 
|  10|0x0000000083200000, 0x0000000083300000, 0x0000000083300000|100%| O|  |TAMS 0x0000000083200000, 0x0000000083300000| Untracked 
|  11|0x0000000083300000, 0x0000000083400000, 0x0000000083400000|100%| O|  |TAMS 0x0000000083300000, 0x0000000083400000| Untracked 
|  12|0x0000000083400000, 0x0000000083500000, 0x0000000083500000|100%| O|  |TAMS 0x0000000083400000, 0x0000000083500000| Untracked 
|  13|0x0000000083500000, 0x0000000083600000, 0x0000000083600000|100%| O|  |TAMS 0x0000000083500000, 0x0000000083600000| Untracked 
|  14|0x0000000083600000, 0x0000000083700000, 0x0000000083700000|100%| O|  |TAMS 0x0000000083600000, 0x0000000083700000| Untracked 
|  15|0x0000000083700000, 0x0000000083800000, 0x0000000083800000|100%| O|  |TAMS 0x0000000083700000, 0x0000000083800000| Untracked 
|  16|0x0000000083800000, 0x0000000083900000, 0x0000000083900000|100%| O|  |TAMS 0x0000000083800000, 0x0000000083900000| Untracked 
|  17|0x0000000083900000, 0x0000000083a00000, 0x0000000083a00000|100%| O|  |TAMS 0x0000000083900000, 0x0000000083a00000| Untracked 
|  18|0x0000000083a00000, 0x0000000083b00000, 0x0000000083b00000|100%| O|  |TAMS 0x0000000083a00000, 0x0000000083b00000| Untracked 
|  19|0x0000000083b00000, 0x0000000083c00000, 0x0000000083c00000|100%| O|  |TAMS 0x0000000083b00000, 0x0000000083c00000| Untracked 
|  20|0x0000000083c00000, 0x0000000083d00000, 0x0000000083d00000|100%| O|  |TAMS 0x0000000083c00000, 0x0000000083d00000| Untracked 
|  21|0x0000000083d00000, 0x0000000083e00000, 0x0000000083e00000|100%| O|  |TAMS 0x0000000083d00000, 0x0000000083e00000| Untracked 
|  22|0x0000000083e00000, 0x0000000083f00000, 0x0000000083f00000|100%| O|  |TAMS 0x0000000083e00000, 0x0000000083f00000| Untracked 
|  23|0x0000000083f00000, 0x0000000084000000, 0x0000000084000000|100%| O|  |TAMS 0x0000000083f00000, 0x0000000084000000| Untracked 
|  24|0x0000000084000000, 0x0000000084100000, 0x0000000084100000|100%| O|  |TAMS 0x0000000084000000, 0x0000000084100000| Untracked 
|  25|0x0000000084100000, 0x0000000084200000, 0x0000000084200000|100%| O|  |TAMS 0x0000000084100000, 0x0000000084200000| Untracked 
|  26|0x0000000084200000, 0x0000000084300000, 0x0000000084300000|100%| O|  |TAMS 0x0000000084200000, 0x0000000084300000| Untracked 
|  27|0x0000000084300000, 0x0000000084400000, 0x0000000084400000|100%| O|  |TAMS 0x0000000084300000, 0x0000000084400000| Untracked 
|  28|0x0000000084400000, 0x0000000084500000, 0x0000000084500000|100%| O|  |TAMS 0x0000000084400000, 0x0000000084500000| Untracked 
|  29|0x0000000084500000, 0x0000000084600000, 0x0000000084600000|100%| O|  |TAMS 0x0000000084500000, 0x0000000084600000| Untracked 
|  30|0x0000000084600000, 0x0000000084700000, 0x0000000084700000|100%| O|  |TAMS 0x0000000084600000, 0x0000000084700000| Untracked 
|  31|0x0000000084700000, 0x0000000084800000, 0x0000000084800000|100%| O|  |TAMS 0x0000000084700000, 0x0000000084800000| Untracked 
|  32|0x0000000084800000, 0x0000000084900000, 0x0000000084900000|100%| O|  |TAMS 0x0000000084800000, 0x0000000084900000| Untracked 
|  33|0x0000000084900000, 0x0000000084a00000, 0x0000000084a00000|100%| O|  |TAMS 0x0000000084900000, 0x0000000084a00000| Untracked 
|  34|0x0000000084a00000, 0x0000000084b00000, 0x0000000084b00000|100%| O|  |TAMS 0x0000000084a00000, 0x0000000084b00000| Untracked 
|  35|0x0000000084b00000, 0x0000000084c00000, 0x0000000084c00000|100%| O|  |TAMS 0x0000000084b00000, 0x0000000084c00000| Untracked 
|  36|0x0000000084c00000, 0x0000000084d00000, 0x0000000084d00000|100%| O|  |TAMS 0x0000000084c00000, 0x0000000084d00000| Untracked 
|  37|0x0000000084d00000, 0x0000000084e00000, 0x0000000084e00000|100%| O|  |TAMS 0x0000000084d00000, 0x0000000084e00000| Untracked 
|  38|0x0000000084e00000, 0x0000000084f00000, 0x0000000084f00000|100%| O|  |TAMS 0x0000000084e00000, 0x0000000084f00000| Untracked 
|  39|0x0000000084f00000, 0x0000000085000000, 0x0000000085000000|100%| O|  |TAMS 0x0000000084f00000, 0x0000000085000000| Untracked 
|  40|0x0000000085000000, 0x0000000085100000, 0x0000000085100000|100%|HS|  |TAMS 0x0000000085000000, 0x0000000085100000| Complete 
|  41|0x0000000085100000, 0x0000000085200000, 0x0000000085200000|100%|HS|  |TAMS 0x0000000085100000, 0x0000000085200000| Complete 
|  42|0x0000000085200000, 0x0000000085300000, 0x0000000085300000|100%| O|  |TAMS 0x0000000085200000, 0x0000000085300000| Untracked 
|  43|0x0000000085300000, 0x0000000085400000, 0x0000000085400000|100%| O|  |TAMS 0x0000000085300000, 0x0000000085400000| Untracked 
|  44|0x0000000085400000, 0x0000000085500000, 0x0000000085500000|100%| O|  |TAMS 0x0000000085400000, 0x0000000085500000| Untracked 
|  45|0x0000000085500000, 0x0000000085600000, 0x0000000085600000|100%| O|  |TAMS 0x0000000085500000, 0x0000000085600000| Untracked 
|  46|0x0000000085600000, 0x0000000085700000, 0x0000000085700000|100%| O|  |TAMS 0x0000000085600000, 0x0000000085700000| Untracked 
|  47|0x0000000085700000, 0x0000000085800000, 0x0000000085800000|100%| O|  |TAMS 0x0000000085700000, 0x0000000085800000| Untracked 
|  48|0x0000000085800000, 0x0000000085900000, 0x0000000085900000|100%| O|  |TAMS 0x0000000085800000, 0x0000000085900000| Untracked 
|  49|0x0000000085900000, 0x0000000085a00000, 0x0000000085a00000|100%| O|  |TAMS 0x0000000085900000, 0x0000000085a00000| Untracked 
|  50|0x0000000085a00000, 0x0000000085b00000, 0x0000000085b00000|100%| O|  |TAMS 0x0000000085a00000, 0x0000000085b00000| Untracked 
|  51|0x0000000085b00000, 0x0000000085c00000, 0x0000000085c00000|100%| O|  |TAMS 0x0000000085b00000, 0x0000000085c00000| Untracked 
|  52|0x0000000085c00000, 0x0000000085d00000, 0x0000000085d00000|100%| O|  |TAMS 0x0000000085c00000, 0x0000000085d00000| Untracked 
|  53|0x0000000085d00000, 0x0000000085e00000, 0x0000000085e00000|100%| O|  |TAMS 0x0000000085d00000, 0x0000000085e00000| Untracked 
|  54|0x0000000085e00000, 0x0000000085f00000, 0x0000000085f00000|100%| O|  |TAMS 0x0000000085e00000, 0x0000000085f00000| Untracked 
|  55|0x0000000085f00000, 0x0000000086000000, 0x0000000086000000|100%| O|  |TAMS 0x0000000085f00000, 0x0000000085fe4800| Untracked 
|  56|0x0000000086000000, 0x0000000086100000, 0x0000000086100000|100%| O|  |TAMS 0x0000000086000000, 0x0000000086000000| Untracked 
|  57|0x0000000086100000, 0x0000000086200000, 0x0000000086200000|100%| O|  |TAMS 0x0000000086100000, 0x0000000086100000| Untracked 
|  58|0x0000000086200000, 0x0000000086300000, 0x0000000086300000|100%| O|  |TAMS 0x0000000086200000, 0x0000000086200000| Untracked 
|  59|0x0000000086300000, 0x0000000086400000, 0x0000000086400000|100%| O|  |TAMS 0x0000000086300000, 0x0000000086300000| Untracked 
|  60|0x0000000086400000, 0x0000000086500000, 0x0000000086500000|100%| O|  |TAMS 0x0000000086400000, 0x0000000086400000| Untracked 
|  61|0x0000000086500000, 0x00000000865ce200, 0x0000000086600000| 80%| O|  |TAMS 0x0000000086500000, 0x0000000086500000| Untracked 
|  62|0x0000000086600000, 0x0000000086600000, 0x0000000086700000|  0%| F|  |TAMS 0x0000000086600000, 0x0000000086600000| Untracked 
|  63|0x0000000086700000, 0x0000000086700000, 0x0000000086800000|  0%| F|  |TAMS 0x0000000086700000, 0x0000000086700000| Untracked 
|  64|0x0000000086800000, 0x0000000086800000, 0x0000000086900000|  0%| F|  |TAMS 0x0000000086800000, 0x0000000086800000| Untracked 
|  65|0x0000000086900000, 0x0000000086900000, 0x0000000086a00000|  0%| F|  |TAMS 0x0000000086900000, 0x0000000086900000| Untracked 
|  66|0x0000000086a00000, 0x0000000086a00000, 0x0000000086b00000|  0%| F|  |TAMS 0x0000000086a00000, 0x0000000086a00000| Untracked 
|  67|0x0000000086b00000, 0x0000000086b00000, 0x0000000086c00000|  0%| F|  |TAMS 0x0000000086b00000, 0x0000000086b00000| Untracked 
|  68|0x0000000086c00000, 0x0000000086c00000, 0x0000000086d00000|  0%| F|  |TAMS 0x0000000086c00000, 0x0000000086c00000| Untracked 
|  69|0x0000000086d00000, 0x0000000086d00000, 0x0000000086e00000|  0%| F|  |TAMS 0x0000000086d00000, 0x0000000086d00000| Untracked 
|  70|0x0000000086e00000, 0x0000000086e00000, 0x0000000086f00000|  0%| F|  |TAMS 0x0000000086e00000, 0x0000000086e00000| Untracked 
|  71|0x0000000086f00000, 0x0000000086f00000, 0x0000000087000000|  0%| F|  |TAMS 0x0000000086f00000, 0x0000000086f00000| Untracked 
|  72|0x0000000087000000, 0x0000000087000000, 0x0000000087100000|  0%| F|  |TAMS 0x0000000087000000, 0x0000000087000000| Untracked 
|  73|0x0000000087100000, 0x0000000087100000, 0x0000000087200000|  0%| F|  |TAMS 0x0000000087100000, 0x0000000087100000| Untracked 
|  74|0x0000000087200000, 0x0000000087200000, 0x0000000087300000|  0%| F|  |TAMS 0x0000000087200000, 0x0000000087200000| Untracked 
|  75|0x0000000087300000, 0x0000000087300000, 0x0000000087400000|  0%| F|  |TAMS 0x0000000087300000, 0x0000000087300000| Untracked 
|  76|0x0000000087400000, 0x0000000087400000, 0x0000000087500000|  0%| F|  |TAMS 0x0000000087400000, 0x0000000087400000| Untracked 
|  77|0x0000000087500000, 0x0000000087500000, 0x0000000087600000|  0%| F|  |TAMS 0x0000000087500000, 0x0000000087500000| Untracked 
|  78|0x0000000087600000, 0x0000000087600000, 0x0000000087700000|  0%| F|  |TAMS 0x0000000087600000, 0x0000000087600000| Untracked 
|  79|0x0000000087700000, 0x0000000087700000, 0x0000000087800000|  0%| F|  |TAMS 0x0000000087700000, 0x0000000087700000| Untracked 
|  80|0x0000000087800000, 0x0000000087800000, 0x0000000087900000|  0%| F|  |TAMS 0x0000000087800000, 0x0000000087800000| Untracked 
|  81|0x0000000087900000, 0x0000000087900000, 0x0000000087a00000|  0%| F|  |TAMS 0x0000000087900000, 0x0000000087900000| Untracked 
|  82|0x0000000087a00000, 0x0000000087a00000, 0x0000000087b00000|  0%| F|  |TAMS 0x0000000087a00000, 0x0000000087a00000| Untracked 
|  83|0x0000000087b00000, 0x0000000087b6cae8, 0x0000000087c00000| 42%| S|CS|TAMS 0x0000000087b00000, 0x0000000087b00000| Complete 
|  84|0x0000000087c00000, 0x0000000087d00000, 0x0000000087d00000|100%| S|CS|TAMS 0x0000000087c00000, 0x0000000087c00000| Complete 
|  85|0x0000000087d00000, 0x0000000087d00000, 0x0000000087e00000|  0%| F|  |TAMS 0x0000000087d00000, 0x0000000087d00000| Untracked 
|  86|0x0000000087e00000, 0x0000000087e00000, 0x0000000087f00000|  0%| F|  |TAMS 0x0000000087e00000, 0x0000000087e00000| Untracked 
|  87|0x0000000087f00000, 0x0000000087f00000, 0x0000000088000000|  0%| F|  |TAMS 0x0000000087f00000, 0x0000000087f00000| Untracked 
|  88|0x0000000088000000, 0x0000000088000000, 0x0000000088100000|  0%| F|  |TAMS 0x0000000088000000, 0x0000000088000000| Untracked 
|  89|0x0000000088100000, 0x0000000088100000, 0x0000000088200000|  0%| F|  |TAMS 0x0000000088100000, 0x0000000088100000| Untracked 
|  90|0x0000000088200000, 0x0000000088200000, 0x0000000088300000|  0%| F|  |TAMS 0x0000000088200000, 0x0000000088200000| Untracked 
|  91|0x0000000088300000, 0x0000000088300000, 0x0000000088400000|  0%| F|  |TAMS 0x0000000088300000, 0x0000000088300000| Untracked 
|  92|0x0000000088400000, 0x0000000088400000, 0x0000000088500000|  0%| F|  |TAMS 0x0000000088400000, 0x0000000088400000| Untracked 
|  93|0x0000000088500000, 0x0000000088500000, 0x0000000088600000|  0%| F|  |TAMS 0x0000000088500000, 0x0000000088500000| Untracked 
|  94|0x0000000088600000, 0x0000000088600000, 0x0000000088700000|  0%| F|  |TAMS 0x0000000088600000, 0x0000000088600000| Untracked 
|  95|0x0000000088700000, 0x0000000088700000, 0x0000000088800000|  0%| F|  |TAMS 0x0000000088700000, 0x0000000088700000| Untracked 
|  96|0x0000000088800000, 0x0000000088800000, 0x0000000088900000|  0%| F|  |TAMS 0x0000000088800000, 0x0000000088800000| Untracked 
|  97|0x0000000088900000, 0x0000000088900000, 0x0000000088a00000|  0%| F|  |TAMS 0x0000000088900000, 0x0000000088900000| Untracked 
|  98|0x0000000088a00000, 0x0000000088a00000, 0x0000000088b00000|  0%| F|  |TAMS 0x0000000088a00000, 0x0000000088a00000| Untracked 
|  99|0x0000000088b00000, 0x0000000088b00000, 0x0000000088c00000|  0%| F|  |TAMS 0x0000000088b00000, 0x0000000088b00000| Untracked 
| 100|0x0000000088c00000, 0x0000000088c00000, 0x0000000088d00000|  0%| F|  |TAMS 0x0000000088c00000, 0x0000000088c00000| Untracked 
| 101|0x0000000088d00000, 0x0000000088d00000, 0x0000000088e00000|  0%| F|  |TAMS 0x0000000088d00000, 0x0000000088d00000| Untracked 
| 102|0x0000000088e00000, 0x0000000088e00000, 0x0000000088f00000|  0%| F|  |TAMS 0x0000000088e00000, 0x0000000088e00000| Untracked 
| 103|0x0000000088f00000, 0x0000000088f00000, 0x0000000089000000|  0%| F|  |TAMS 0x0000000088f00000, 0x0000000088f00000| Untracked 
| 104|0x0000000089000000, 0x0000000089000000, 0x0000000089100000|  0%| F|  |TAMS 0x0000000089000000, 0x0000000089000000| Untracked 
| 105|0x0000000089100000, 0x0000000089100000, 0x0000000089200000|  0%| F|  |TAMS 0x0000000089100000, 0x0000000089100000| Untracked 
| 106|0x0000000089200000, 0x0000000089200000, 0x0000000089300000|  0%| F|  |TAMS 0x0000000089200000, 0x0000000089200000| Untracked 
| 107|0x0000000089300000, 0x0000000089300000, 0x0000000089400000|  0%| F|  |TAMS 0x0000000089300000, 0x0000000089300000| Untracked 
| 108|0x0000000089400000, 0x0000000089400000, 0x0000000089500000|  0%| F|  |TAMS 0x0000000089400000, 0x0000000089400000| Untracked 
| 109|0x0000000089500000, 0x0000000089500000, 0x0000000089600000|  0%| F|  |TAMS 0x0000000089500000, 0x0000000089500000| Untracked 
| 110|0x0000000089600000, 0x0000000089600000, 0x0000000089700000|  0%| F|  |TAMS 0x0000000089600000, 0x0000000089600000| Untracked 
| 124|0x000000008a400000, 0x000000008a400000, 0x000000008a500000|  0%| F|  |TAMS 0x000000008a400000, 0x000000008a400000| Untracked 
| 125|0x000000008a500000, 0x000000008a500000, 0x000000008a600000|  0%| F|  |TAMS 0x000000008a500000, 0x000000008a500000| Untracked 

Card table byte_map: [0x000002de86fc0000,0x000002de873b0000] _byte_map_base: 0x000002de86bac000

Marking Bits (Prev, Next): (CMBitMap*) 0x000002deff884820, (CMBitMap*) 0x000002deff8847e0
 Prev Bits: [0x000002de89700000, 0x000002de8b660000)
 Next Bits: [0x000002de877a0000, 0x000002de89700000)

Polling page: 0x000002deff000000

Metaspace:

Usage:
  Non-class:     30.07 MB used.
      Class:      4.50 MB used.
       Both:     34.58 MB used.

Virtual space:
  Non-class space:       32.00 MB reserved,      30.19 MB ( 94%) committed,  4 nodes.
      Class space:        1.00 GB reserved,       4.69 MB ( <1%) committed,  1 nodes.
             Both:        1.03 GB reserved,      34.88 MB (  3%) committed. 

Chunk freelists:
   Non-Class:  1.38 MB
       Class:  3.37 MB
        Both:  4.75 MB

MaxMetaspaceSize: unlimited
CompressedClassSpaceSize: 1.00 GB
Initial GC threshold: 21.00 MB
Current GC threshold: 35.44 MB
CDS: off
MetaspaceReclaimPolicy: balanced
 - commit_granule_bytes: 65536.
 - commit_granule_words: 8192.
 - virtual_space_node_default_size: 1048576.
 - enlarge_chunks_in_place: 1.
 - new_chunks_are_fully_committed: 0.
 - uncommit_free_chunks: 1.
 - use_allocation_guard: 0.
 - handle_deallocations: 1.


Internal statistics:

num_allocs_failed_limit: 5.
num_arena_births: 300.
num_arena_deaths: 0.
num_vsnodes_births: 5.
num_vsnodes_deaths: 0.
num_space_committed: 558.
num_space_uncommitted: 0.
num_chunks_returned_to_freelist: 5.
num_chunks_taken_from_freelist: 1295.
num_chunk_merges: 5.
num_chunk_splits: 902.
num_chunks_enlarged: 707.
num_purges: 0.
num_inconsistent_stats: 0.

CodeCache: size=49152Kb used=8900Kb max_used=8900Kb free=40251Kb
 bounds [0x000002de83fc0000, 0x000002de84880000, 0x000002de86fc0000]
 total_blobs=4187 nmethods=3661 adapters=449
 compilation: enabled
              stopped_count=0, restarted_count=0
 full_count=0

Compilation events (20 events):
Event: 3.169 Thread 0x000002de8f382e30 nmethod 3651 0x000002de84862710 code [0x000002de84862900, 0x000002de84862d38]
Event: 3.169 Thread 0x000002de8f382e30 3655       1       jdk.internal.jimage.decompressor.ZipDecompressor::decompress (81 bytes)
Event: 3.169 Thread 0x000002de8f382e30 nmethod 3655 0x000002de84863010 code [0x000002de84863240, 0x000002de84863a18]
Event: 3.169 Thread 0x000002de8f382e30 3656       1       io.github.classgraph.Classfile::getConstantPoolString (54 bytes)
Event: 3.170 Thread 0x000002de8f382e30 nmethod 3656 0x000002de84864210 code [0x000002de848643e0, 0x000002de84864678]
Event: 3.170 Thread 0x000002de8f382e30 3657       1       io.github.classgraph.Classfile::getConstantPoolString (7 bytes)
Event: 3.170 Thread 0x000002de8f382e30 nmethod 3657 0x000002de84864810 code [0x000002de848649a0, 0x000002de84864a88]
Event: 3.170 Thread 0x000002de8f382e30 3664   !   1       jdk.internal.jimage.decompressor.Decompressor::decompressResource (260 bytes)
Event: 3.172 Thread 0x000002de8e9ee660 nmethod 3653 0x000002de84864b10 code [0x000002de84865020, 0x000002de84866948]
Event: 3.172 Thread 0x000002de8e9ee660 3669       1       io.github.classgraph.Classfile::readInterfaces (63 bytes)
Event: 3.172 Thread 0x000002de8f382e30 nmethod 3664 0x000002de84867f10 code [0x000002de84868260, 0x000002de84869278]
Event: 3.172 Thread 0x000002de8f382e30 3659   !   1       io.github.classgraph.Scanner$ClassfileScannerWorkUnitProcessor::processWorkUnit (291 bytes)
Event: 3.172 Thread 0x000002de8e9ee660 nmethod 3669 0x000002de84869d90 code [0x000002de84869f60, 0x000002de8486a278]
Event: 3.172 Thread 0x000002de8e9ee660 3677       1       nonapi.io.github.classgraph.utils.ProxyingInputStream::read (11 bytes)
Event: 3.173 Thread 0x000002de8e9ee660 nmethod 3677 0x000002de84870c10 code [0x000002de84870da0, 0x000002de84870e88]
Event: 3.173 Thread 0x000002de8e9ee660 3658       1       io.github.classgraph.Scanner$ClassfileScannerWorkUnitProcessor::processWorkUnit (11 bytes)
Event: 3.173 Thread 0x000002de8e911ee0 nmethod 3643 0x000002de8486a410 code [0x000002de8486ab40, 0x000002de8486de48]
Event: 3.173 Thread 0x000002de8e911ee0 3660   !   1       io.github.classgraph.Classfile::<init> (860 bytes)
Event: 3.173 Thread 0x000002de8e9ee660 nmethod 3658 0x000002de84870f10 code [0x000002de848710a0, 0x000002de848711a8]
Event: 3.173 Thread 0x000002de8e9ee660 3662   !   1       io.github.classgraph.ClasspathElementModule$1::open (129 bytes)

GC Heap History (20 events):
Event: 1.561 GC heap after
{Heap after GC invocations=5 (full 0):
 garbage-first heap   total 45056K, used 12601K [0x0000000082800000, 0x0000000100000000)
  region size 1024K, 5 young (5120K), 5 survivors (5120K)
 Metaspace       used 24694K, committed 24896K, reserved 1073152K
  class space    used 3019K, committed 3136K, reserved 1048576K
}
Event: 1.583 GC heap before
{Heap before GC invocations=5 (full 0):
 garbage-first heap   total 45056K, used 13625K [0x0000000082800000, 0x0000000100000000)
  region size 1024K, 6 young (6144K), 5 survivors (5120K)
 Metaspace       used 24902K, committed 25216K, reserved 1073152K
  class space    used 3046K, committed 3200K, reserved 1048576K
}
Event: 1.589 GC heap after
{Heap after GC invocations=6 (full 0):
 garbage-first heap   total 45056K, used 12908K [0x0000000082800000, 0x0000000100000000)
  region size 1024K, 1 young (1024K), 1 survivors (1024K)
 Metaspace       used 24902K, committed 25216K, reserved 1073152K
  class space    used 3046K, committed 3200K, reserved 1048576K
}
Event: 1.908 GC heap before
{Heap before GC invocations=6 (full 0):
 garbage-first heap   total 45056K, used 29292K [0x0000000082800000, 0x0000000100000000)
  region size 1024K, 18 young (18432K), 1 survivors (1024K)
 Metaspace       used 27547K, committed 27840K, reserved 1073152K
  class space    used 3445K, committed 3584K, reserved 1048576K
}
Event: 1.912 GC heap after
{Heap after GC invocations=7 (full 0):
 garbage-first heap   total 78848K, used 14304K [0x0000000082800000, 0x0000000100000000)
  region size 1024K, 3 young (3072K), 3 survivors (3072K)
 Metaspace       used 27547K, committed 27840K, reserved 1073152K
  class space    used 3445K, committed 3584K, reserved 1048576K
}
Event: 2.387 GC heap before
{Heap before GC invocations=7 (full 0):
 garbage-first heap   total 78848K, used 52192K [0x0000000082800000, 0x0000000100000000)
  region size 1024K, 41 young (41984K), 3 survivors (3072K)
 Metaspace       used 32779K, committed 33088K, reserved 1081344K
  class space    used 4157K, committed 4288K, reserved 1048576K
}
Event: 2.392 GC heap after
{Heap after GC invocations=8 (full 0):
 garbage-first heap   total 78848K, used 19272K [0x0000000082800000, 0x0000000100000000)
  region size 1024K, 6 young (6144K), 6 survivors (6144K)
 Metaspace       used 32779K, committed 33088K, reserved 1081344K
  class space    used 4157K, committed 4288K, reserved 1048576K
}
Event: 2.518 GC heap before
{Heap before GC invocations=8 (full 0):
 garbage-first heap   total 78848K, used 53064K [0x0000000082800000, 0x0000000100000000)
  region size 1024K, 40 young (40960K), 6 survivors (6144K)
 Metaspace       used 33332K, committed 33664K, reserved 1081344K
  class space    used 4237K, committed 4416K, reserved 1048576K
}
Event: 2.525 GC heap after
{Heap after GC invocations=9 (full 0):
 garbage-first heap   total 78848K, used 25925K [0x0000000082800000, 0x0000000100000000)
  region size 1024K, 5 young (5120K), 5 survivors (5120K)
 Metaspace       used 33332K, committed 33664K, reserved 1081344K
  class space    used 4237K, committed 4416K, reserved 1048576K
}
Event: 2.598 GC heap before
{Heap before GC invocations=9 (full 0):
 garbage-first heap   total 78848K, used 54597K [0x0000000082800000, 0x0000000100000000)
  region size 1024K, 33 young (33792K), 5 survivors (5120K)
 Metaspace       used 33692K, committed 34048K, reserved 1081344K
  class space    used 4293K, committed 4480K, reserved 1048576K
}
Event: 2.603 GC heap after
{Heap after GC invocations=10 (full 0):
 garbage-first heap   total 78848K, used 31440K [0x0000000082800000, 0x0000000100000000)
  region size 1024K, 5 young (5120K), 5 survivors (5120K)
 Metaspace       used 33692K, committed 34048K, reserved 1081344K
  class space    used 4293K, committed 4480K, reserved 1048576K
}
Event: 2.671 GC heap before
{Heap before GC invocations=10 (full 0):
 garbage-first heap   total 78848K, used 56016K [0x0000000082800000, 0x0000000100000000)
  region size 1024K, 30 young (30720K), 5 survivors (5120K)
 Metaspace       used 34281K, committed 34624K, reserved 1081344K
  class space    used 4396K, committed 4544K, reserved 1048576K
}
Event: 2.679 GC heap after
{Heap after GC invocations=11 (full 0):
 garbage-first heap   total 104448K, used 38281K [0x0000000082800000, 0x0000000100000000)
  region size 1024K, 4 young (4096K), 4 survivors (4096K)
 Metaspace       used 34281K, committed 34624K, reserved 1081344K
  class space    used 4396K, committed 4544K, reserved 1048576K
}
Event: 2.884 GC heap before
{Heap before GC invocations=11 (full 0):
 garbage-first heap   total 104448K, used 73097K [0x0000000082800000, 0x0000000100000000)
  region size 1024K, 39 young (39936K), 4 survivors (4096K)
 Metaspace       used 34944K, committed 35200K, reserved 1081344K
  class space    used 4542K, committed 4672K, reserved 1048576K
}
Event: 2.891 GC heap after
{Heap after GC invocations=12 (full 0):
 garbage-first heap   total 104448K, used 46036K [0x0000000082800000, 0x0000000100000000)
  region size 1024K, 5 young (5120K), 5 survivors (5120K)
 Metaspace       used 34944K, committed 35200K, reserved 1081344K
  class space    used 4542K, committed 4672K, reserved 1048576K
}
Event: 3.125 GC heap before
{Heap before GC invocations=12 (full 0):
 garbage-first heap   total 104448K, used 77780K [0x0000000082800000, 0x0000000100000000)
  region size 1024K, 35 young (35840K), 5 survivors (5120K)
 Metaspace       used 35396K, committed 35712K, reserved 1081344K
  class space    used 4611K, committed 4800K, reserved 1048576K
}
Event: 3.153 GC heap after
{Heap after GC invocations=13 (full 0):
 garbage-first heap   total 104448K, used 62354K [0x0000000082800000, 0x0000000100000000)
  region size 1024K, 5 young (5120K), 5 survivors (5120K)
 Metaspace       used 35396K, committed 35712K, reserved 1081344K
  class space    used 4611K, committed 4800K, reserved 1048576K
}
Event: 3.164 GC heap before
{Heap before GC invocations=13 (full 0):
 garbage-first heap   total 104448K, used 76690K [0x0000000082800000, 0x0000000100000000)
  region size 1024K, 20 young (20480K), 5 survivors (5120K)
 Metaspace       used 35398K, committed 35712K, reserved 1081344K
  class space    used 4612K, committed 4800K, reserved 1048576K
}
Event: 3.168 GC heap after
{Heap after GC invocations=14 (full 0):
 garbage-first heap   total 104448K, used 64558K [0x0000000082800000, 0x0000000100000000)
  region size 1024K, 2 young (2048K), 2 survivors (2048K)
 Metaspace       used 35398K, committed 35712K, reserved 1081344K
  class space    used 4612K, committed 4800K, reserved 1048576K
}
Event: 3.176 GC heap before
{Heap before GC invocations=14 (full 0):
 garbage-first heap   total 104448K, used 78894K [0x0000000082800000, 0x0000000100000000)
  region size 1024K, 17 young (17408K), 2 survivors (2048K)
 Metaspace       used 35405K, committed 35712K, reserved 1081344K
  class space    used 4612K, committed 4800K, reserved 1048576K
}

Deoptimization events (14 events):
Event: 0.697 Thread 0x000002deff829640 DEOPT PACKING pc=0x000002de843d4a75 sp=0x000000eb96ffd890
Event: 0.697 Thread 0x000002deff829640 DEOPT UNPACKING pc=0x000002de84012b43 sp=0x000000eb96ffcd00 mode 3
Event: 1.268 Thread 0x000002deff829640 DEOPT PACKING pc=0x000002de844f1a19 sp=0x000000eb96ffd040
Event: 1.268 Thread 0x000002deff829640 DEOPT UNPACKING pc=0x000002de84012b43 sp=0x000000eb96ffc520 mode 3
Event: 1.552 Thread 0x000002deff829640 DEOPT PACKING pc=0x000002de845b1f75 sp=0x000000eb96ffded0
Event: 1.552 Thread 0x000002deff829640 DEOPT UNPACKING pc=0x000002de84012b43 sp=0x000000eb96ffd340 mode 3
Event: 2.244 Thread 0x000002de9079ea00 DEOPT PACKING pc=0x000002de846b1fab sp=0x000000eb98afe730
Event: 2.244 Thread 0x000002de9079ea00 DEOPT UNPACKING pc=0x000002de84012b43 sp=0x000000eb98afdc78 mode 3
Event: 2.487 Thread 0x000002de90997b90 DEOPT PACKING pc=0x000002de844f3e81 sp=0x000000eb99cff1a0
Event: 2.487 Thread 0x000002de90997b90 DEOPT UNPACKING pc=0x000002de84012b43 sp=0x000000eb99cfe630 mode 3
Event: 2.487 Thread 0x000002de90999870 DEOPT PACKING pc=0x000002de844ec617 sp=0x000000eb99bfef80
Event: 2.488 Thread 0x000002de90999870 DEOPT UNPACKING pc=0x000002de84012b43 sp=0x000000eb99bfe3d8 mode 3
Event: 2.617 Thread 0x000002de909976c0 DEOPT PACKING pc=0x000002de84808cb5 sp=0x000000eb99efdd00
Event: 2.617 Thread 0x000002de909976c0 DEOPT UNPACKING pc=0x000002de84012b43 sp=0x000000eb99efd228 mode 3

Classes unloaded (0 events):
No events

Classes redefined (0 events):
No events

Internal exceptions (20 events):
Event: 2.331 Thread 0x000002de9098a7c0 Exception <a 'sun/nio/fs/WindowsException'{0x0000000085c712e8}> (0x0000000085c712e8) 
thrown [e:\jenkins\tmp\workspace\build\src\src\hotspot\share\prims\jni.cpp, line 516]
Event: 2.331 Thread 0x000002de9098a7c0 Exception <a 'sun/nio/fs/WindowsException'{0x0000000085c71cd0}> (0x0000000085c71cd0) 
thrown [e:\jenkins\tmp\workspace\build\src\src\hotspot\share\prims\jni.cpp, line 516]
Event: 2.331 Thread 0x000002de9098a7c0 Exception <a 'sun/nio/fs/WindowsException'{0x0000000085c72070}> (0x0000000085c72070) 
thrown [e:\jenkins\tmp\workspace\build\src\src\hotspot\share\prims\jni.cpp, line 516]
Event: 2.331 Thread 0x000002de9098a7c0 Exception <a 'sun/nio/fs/WindowsException'{0x0000000085c72a68}> (0x0000000085c72a68) 
thrown [e:\jenkins\tmp\workspace\build\src\src\hotspot\share\prims\jni.cpp, line 516]
Event: 2.331 Thread 0x000002de9098a7c0 Exception <a 'sun/nio/fs/WindowsException'{0x0000000085c72e20}> (0x0000000085c72e20) 
thrown [e:\jenkins\tmp\workspace\build\src\src\hotspot\share\prims\jni.cpp, line 516]
Event: 2.332 Thread 0x000002de9098a7c0 Exception <a 'sun/nio/fs/WindowsException'{0x0000000085c73808}> (0x0000000085c73808) 
thrown [e:\jenkins\tmp\workspace\build\src\src\hotspot\share\prims\jni.cpp, line 516]
Event: 2.332 Thread 0x000002de9098a7c0 Exception <a 'sun/nio/fs/WindowsException'{0x0000000085c73bb0}> (0x0000000085c73bb0) 
thrown [e:\jenkins\tmp\workspace\build\src\src\hotspot\share\prims\jni.cpp, line 516]
Event: 2.332 Thread 0x000002de9098a7c0 Exception <a 'sun/nio/fs/WindowsException'{0x0000000085c745a8}> (0x0000000085c745a8) 
thrown [e:\jenkins\tmp\workspace\build\src\src\hotspot\share\prims\jni.cpp, line 516]
Event: 2.332 Thread 0x000002de9098a7c0 Exception <a 'sun/nio/fs/WindowsException'{0x0000000085c74960}> (0x0000000085c74960) 
thrown [e:\jenkins\tmp\workspace\build\src\src\hotspot\share\prims\jni.cpp, line 516]
Event: 2.332 Thread 0x000002de9098a7c0 Exception <a 'sun/nio/fs/WindowsException'{0x0000000085c75370}> (0x0000000085c75370) 
thrown [e:\jenkins\tmp\workspace\build\src\src\hotspot\share\prims\jni.cpp, line 516]
Event: 2.332 Thread 0x000002de9098a7c0 Exception <a 'sun/nio/fs/WindowsException'{0x0000000085c75748}> (0x0000000085c75748) 
thrown [e:\jenkins\tmp\workspace\build\src\src\hotspot\share\prims\jni.cpp, line 516]
Event: 2.332 Thread 0x000002de9098a7c0 Exception <a 'sun/nio/fs/WindowsException'{0x0000000085c76170}> (0x0000000085c76170) 
thrown [e:\jenkins\tmp\workspace\build\src\src\hotspot\share\prims\jni.cpp, line 516]
Event: 2.332 Thread 0x000002de9098a7c0 Exception <a 'sun/nio/fs/WindowsException'{0x0000000085c76560}> (0x0000000085c76560) 
thrown [e:\jenkins\tmp\workspace\build\src\src\hotspot\share\prims\jni.cpp, line 516]
Event: 2.333 Thread 0x000002de9098a7c0 Exception <a 'sun/nio/fs/WindowsException'{0x0000000085c76f80}> (0x0000000085c76f80) 
thrown [e:\jenkins\tmp\workspace\build\src\src\hotspot\share\prims\jni.cpp, line 516]
Event: 2.333 Thread 0x000002de9098a7c0 Exception <a 'sun/nio/fs/WindowsException'{0x0000000085c77368}> (0x0000000085c77368) 
thrown [e:\jenkins\tmp\workspace\build\src\src\hotspot\share\prims\jni.cpp, line 516]
Event: 2.612 Thread 0x000002de909976c0 Exception <a 'java/lang/NoSuchMethodError'{0x000000008a4e9630}: 'java.lang.Object java.lang.invoke.DirectMethodHandle$Holder.invokeStatic(java.lang.Object, int, java.lang.Object)'> (0x000000008a4e9630) 
thrown [e:\jenkins\tmp\workspace\build\src\src\hotspot\share\interpreter\linkResolver.cpp, line 766]
Event: 2.615 Thread 0x000002de90996d20 Exception <a 'java/lang/NoSuchMethodError'{0x00000000896f5e50}: 'java.lang.Object java.lang.invoke.DirectMethodHandle$Holder.invokeStatic(java.lang.Object, java.lang.Object, java.lang.Object, int, java.lang.Object, java.lang.Object)'> (0x00000000896f5e50) 
thrown [e:\jenkins\tmp\workspace\build\src\src\hotspot\share\interpreter\linkResolver.cpp, line 766]
Event: 2.753 Thread 0x000002de90996d20 Exception <a 'java/lang/NoSuchMethodError'{0x000000008778b5c8}: 'int java.lang.invoke.DirectMethodHandle$Holder.invokeStatic(java.lang.Object)'> (0x000000008778b5c8) 
thrown [e:\jenkins\tmp\workspace\build\src\src\hotspot\share\interpreter\linkResolver.cpp, line 766]
Event: 2.753 Thread 0x000002de90996d20 Exception <a 'java/lang/NoSuchMethodError'{0x000000008778ed20}: 'int java.lang.invoke.DirectMethodHandle$Holder.invokeStaticInit(java.lang.Object)'> (0x000000008778ed20) 
thrown [e:\jenkins\tmp\workspace\build\src\src\hotspot\share\interpreter\linkResolver.cpp, line 766]
Event: 2.788 Thread 0x000002de90996d20 Exception <a 'java/lang/NoSuchMethodError'{0x0000000086e7e450}: 'int java.lang.invoke.DirectMethodHandle$Holder.invokeVirtual(java.lang.Object, java.lang.Object)'> (0x0000000086e7e450) 
thrown [e:\jenkins\tmp\workspace\build\src\src\hotspot\share\interpreter\linkResolver.cpp, line 766]

VM Operations (20 events):
Event: 3.058 Executing VM operation: ICBufferFull done
Event: 3.058 Executing VM operation: ICBufferFull
Event: 3.058 Executing VM operation: ICBufferFull done
Event: 3.059 Executing VM operation: ICBufferFull
Event: 3.059 Executing VM operation: ICBufferFull done
Event: 3.059 Executing VM operation: ICBufferFull
Event: 3.059 Executing VM operation: ICBufferFull done
Event: 3.060 Executing VM operation: ICBufferFull
Event: 3.060 Executing VM operation: ICBufferFull done
Event: 3.061 Executing VM operation: ICBufferFull
Event: 3.061 Executing VM operation: ICBufferFull done
Event: 3.124 Executing VM operation: G1CollectForAllocation
Event: 3.125 Executing VM operation: G1CollectForAllocation done
Event: 3.125 Executing VM operation: G1CollectForAllocation
Event: 3.153 Executing VM operation: G1CollectForAllocation done
Event: 3.163 Executing VM operation: G1CollectForAllocation
Event: 3.164 Executing VM operation: G1CollectForAllocation done
Event: 3.164 Executing VM operation: G1CollectForAllocation
Event: 3.168 Executing VM operation: G1CollectForAllocation done
Event: 3.176 Executing VM operation: G1CollectForAllocation

Events (20 events):
Event: 2.777 loading class java/util/concurrent/CompletableFuture$UniCompose done
Event: 2.778 Thread 0x000002de926a9730 Thread added: 0x000002de926a9730
Event: 2.780 Thread 0x000002de926a3220 Thread added: 0x000002de926a3220
Event: 2.780 loading class java/util/concurrent/CompletableFuture$UniRelay
Event: 2.780 loading class java/util/concurrent/CompletableFuture$UniRelay done
Event: 2.782 loading class java/util/concurrent/CompletionException
Event: 2.783 loading class java/util/concurrent/CompletionException done
Event: 2.791 loading class java/io/PrintWriter
Event: 2.791 loading class java/io/PrintWriter done
Event: 2.794 loading class sun/nio/cs/StringUTF16
Event: 2.794 loading class sun/nio/cs/StringUTF16 done
Event: 2.796 loading class java/util/WeakHashMap$EntrySet
Event: 2.796 loading class java/util/WeakHashMap$EntrySet done
Event: 2.796 loading class java/util/WeakHashMap$EntryIterator
Event: 2.796 loading class java/util/WeakHashMap$HashIterator
Event: 2.796 loading class java/util/WeakHashMap$HashIterator done
Event: 2.796 loading class java/util/WeakHashMap$EntryIterator done
Event: 2.865 Thread 0x000002de926a4090 Thread added: 0x000002de926a4090
Event: 2.909 loading class java/util/regex/Pattern$1
Event: 2.909 loading class java/util/regex/Pattern$1 done


Dynamic libraries:
0x00007ff79acc0000 - 0x00007ff79acce000 	c:\Users\ddai\.vscode\extensions\redhat.java-1.9.0-win32-x64\jre\17.0.3-win32-x86_64\bin\java.exe
0x00007ffad0350000 - 0x00007ffad0548000 	C:\WINDOWS\SYSTEM32\ntdll.dll
0x00007ffacf4a0000 - 0x00007ffacf55d000 	C:\WINDOWS\System32\KERNEL32.DLL
0x00007ffacdb60000 - 0x00007ffacde2e000 	C:\WINDOWS\System32\KERNELBASE.dll
0x00007ffab06f0000 - 0x00007ffab0709000 	c:\Users\ddai\.vscode\extensions\redhat.java-1.9.0-win32-x64\jre\17.0.3-win32-x86_64\bin\VCRUNTIME140.dll
0x00007ffab07e0000 - 0x00007ffab07f8000 	c:\Users\ddai\.vscode\extensions\redhat.java-1.9.0-win32-x64\jre\17.0.3-win32-x86_64\bin\jli.dll
0x00007fface060000 - 0x00007fface160000 	C:\WINDOWS\System32\ucrtbase.dll
0x00007ffaceec0000 - 0x00007ffacf060000 	C:\WINDOWS\System32\USER32.dll
0x00007ffab2fb0000 - 0x00007ffab324a000 	C:\WINDOWS\WinSxS\amd64_microsoft.windows.common-controls_6595b64144ccf1df_6.0.19041.1110_none_60b5254171f9507e\COMCTL32.dll
0x00007ffacda70000 - 0x00007ffacda92000 	C:\WINDOWS\System32\win32u.dll
0x00007ffacec00000 - 0x00007ffacec9e000 	C:\WINDOWS\System32\msvcrt.dll
0x00007ffacf1b0000 - 0x00007ffacf1da000 	C:\WINDOWS\System32\GDI32.dll
0x00007ffacdea0000 - 0x00007ffacdfab000 	C:\WINDOWS\System32\gdi32full.dll
0x00007fface310000 - 0x00007fface3ad000 	C:\WINDOWS\System32\msvcp_win.dll
0x00007ffacf300000 - 0x00007ffacf330000 	C:\WINDOWS\System32\IMM32.DLL
0x00007ffac6fa0000 - 0x00007ffac6fac000 	c:\Users\ddai\.vscode\extensions\redhat.java-1.9.0-win32-x64\jre\17.0.3-win32-x86_64\bin\vcruntime140_1.dll
0x00007ffa85df0000 - 0x00007ffa85e81000 	c:\Users\ddai\.vscode\extensions\redhat.java-1.9.0-win32-x64\jre\17.0.3-win32-x86_64\bin\msvcp140.dll
0x00007ffa4c130000 - 0x00007ffa4cd78000 	c:\Users\ddai\.vscode\extensions\redhat.java-1.9.0-win32-x64\jre\17.0.3-win32-x86_64\bin\server\jvm.dll
0x00007ffaceda0000 - 0x00007ffacee4e000 	C:\WINDOWS\System32\ADVAPI32.dll
0x00007ffaceca0000 - 0x00007ffaced3c000 	C:\WINDOWS\System32\sechost.dll
0x00007ffacfc50000 - 0x00007ffacfd75000 	C:\WINDOWS\System32\RPCRT4.dll
0x00007ffacee50000 - 0x00007ffacee58000 	C:\WINDOWS\System32\PSAPI.DLL
0x00007ffabb0b0000 - 0x00007ffabb0d7000 	C:\WINDOWS\SYSTEM32\WINMM.dll
0x00007ffaadd00000 - 0x00007ffaadd09000 	C:\WINDOWS\SYSTEM32\WSOCK32.dll
0x00007ffac14c0000 - 0x00007ffac14ca000 	C:\WINDOWS\SYSTEM32\VERSION.dll
0x00007ffacf140000 - 0x00007ffacf1ab000 	C:\WINDOWS\System32\WS2_32.dll
0x00007ffacc1b0000 - 0x00007ffacc1c2000 	C:\WINDOWS\SYSTEM32\kernel.appcore.dll
0x00007ffab0820000 - 0x00007ffab082a000 	c:\Users\ddai\.vscode\extensions\redhat.java-1.9.0-win32-x64\jre\17.0.3-win32-x86_64\bin\jimage.dll
0x00007ffacb730000 - 0x00007ffacb914000 	C:\WINDOWS\SYSTEM32\DBGHELP.DLL
0x00007ffab40f0000 - 0x00007ffab411c000 	C:\WINDOWS\SYSTEM32\dbgcore.DLL
0x00007ffacdaa0000 - 0x00007ffacdb22000 	C:\WINDOWS\System32\bcryptPrimitives.dll
0x00007ffaa2000000 - 0x00007ffaa2025000 	c:\Users\ddai\.vscode\extensions\redhat.java-1.9.0-win32-x64\jre\17.0.3-win32-x86_64\bin\java.dll
0x00007ffaa4990000 - 0x00007ffaa49a8000 	c:\Users\ddai\.vscode\extensions\redhat.java-1.9.0-win32-x64\jre\17.0.3-win32-x86_64\bin\zip.dll
0x00007fface3b0000 - 0x00007ffaceaf4000 	C:\WINDOWS\System32\SHELL32.dll
0x00007ffacba00000 - 0x00007ffacc194000 	C:\WINDOWS\SYSTEM32\windows.storage.dll
0x00007ffacfd80000 - 0x00007ffad00d4000 	C:\WINDOWS\System32\combase.dll
0x00007ffacd3f0000 - 0x00007ffacd420000 	C:\WINDOWS\SYSTEM32\Wldp.dll
0x00007ffacf330000 - 0x00007ffacf3dd000 	C:\WINDOWS\System32\SHCORE.dll
0x00007ffaceb90000 - 0x00007ffacebe5000 	C:\WINDOWS\System32\shlwapi.dll
0x00007ffacd9b0000 - 0x00007ffacd9cf000 	C:\WINDOWS\SYSTEM32\profapi.dll
0x00007ffaa47e0000 - 0x00007ffaa47f9000 	C:\Users\ddai\.vscode\extensions\redhat.java-1.9.0-win32-x64\jre\17.0.3-win32-x86_64\bin\net.dll
0x00007ffacca80000 - 0x00007ffaccb8a000 	C:\WINDOWS\SYSTEM32\WINHTTP.dll
0x00007ffacd1d0000 - 0x00007ffacd23a000 	C:\WINDOWS\system32\mswsock.dll
0x00007ffaa1fe0000 - 0x00007ffaa1ff5000 	C:\Users\ddai\.vscode\extensions\redhat.java-1.9.0-win32-x64\jre\17.0.3-win32-x86_64\bin\nio.dll
0x00007ffab01f0000 - 0x00007ffab0200000 	c:\Users\ddai\.vscode\extensions\redhat.java-1.9.0-win32-x64\jre\17.0.3-win32-x86_64\bin\verify.dll
0x00007ffac99e0000 - 0x00007ffac99e9000 	C:\Users\ddai\.vscode\extensions\redhat.java-1.9.0-win32-x64\jre\17.0.3-win32-x86_64\bin\management.dll
0x00007ffac6fc0000 - 0x00007ffac6fcb000 	C:\Users\ddai\.vscode\extensions\redhat.java-1.9.0-win32-x64\jre\17.0.3-win32-x86_64\bin\management_ext.dll
0x00007ffa9df10000 - 0x00007ffa9df27000 	C:\WINDOWS\system32\napinsp.dll
0x00007ffa9def0000 - 0x00007ffa9df0b000 	C:\WINDOWS\system32\pnrpnsp.dll
0x00007ffac8640000 - 0x00007ffac8655000 	C:\WINDOWS\system32\wshbth.dll
0x00007ffac9680000 - 0x00007ffac969d000 	C:\WINDOWS\system32\NLAapi.dll
0x00007ffacce90000 - 0x00007ffaccecb000 	C:\WINDOWS\SYSTEM32\IPHLPAPI.DLL
0x00007ffaccee0000 - 0x00007ffaccfab000 	C:\WINDOWS\SYSTEM32\DNSAPI.dll
0x00007ffacebf0000 - 0x00007ffacebf8000 	C:\WINDOWS\System32\NSI.dll
0x00007ffa9df30000 - 0x00007ffa9df42000 	C:\WINDOWS\System32\winrnr.dll
0x00007ffabc8e0000 - 0x00007ffabc8ea000 	C:\Windows\System32\rasadhlp.dll
0x00007ffac6cd0000 - 0x00007ffac6d50000 	C:\WINDOWS\System32\fwpuclnt.dll
0x00007ffacdb30000 - 0x00007ffacdb57000 	C:\WINDOWS\System32\bcrypt.dll
0x00007ffacd430000 - 0x00007ffacd448000 	C:\WINDOWS\SYSTEM32\CRYPTSP.dll
0x00007ffacc9f0000 - 0x00007ffacca24000 	C:\WINDOWS\system32\rsaenh.dll
0x00007ffacd970000 - 0x00007ffacd99e000 	C:\WINDOWS\SYSTEM32\USERENV.dll
0x00007ffacd360000 - 0x00007ffacd36c000 	C:\WINDOWS\SYSTEM32\CRYPTBASE.dll
0x00007ffac6940000 - 0x00007ffac6957000 	C:\WINDOWS\SYSTEM32\dhcpcsvc6.DLL
0x00007ffac6870000 - 0x00007ffac688d000 	C:\WINDOWS\SYSTEM32\dhcpcsvc.DLL

dbghelp: loaded successfully - version: 4.0.5 - missing functions: none
symbol engine: initialized successfully - sym options: 0x614 - pdb path: .;c:\Users\ddai\.vscode\extensions\redhat.java-1.9.0-win32-x64\jre\17.0.3-win32-x86_64\bin;C:\WINDOWS\SYSTEM32;C:\WINDOWS\WinSxS\amd64_microsoft.windows.common-controls_6595b64144ccf1df_6.0.19041.1110_none_60b5254171f9507e;c:\Users\ddai\.vscode\extensions\redhat.java-1.9.0-win32-x64\jre\17.0.3-win32-x86_64\bin\server

VM Arguments:
jvm_args: -Dsts.lsp.client=vscode -Dsts.log.file=/dev/null -XX:TieredStopAtLevel=1 -Dspring.config.location=file:c:\Users\ddai\.vscode\extensions\pivotal.vscode-spring-boot-1.37.0\language-server\BOOT-INF\classes\application.properties 
java_command: org.springframework.ide.vscode.boot.app.BootLanguageServerBootApp
java_class_path (initial): c:\Users\ddai\.vscode\extensions\pivotal.vscode-spring-boot-1.37.0\language-server\BOOT-INF\classes;c:\Users\ddai\.vscode\extensions\pivotal.vscode-spring-boot-1.37.0\language-server\BOOT-INF\lib\annotations-23.0.0.jar;c:\Users\ddai\.vscode\extensions\pivotal.vscode-spring-boot-1.37.0\language-server\BOOT-INF\lib\antlr-runtime-3.5.2.jar;c:\Users\ddai\.vscode\extensions\pivotal.vscode-spring-boot-1.37.0\language-server\BOOT-INF\lib\antlr4-4.9.3.jar;c:\Users\ddai\.vscode\extensions\pivotal.vscode-spring-boot-1.37.0\language-server\BOOT-INF\lib\antlr4-runtime-4.9.3.jar;c:\Users\ddai\.vscode\extensions\pivotal.vscode-spring-boot-1.37.0\language-server\BOOT-INF\lib\asm-9.3.jar;c:\Users\ddai\.vscode\extensions\pivotal.vscode-spring-boot-1.37.0\language-server\BOOT-INF\lib\asm-analysis-9.3.jar;c:\Users\ddai\.vscode\extensions\pivotal.vscode-spring-boot-1.37.0\language-server\BOOT-INF\lib\asm-tree-9.3.jar;c:\Users\ddai\.vscode\extensions\pivotal.vscode-spring-boot-1.37.0\language-server\BOOT-INF\lib\asm-util-9.3.jar;c:\Users\ddai\.vscode\extensions\pivotal.vscode-spring-boot-1.37.0\language-server\BOOT-INF\lib\byte-buddy-1.10.18.jar;c:\Users\ddai\.vscode\extensions\pivotal.vscode-spring-boot-1.37.0\language-server\BOOT-INF\lib\caffeine-2.8.6.jar;c:\Users\ddai\.vscode\extensions\pivotal.vscode-spring-boot-1.37.0\language-server\BOOT-INF\lib\checker-qual-3.12.0.jar;c:\Users\ddai\.vscode\extensions\pivotal.vscode-spring-boot-1.37.0\language-server\BOOT-INF\lib\classgraph-4.8.149.jar;c:\Users\ddai\.vscode\extensions\pivotal.vscode-spring-boot-1.37.0\language-server\BOOT-INF\lib\commons-codec-1.14.jar;c:\Users\ddai\.vscode\extensions\pivotal.vscode-spring-boot-1.37.0\language-server\BOOT-INF\lib\commons-compress-1.21.jar;c:\Users\ddai\.vscode\extensions\pivotal.vscode-spring-boot-1.37.0\language-server\BOOT-INF\lib\commons-exec-1.3.jar;c:\Users\ddai\.vscode\extensions\pivotal.vscode-spring-boot-1.37.0\language-server\BOOT-INF\lib\commons-io-2.4.jar;c
Launcher Type: SUN_STANDARD

[Global flags]
     intx CICompilerCount                          = 4                                         {product} {ergonomic}
     uint ConcGCThreads                            = 2                                         {product} {ergonomic}
     uint G1ConcRefinementThreads                  = 8                                         {product} {ergonomic}
   size_t G1HeapRegionSize                         = 1048576                                   {product} {ergonomic}
    uintx GCDrainStackTargetSize                   = 64                                        {product} {ergonomic}
   size_t InitialHeapSize                          = 132120576                                 {product} {ergonomic}
   size_t MarkStackSize                            = 4194304                                   {product} {ergonomic}
   size_t MaxHeapSize                              = 2105540608                                {product} {ergonomic}
   size_t MaxNewSize                               = 1262485504                                {product} {ergonomic}
   size_t MinHeapDeltaBytes                        = 1048576                                   {product} {ergonomic}
   size_t MinHeapSize                              = 8388608                                   {product} {ergonomic}
    uintx NonProfiledCodeHeapSize                  = 0                                      {pd product} {ergonomic}
     bool ProfileInterpreter                       = false                                  {pd product} {command line}
    uintx ProfiledCodeHeapSize                     = 0                                      {pd product} {ergonomic}
   size_t SoftMaxHeapSize                          = 2105540608                             {manageable} {ergonomic}
     intx TieredStopAtLevel                        = 1                                         {product} {command line}
     bool UseCompressedClassPointers               = true                           {product lp64_product} {ergonomic}
     bool UseCompressedOops                        = true                           {product lp64_product} {ergonomic}
     bool UseG1GC                                  = true                                      {product} {ergonomic}
     bool UseLargePagesIndividualAllocation        = false                                  {pd product} {ergonomic}

Logging:
Log output configuration:
 #0: stdout all=warning uptime,level,tags
 #1: stderr all=off uptime,level,tags

Environment Variables:
JAVA_HOME=C:\Program Files\Java\jdk1.8.0_25
PATH=C:\Program Files\VanDyke Software\Clients\;C:\Program Files\AdoptOpenJDK\jdk-16.0.1.9-hotspot\bin;C:\Program Files\Java\jdk1.8.0_25\bin;C:\Program Files\Docker\Docker\Resources\bin;C:\Python23;C:\Program Files\GNU\WinCvs 1.3\CVSNT;C:\Oracle\product\12.2.0\client_1\bin;C:\WINDOWS\system32;C:\WINDOWS;C:\WINDOWS\System32\Wbem;C:\WINDOWS\System32\WindowsPowerShell\v1.0\;C:\Program Files (x86)\cvsnt;C:\Program Files\IDM Computer Solutions\UltraEdit;C:\Program Files (x86)\CDC Software\PivotalClient\PivotalClient.PerMachine\exe\bin\Standard;C:\WINDOWS\System32\OpenSSH\;C:\Program Files\Intel\WiFi\bin\;C:\Program Files\Common Files\Intel\WirelessCommon\;C:\Program Files\Amazon\AWSCLIV2\;C:\Program Files\PuTTY\;C:\Program Files\nodejs\;C:\software\python3.8.3;C:\software\python3.8.3\Scripts;C:\Users\ddai\AppData\Roaming\npm;C:\Users\ddai\AppData\Local\Microsoft\WindowsApps;C:\Users\ddai\AppData\Local\Programs\Microsoft VS Code\bin;C:\software\k8s;C:\minikube;
USERNAME=DDai
OS=Windows_NT
PROCESSOR_IDENTIFIER=Intel64 Family 6 Model 142 Stepping 10, GenuineIntel



---------------  S Y S T E M  ---------------

OS:
 Windows 10 , 64 bit Build 19041 (10.0.19041.1806)
OS uptime: 11 days 20:01 hours
Hyper-V role detected

CPU: total 8 (initial active 8) (4 cores per cpu, 2 threads per core) family 6 model 142 stepping 10 microcode 0xe0, cx8, cmov, fxsr, ht, mmx, 3dnowpref, sse, sse2, sse3, ssse3, sse4.1, sse4.2, popcnt, lzcnt, tsc, tscinvbit, avx, avx2, aes, erms, clmul, bmi1, bmi2, rtm, adx, fma, vzeroupper, clflush, clflushopt, hv

Memory: 4k page, system-wide physical 8026M (453M free)
TotalPageFile size 32602M (AvailPageFile size 17M)
current process WorkingSet (physical memory assigned to process): 202M, peak: 202M
current process commit charge ("private bytes"): 252M, peak: 265M

vm_info: OpenJDK 64-Bit Server VM (17.0.3+7) for windows-amd64 JRE (17.0.3+7), built on Apr 19 2022 16:55:35 by "" with MS VC++ 16.7 (VS2019)

END.
