#
# There is insufficient memory for the Java Runtime Environment to continue.
# Native memory allocation (mmap) failed to map 103809024 bytes for G1 virtual space
# Possible reasons:
#   The system is out of physical RAM or swap space
#   The process is running with CompressedOops enabled, and the Java Heap may be blocking the growth of the native heap
# Possible solutions:
#   Reduce memory load on the system
#   Increase physical memory or swap space
#   Check if swap backing store is full
#   Decrease Java heap size (-Xmx/-Xms)
#   Decrease number of Java threads
#   Decrease Java thread stack sizes (-Xss)
#   Set larger code cache with -XX:ReservedCodeCacheSize=
#   JVM is running with Unscaled Compressed Oops mode in which the Java heap is
#     placed in the first 4GB address space. The Java Heap base address is the
#     maximum limit for the native heap growth. Please use -XX:HeapBaseMinAddress
#     to set the Java Heap base and to place the Java Heap above 4GB virtual address.
# This output file may be truncated or incomplete.
#
#  Out of Memory Error (os_windows.cpp:3535), pid=18228, tid=9340
#
# JRE version: OpenJDK Runtime Environment Temurin-17.0.3+7 (17.0.3+7) (build 17.0.3+7)
# Java VM: OpenJDK 64-Bit Server VM Temurin-17.0.3+7 (17.0.3+7, mixed mode, emulated-client, tiered, compressed oops, compressed class ptrs, g1 gc, windows-amd64)
# No core dump will be written. Minidumps are not enabled by default on client versions of Windows
#

---------------  S U M M A R Y ------------

Command Line: -Dsts.lsp.client=vscode -Dsts.log.file=/dev/null -XX:TieredStopAtLevel=1 -Dspring.config.location=file:c:\Users\ddai\.vscode\extensions\pivotal.vscode-spring-boot-1.37.0\language-server\BOOT-INF\classes\application.properties org.springframework.ide.vscode.boot.app.BootLanguageServerBootApp

Host: Intel(R) Core(TM) i5-8350U CPU @ 1.70GHz, 8 cores, 7G,  Windows 10 , 64 bit Build 19041 (10.0.19041.1806)
Time: Sun Aug 21 05:23:11 2022 Eastern Daylight Time elapsed time: 3.006520 seconds (0d 0h 0m 3s)

---------------  T H R E A D  ---------------

Current thread (0x00000229f4e1ae20):  VMThread "VM Thread" [stack: 0x0000005218000000,0x0000005218100000] [id=9340]

Stack: [0x0000005218000000,0x0000005218100000]
Native frames: (J=compiled Java code, j=interpreted, Vv=VM code, C=native code)
V  [jvm.dll+0x675efa]
V  [jvm.dll+0x830a24]
V  [jvm.dll+0x8321ce]
V  [jvm.dll+0x832833]
V  [jvm.dll+0x2454b5]
V  [jvm.dll+0x672de9]
V  [jvm.dll+0x667732]
V  [jvm.dll+0x3043ab]
V  [jvm.dll+0x30b8f6]
V  [jvm.dll+0x35b62e]
V  [jvm.dll+0x35b85f]
V  [jvm.dll+0x2db248]
V  [jvm.dll+0x2d94fc]
V  [jvm.dll+0x2d8acc]
V  [jvm.dll+0x31ca2b]
V  [jvm.dll+0x836cdb]
V  [jvm.dll+0x837a14]
V  [jvm.dll+0x837f2c]
V  [jvm.dll+0x838304]
V  [jvm.dll+0x8383d0]
V  [jvm.dll+0x7e0cfa]
V  [jvm.dll+0x674d85]
C  [ucrtbase.dll+0x21bb2]
C  [KERNEL32.DLL+0x17034]
C  [ntdll.dll+0x52651]

VM_Operation (0x000000521a5fde00): G1CollectForAllocation, mode: safepoint, requested by thread 0x00000229f79cf820


---------------  P R O C E S S  ---------------

Threads class SMR info:
_java_thread_list=0x00000229f7f24980, length=46, elements={
0x00000229f4e6b740, 0x00000229f4e6cc60, 0x00000229f581a130, 0x00000229f581cdc0,
0x00000229f581ea90, 0x00000229f4e94170, 0x00000229f4e95280, 0x00000229f4e96320,
0x00000229f58de6e0, 0x00000229f5a17030, 0x00000229f5a2b010, 0x00000229f6225720,
0x00000229f62a6280, 0x00000229f7884c30, 0x00000229f7979a00, 0x00000229f797bee0,
0x00000229e59cafe0, 0x00000229f7980a50, 0x00000229f79814c0, 0x00000229f7981990,
0x00000229f79c2010, 0x00000229f79aa450, 0x00000229f79ce010, 0x00000229f79ce4e0,
0x00000229f79ce9b0, 0x00000229f79cc330, 0x00000229f79cee80, 0x00000229f79cf350,
0x00000229f79cf820, 0x00000229f79cc800, 0x00000229f79cccd0, 0x00000229f79cbe60,
0x00000229f79cd1a0, 0x00000229f79cd670, 0x00000229f79cdb40, 0x00000229f7a01090,
0x00000229f7a01f00, 0x00000229f7a01560, 0x00000229f7a006f0, 0x00000229f7a023d0,
0x00000229f7a00bc0, 0x00000229f7a028a0, 0x00000229f7a01a30, 0x00000229f7a02d70,
0x00000229f79ff3b0, 0x00000229f79ff880
}

Java Threads: ( => current thread )
  0x00000229f4e6b740 JavaThread "Reference Handler" daemon [_thread_blocked, id=32896, stack(0x0000005218100000,0x0000005218200000)]
  0x00000229f4e6cc60 JavaThread "Finalizer" daemon [_thread_blocked, id=24760, stack(0x0000005218200000,0x0000005218300000)]
  0x00000229f581a130 JavaThread "Signal Dispatcher" daemon [_thread_blocked, id=27220, stack(0x0000005218300000,0x0000005218400000)]
  0x00000229f581cdc0 JavaThread "Attach Listener" daemon [_thread_blocked, id=23152, stack(0x0000005218400000,0x0000005218500000)]
  0x00000229f581ea90 JavaThread "Service Thread" daemon [_thread_blocked, id=14192, stack(0x0000005218500000,0x0000005218600000)]
  0x00000229f4e94170 JavaThread "Monitor Deflation Thread" daemon [_thread_blocked, id=29000, stack(0x0000005218600000,0x0000005218700000)]
  0x00000229f4e95280 JavaThread "C1 CompilerThread0" daemon [_thread_blocked, id=28512, stack(0x0000005218700000,0x0000005218800000)]
  0x00000229f4e96320 JavaThread "Sweeper thread" daemon [_thread_blocked, id=35020, stack(0x0000005218800000,0x0000005218900000)]
  0x00000229f58de6e0 JavaThread "C1 CompilerThread1" daemon [_thread_blocked, id=23276, stack(0x0000005218900000,0x0000005218a00000)]
  0x00000229f5a17030 JavaThread "Notification Thread" daemon [_thread_blocked, id=19680, stack(0x0000005218a00000,0x0000005218b00000)]
  0x00000229f5a2b010 JavaThread "Common-Cleaner" daemon [_thread_blocked, id=24928, stack(0x0000005218c00000,0x0000005218d00000)]
  0x00000229f6225720 JavaThread "C1 CompilerThread2" daemon [_thread_blocked, id=31180, stack(0x0000005218d00000,0x0000005218e00000)]
  0x00000229f62a6280 JavaThread "C1 CompilerThread3" daemon [_thread_blocked, id=30452, stack(0x0000005218e00000,0x0000005218f00000)]
  0x00000229f7884c30 JavaThread "ForkJoinPool.commonPool-worker-1" daemon [_thread_blocked, id=35128, stack(0x0000005219500000,0x0000005219600000)]
  0x00000229f7979a00 JavaThread "pool-7-thread-1" [_thread_blocked, id=15720, stack(0x0000005219800000,0x0000005219900000)]
  0x00000229f797bee0 JavaThread "LanguageServerApp-lifecycle" [_thread_blocked, id=29540, stack(0x0000005219900000,0x0000005219a00000)]
  0x00000229e59cafe0 JavaThread "DestroyJavaVM" [_thread_blocked, id=14260, stack(0x0000005217a00000,0x0000005217b00000)]
  0x00000229f7980a50 JavaThread "ClassGraph-worker-0" daemon [_thread_blocked, id=12064, stack(0x0000005219a00000,0x0000005219b00000)]
  0x00000229f79814c0 JavaThread "ClassGraph-worker-1" daemon [_thread_blocked, id=26764, stack(0x0000005219b00000,0x0000005219c00000)]
  0x00000229f7981990 JavaThread "ClassGraph-worker-2" daemon [_thread_blocked, id=34344, stack(0x0000005219c00000,0x0000005219d00000)]
  0x00000229f79c2010 JavaThread "ClassGraph-worker-3" daemon [_thread_blocked, id=18476, stack(0x0000005219d00000,0x0000005219e00000)]
  0x00000229f79aa450 JavaThread "ClassGraph-worker-4" daemon [_thread_blocked, id=25248, stack(0x0000005219e00000,0x0000005219f00000)]
  0x00000229f79ce010 JavaThread "ClassGraph-worker-5" daemon [_thread_blocked, id=27864, stack(0x0000005219f00000,0x000000521a000000)]
  0x00000229f79ce4e0 JavaThread "ClassGraph-worker-6" daemon [_thread_blocked, id=35984, stack(0x000000521a000000,0x000000521a100000)]
  0x00000229f79ce9b0 JavaThread "ClassGraph-worker-7" daemon [_thread_blocked, id=28312, stack(0x000000521a100000,0x000000521a200000)]
  0x00000229f79cc330 JavaThread "ClassGraph-worker-8" daemon [_thread_blocked, id=25100, stack(0x000000521a200000,0x000000521a300000)]
  0x00000229f79cee80 JavaThread "ClassGraph-worker-9" daemon [_thread_blocked, id=14696, stack(0x000000521a300000,0x000000521a400000)]
  0x00000229f79cf350 JavaThread "ClassGraph-worker-10" daemon [_thread_blocked, id=11564, stack(0x000000521a400000,0x000000521a500000)]
  0x00000229f79cf820 JavaThread "ClassGraph-worker-11" daemon [_thread_blocked, id=30836, stack(0x000000521a500000,0x000000521a600000)]
  0x00000229f79cc800 JavaThread "ClassGraph-worker-12" daemon [_thread_blocked, id=1480, stack(0x000000521a600000,0x000000521a700000)]
  0x00000229f79cccd0 JavaThread "ClassGraph-worker-13" daemon [_thread_blocked, id=24968, stack(0x000000521a700000,0x000000521a800000)]
  0x00000229f79cbe60 JavaThread "pool-8-thread-1" [_thread_in_native, id=9876, stack(0x000000521a800000,0x000000521a900000)]
  0x00000229f79cd1a0 JavaThread "Simple-Language-Server main thread" daemon [_thread_blocked, id=33960, stack(0x000000521a900000,0x000000521aa00000)]
  0x00000229f79cd670 JavaThread "pool-5-thread-1" [_thread_blocked, id=35272, stack(0x000000521aa00000,0x000000521ab00000)]
  0x00000229f79cdb40 JavaThread "parallel-1" daemon [_thread_blocked, id=2860, stack(0x000000521ab00000,0x000000521ac00000)]
  0x00000229f7a01090 JavaThread "parallel-2" daemon [_thread_blocked, id=35964, stack(0x000000521ac00000,0x000000521ad00000)]
  0x00000229f7a01f00 JavaThread "parallel-4" daemon [_thread_blocked, id=32612, stack(0x000000521ad00000,0x000000521ae00000)]
  0x00000229f7a01560 JavaThread "parallel-3" daemon [_thread_blocked, id=32788, stack(0x000000521ae00000,0x000000521af00000)]
  0x00000229f7a006f0 JavaThread "parallel-5" daemon [_thread_blocked, id=31084, stack(0x000000521af00000,0x000000521b000000)]
  0x00000229f7a023d0 JavaThread "parallel-6" daemon [_thread_blocked, id=26672, stack(0x000000521b000000,0x000000521b100000)]
  0x00000229f7a00bc0 JavaThread "parallel-7" daemon [_thread_blocked, id=33828, stack(0x000000521b100000,0x000000521b200000)]
  0x00000229f7a028a0 JavaThread "parallel-8" daemon [_thread_blocked, id=21788, stack(0x000000521b200000,0x000000521b300000)]
  0x00000229f7a01a30 JavaThread "pool-2-thread-1" [_thread_blocked, id=7644, stack(0x000000521b300000,0x000000521b400000)]
  0x00000229f7a02d70 JavaThread "ForkJoinPool.commonPool-worker-2" daemon [_thread_blocked, id=25320, stack(0x000000521b400000,0x000000521b500000)]
  0x00000229f79ff3b0 JavaThread "pool-2-thread-2" [_thread_blocked, id=7836, stack(0x000000521b500000,0x000000521b600000)]
  0x00000229f79ff880 JavaThread "Reconciler-1" daemon [_thread_blocked, id=9500, stack(0x000000521b600000,0x000000521b700000)]

Other Threads:
=>0x00000229f4e1ae20 VMThread "VM Thread" [stack: 0x0000005218000000,0x0000005218100000] [id=9340]
  0x00000229f5a17500 WatcherThread [stack: 0x0000005218b00000,0x0000005218c00000] [id=4320]
  0x00000229e7bb4b80 GCTaskThread "GC Thread#0" [stack: 0x0000005217b00000,0x0000005217c00000] [id=35432]
  0x00000229f634bc80 GCTaskThread "GC Thread#1" [stack: 0x0000005218f00000,0x0000005219000000] [id=33812]
  0x00000229f6388010 GCTaskThread "GC Thread#2" [stack: 0x0000005219000000,0x0000005219100000] [id=3308]
  0x00000229f63ce8e0 GCTaskThread "GC Thread#3" [stack: 0x0000005219100000,0x0000005219200000] [id=33768]
  0x00000229f63cfba0 GCTaskThread "GC Thread#4" [stack: 0x0000005219200000,0x0000005219300000] [id=25544]
  0x00000229f63d8470 GCTaskThread "GC Thread#5" [stack: 0x0000005219300000,0x0000005219400000] [id=4580]
  0x00000229f63d8720 GCTaskThread "GC Thread#6" [stack: 0x0000005219400000,0x0000005219500000] [id=13572]
  0x00000229f71e8070 GCTaskThread "GC Thread#7" [stack: 0x0000005219600000,0x0000005219700000] [id=26940]
  0x00000229e7bc64e0 ConcurrentGCThread "G1 Main Marker" [stack: 0x0000005217c00000,0x0000005217d00000] [id=33764]
  0x00000229e7bc95c0 ConcurrentGCThread "G1 Conc#0" [stack: 0x0000005217d00000,0x0000005217e00000] [id=35716]
  0x00000229f7385960 ConcurrentGCThread "G1 Conc#1" [stack: 0x0000005219700000,0x0000005219800000] [id=18804]
  0x00000229f4cc20b0 ConcurrentGCThread "G1 Refine#0" [stack: 0x0000005217e00000,0x0000005217f00000] [id=720]
  0x00000229f4cc28e0 ConcurrentGCThread "G1 Service" [stack: 0x0000005217f00000,0x0000005218000000] [id=30076]

Threads with active compile tasks:

VM state: at safepoint (normal execution)

VM Mutex/Monitor currently owned by a thread:  ([mutex/lock_event])
[0x00000229e58f82c0] Threads_lock - owner thread: 0x00000229f4e1ae20
[0x00000229e7b59350] Heap_lock - owner thread: 0x00000229f79cf820

Heap address: 0x0000000082800000, size: 2008 MB, Compressed Oops mode: 32-bit

CDS archive(s) not mapped
Compressed class space mapped at: 0x0000000100000000-0x0000000140000000, reserved size: 1073741824
Narrow klass base: 0x0000000000000000, Narrow klass shift: 3, Narrow klass range: 0x140000000

GC Precious Log:
 CPUs: 8 total, 8 available
 Memory: 8026M
 Large Page Support: Disabled
 NUMA Support: Disabled
 Compressed Oops: Enabled (32-bit)
 Heap Region Size: 1M
 Heap Min Capacity: 8M
 Heap Initial Capacity: 126M
 Heap Max Capacity: 2008M
 Pre-touch: Disabled
 Parallel Workers: 8
 Concurrent Workers: 2
 Concurrent Refinement Workers: 8
 Periodic GC: Disabled

Heap:
 garbage-first heap   total 129024K, used 48950K [0x0000000082800000, 0x0000000100000000)
  region size 1024K, 1 young (1024K), 1 survivors (1024K)
 Metaspace       used 35158K, committed 35456K, reserved 1081344K
  class space    used 4582K, committed 4736K, reserved 1048576K

Heap Regions: E=young(eden), S=young(survivor), O=old, HS=humongous(starts), HC=humongous(continues), CS=collection set, F=free, OA=open archive, CA=closed archive, TAMS=top-at-mark-start (previous, next)
|   0|0x0000000082800000, 0x0000000082900000, 0x0000000082900000|100%| O|  |TAMS 0x0000000082900000, 0x0000000082800000| Untracked 
|   1|0x0000000082900000, 0x0000000082a00000, 0x0000000082a00000|100%| O|  |TAMS 0x0000000082a00000, 0x0000000082900000| Untracked 
|   2|0x0000000082a00000, 0x0000000082b00000, 0x0000000082b00000|100%| O|  |TAMS 0x0000000082b00000, 0x0000000082a00000| Untracked 
|   3|0x0000000082b00000, 0x0000000082c00000, 0x0000000082c00000|100%| O|  |TAMS 0x0000000082c00000, 0x0000000082b00000| Untracked 
|   4|0x0000000082c00000, 0x0000000082d00000, 0x0000000082d00000|100%| O|  |TAMS 0x0000000082d00000, 0x0000000082c00000| Untracked 
|   5|0x0000000082d00000, 0x0000000082e00000, 0x0000000082e00000|100%| O|  |TAMS 0x0000000082e00000, 0x0000000082d00000| Untracked 
|   6|0x0000000082e00000, 0x0000000082f00000, 0x0000000082f00000|100%| O|  |TAMS 0x0000000082f00000, 0x0000000082e00000| Untracked 
|   7|0x0000000082f00000, 0x0000000083000000, 0x0000000083000000|100%| O|  |TAMS 0x0000000083000000, 0x0000000082f00000| Untracked 
|   8|0x0000000083000000, 0x0000000083000000, 0x0000000083100000|  0%| F|  |TAMS 0x0000000083000000, 0x0000000083000000| Untracked 
|   9|0x0000000083100000, 0x0000000083200000, 0x0000000083200000|100%| O|  |TAMS 0x0000000083200000, 0x0000000083100000| Untracked 
|  10|0x0000000083200000, 0x0000000083300000, 0x0000000083300000|100%| O|  |TAMS 0x0000000083300000, 0x0000000083200000| Untracked 
|  11|0x0000000083300000, 0x0000000083400000, 0x0000000083400000|100%| O|  |TAMS 0x0000000083400000, 0x0000000083300000| Untracked 
|  12|0x0000000083400000, 0x0000000083500000, 0x0000000083500000|100%| O|  |TAMS 0x0000000083500000, 0x0000000083400000| Untracked 
|  13|0x0000000083500000, 0x0000000083600000, 0x0000000083600000|100%| O|  |TAMS 0x0000000083600000, 0x0000000083500000| Untracked 
|  14|0x0000000083600000, 0x0000000083700000, 0x0000000083700000|100%| O|  |TAMS 0x0000000083700000, 0x0000000083600000| Untracked 
|  15|0x0000000083700000, 0x0000000083800000, 0x0000000083800000|100%| O|  |TAMS 0x0000000083800000, 0x0000000083700000| Untracked 
|  16|0x0000000083800000, 0x0000000083900000, 0x0000000083900000|100%| O|  |TAMS 0x0000000083900000, 0x0000000083800000| Untracked 
|  17|0x0000000083900000, 0x0000000083a00000, 0x0000000083a00000|100%| O|  |TAMS 0x0000000083a00000, 0x0000000083900000| Untracked 
|  18|0x0000000083a00000, 0x0000000083b00000, 0x0000000083b00000|100%| O|  |TAMS 0x0000000083b00000, 0x0000000083a00000| Untracked 
|  19|0x0000000083b00000, 0x0000000083c00000, 0x0000000083c00000|100%| O|  |TAMS 0x0000000083c00000, 0x0000000083b00000| Untracked 
|  20|0x0000000083c00000, 0x0000000083d00000, 0x0000000083d00000|100%| O|  |TAMS 0x0000000083d00000, 0x0000000083c00000| Untracked 
|  21|0x0000000083d00000, 0x0000000083e00000, 0x0000000083e00000|100%| O|  |TAMS 0x0000000083e00000, 0x0000000083d00000| Untracked 
|  22|0x0000000083e00000, 0x0000000083f00000, 0x0000000083f00000|100%| O|  |TAMS 0x0000000083f00000, 0x0000000083e00000| Untracked 
|  23|0x0000000083f00000, 0x0000000084000000, 0x0000000084000000|100%| O|  |TAMS 0x0000000084000000, 0x0000000083f00000| Untracked 
|  24|0x0000000084000000, 0x0000000084100000, 0x0000000084100000|100%| O|  |TAMS 0x0000000084100000, 0x0000000084000000| Untracked 
|  25|0x0000000084100000, 0x0000000084200000, 0x0000000084200000|100%| O|  |TAMS 0x0000000084200000, 0x0000000084100000| Untracked 
|  26|0x0000000084200000, 0x0000000084300000, 0x0000000084300000|100%| O|  |TAMS 0x0000000084300000, 0x0000000084200000| Untracked 
|  27|0x0000000084300000, 0x0000000084400000, 0x0000000084400000|100%| O|  |TAMS 0x0000000084400000, 0x0000000084300000| Untracked 
|  28|0x0000000084400000, 0x0000000084500000, 0x0000000084500000|100%| O|  |TAMS 0x0000000084500000, 0x0000000084400000| Untracked 
|  29|0x0000000084500000, 0x0000000084600000, 0x0000000084600000|100%| O|  |TAMS 0x0000000084600000, 0x0000000084500000| Untracked 
|  30|0x0000000084600000, 0x0000000084700000, 0x0000000084700000|100%| O|  |TAMS 0x0000000084700000, 0x0000000084600000| Untracked 
|  31|0x0000000084700000, 0x0000000084800000, 0x0000000084800000|100%| O|  |TAMS 0x0000000084800000, 0x0000000084700000| Untracked 
|  32|0x0000000084800000, 0x0000000084900000, 0x0000000084900000|100%| O|  |TAMS 0x0000000084900000, 0x0000000084800000| Untracked 
|  33|0x0000000084900000, 0x0000000084a00000, 0x0000000084a00000|100%| O|  |TAMS 0x0000000084a00000, 0x0000000084900000| Untracked 
|  34|0x0000000084a00000, 0x0000000084b00000, 0x0000000084b00000|100%| O|  |TAMS 0x0000000084b00000, 0x0000000084a00000| Untracked 
|  35|0x0000000084b00000, 0x0000000084c00000, 0x0000000084c00000|100%| O|  |TAMS 0x0000000084c00000, 0x0000000084b00000| Untracked 
|  36|0x0000000084c00000, 0x0000000084d00000, 0x0000000084d00000|100%| O|  |TAMS 0x0000000084c72600, 0x0000000084c00000| Untracked 
|  37|0x0000000084d00000, 0x0000000084e00000, 0x0000000084e00000|100%| O|  |TAMS 0x0000000084d00000, 0x0000000084d00000| Untracked 
|  38|0x0000000084e00000, 0x0000000084f00000, 0x0000000084f00000|100%| O|  |TAMS 0x0000000084e00000, 0x0000000084e00000| Untracked 
|  39|0x0000000084f00000, 0x0000000085000000, 0x0000000085000000|100%| O|  |TAMS 0x0000000084f00000, 0x0000000084f00000| Untracked 
|  40|0x0000000085000000, 0x0000000085100000, 0x0000000085100000|100%| O|  |TAMS 0x0000000085000000, 0x0000000085000000| Untracked 
|  41|0x0000000085100000, 0x0000000085200000, 0x0000000085200000|100%| O|  |TAMS 0x0000000085100000, 0x0000000085100000| Untracked 
|  42|0x0000000085200000, 0x0000000085300000, 0x0000000085300000|100%| O|  |TAMS 0x0000000085200000, 0x0000000085200000| Untracked 
|  43|0x0000000085300000, 0x0000000085400000, 0x0000000085400000|100%| O|  |TAMS 0x0000000085300000, 0x0000000085300000| Untracked 
|  44|0x0000000085400000, 0x0000000085500000, 0x0000000085500000|100%| O|  |TAMS 0x0000000085400000, 0x0000000085400000| Untracked 
|  45|0x0000000085500000, 0x0000000085600000, 0x0000000085600000|100%| O|  |TAMS 0x0000000085500000, 0x0000000085500000| Untracked 
|  46|0x0000000085600000, 0x0000000085700000, 0x0000000085700000|100%| O|  |TAMS 0x0000000085600000, 0x0000000085600000| Untracked 
|  47|0x0000000085700000, 0x0000000085800000, 0x0000000085800000|100%| O|  |TAMS 0x0000000085700000, 0x0000000085700000| Untracked 
|  48|0x0000000085800000, 0x000000008585a000, 0x0000000085900000| 35%| O|  |TAMS 0x0000000085800000, 0x0000000085800000| Untracked 
|  49|0x0000000085900000, 0x0000000085900000, 0x0000000085a00000|  0%| F|  |TAMS 0x0000000085900000, 0x0000000085900000| Untracked 
|  50|0x0000000085a00000, 0x0000000085a00000, 0x0000000085b00000|  0%| F|  |TAMS 0x0000000085a00000, 0x0000000085a00000| Untracked 
|  51|0x0000000085b00000, 0x0000000085b00000, 0x0000000085c00000|  0%| F|  |TAMS 0x0000000085b00000, 0x0000000085b00000| Untracked 
|  52|0x0000000085c00000, 0x0000000085c00000, 0x0000000085d00000|  0%| F|  |TAMS 0x0000000085c00000, 0x0000000085c00000| Untracked 
|  53|0x0000000085d00000, 0x0000000085d00000, 0x0000000085e00000|  0%| F|  |TAMS 0x0000000085d00000, 0x0000000085d00000| Untracked 
|  54|0x0000000085e00000, 0x0000000085e00000, 0x0000000085f00000|  0%| F|  |TAMS 0x0000000085e00000, 0x0000000085e00000| Untracked 
|  55|0x0000000085f00000, 0x0000000085f00000, 0x0000000086000000|  0%| F|  |TAMS 0x0000000085f00000, 0x0000000085f00000| Untracked 
|  56|0x0000000086000000, 0x0000000086000000, 0x0000000086100000|  0%| F|  |TAMS 0x0000000086000000, 0x0000000086000000| Untracked 
|  57|0x0000000086100000, 0x0000000086100000, 0x0000000086200000|  0%| F|  |TAMS 0x0000000086100000, 0x0000000086100000| Untracked 
|  58|0x0000000086200000, 0x0000000086200000, 0x0000000086300000|  0%| F|  |TAMS 0x0000000086200000, 0x0000000086200000| Untracked 
|  59|0x0000000086300000, 0x0000000086300000, 0x0000000086400000|  0%| F|  |TAMS 0x0000000086300000, 0x0000000086300000| Untracked 
|  60|0x0000000086400000, 0x0000000086400000, 0x0000000086500000|  0%| F|  |TAMS 0x0000000086400000, 0x0000000086400000| Untracked 
|  61|0x0000000086500000, 0x0000000086500000, 0x0000000086600000|  0%| F|  |TAMS 0x0000000086500000, 0x0000000086500000| Untracked 
|  62|0x0000000086600000, 0x0000000086600000, 0x0000000086700000|  0%| F|  |TAMS 0x0000000086600000, 0x0000000086600000| Untracked 
|  63|0x0000000086700000, 0x0000000086700000, 0x0000000086800000|  0%| F|  |TAMS 0x0000000086700000, 0x0000000086700000| Untracked 
|  64|0x0000000086800000, 0x0000000086800000, 0x0000000086900000|  0%| F|  |TAMS 0x0000000086800000, 0x0000000086800000| Untracked 
|  65|0x0000000086900000, 0x0000000086900000, 0x0000000086a00000|  0%| F|  |TAMS 0x0000000086900000, 0x0000000086900000| Untracked 
|  66|0x0000000086a00000, 0x0000000086a00000, 0x0000000086b00000|  0%| F|  |TAMS 0x0000000086a00000, 0x0000000086a00000| Untracked 
|  67|0x0000000086b00000, 0x0000000086b00000, 0x0000000086c00000|  0%| F|  |TAMS 0x0000000086b00000, 0x0000000086b00000| Untracked 
|  68|0x0000000086c00000, 0x0000000086c00000, 0x0000000086d00000|  0%| F|  |TAMS 0x0000000086c00000, 0x0000000086c00000| Untracked 
|  69|0x0000000086d00000, 0x0000000086d00000, 0x0000000086e00000|  0%| F|  |TAMS 0x0000000086d00000, 0x0000000086d00000| Untracked 
|  70|0x0000000086e00000, 0x0000000086e00000, 0x0000000086f00000|  0%| F|  |TAMS 0x0000000086e00000, 0x0000000086e00000| Untracked 
|  71|0x0000000086f00000, 0x0000000086f00000, 0x0000000087000000|  0%| F|  |TAMS 0x0000000086f00000, 0x0000000086f00000| Untracked 
|  72|0x0000000087000000, 0x0000000087000000, 0x0000000087100000|  0%| F|  |TAMS 0x0000000087000000, 0x0000000087000000| Untracked 
|  73|0x0000000087100000, 0x0000000087100000, 0x0000000087200000|  0%| F|  |TAMS 0x0000000087100000, 0x0000000087100000| Untracked 
|  74|0x0000000087200000, 0x0000000087200000, 0x0000000087300000|  0%| F|  |TAMS 0x0000000087200000, 0x0000000087200000| Untracked 
|  75|0x0000000087300000, 0x0000000087300000, 0x0000000087400000|  0%| F|  |TAMS 0x0000000087300000, 0x0000000087300000| Untracked 
|  76|0x0000000087400000, 0x0000000087400000, 0x0000000087500000|  0%| F|  |TAMS 0x0000000087400000, 0x0000000087400000| Untracked 
|  77|0x0000000087500000, 0x0000000087500000, 0x0000000087600000|  0%| F|  |TAMS 0x0000000087500000, 0x0000000087500000| Untracked 
|  78|0x0000000087600000, 0x0000000087600000, 0x0000000087700000|  0%| F|  |TAMS 0x0000000087600000, 0x0000000087600000| Untracked 
|  79|0x0000000087700000, 0x0000000087700000, 0x0000000087800000|  0%| F|  |TAMS 0x0000000087700000, 0x0000000087700000| Untracked 
|  80|0x0000000087800000, 0x0000000087800000, 0x0000000087900000|  0%| F|  |TAMS 0x0000000087800000, 0x0000000087800000| Untracked 
|  81|0x0000000087900000, 0x0000000087900000, 0x0000000087a00000|  0%| F|  |TAMS 0x0000000087900000, 0x0000000087900000| Untracked 
|  82|0x0000000087a00000, 0x0000000087a00000, 0x0000000087b00000|  0%| F|  |TAMS 0x0000000087a00000, 0x0000000087a00000| Untracked 
|  83|0x0000000087b00000, 0x0000000087b00000, 0x0000000087c00000|  0%| F|  |TAMS 0x0000000087b00000, 0x0000000087b00000| Untracked 
|  84|0x0000000087c00000, 0x0000000087c00000, 0x0000000087d00000|  0%| F|  |TAMS 0x0000000087c00000, 0x0000000087c00000| Untracked 
|  85|0x0000000087d00000, 0x0000000087d00000, 0x0000000087e00000|  0%| F|  |TAMS 0x0000000087d00000, 0x0000000087d00000| Untracked 
|  86|0x0000000087e00000, 0x0000000087e00000, 0x0000000087f00000|  0%| F|  |TAMS 0x0000000087e00000, 0x0000000087e00000| Untracked 
|  87|0x0000000087f00000, 0x0000000087f00000, 0x0000000088000000|  0%| F|  |TAMS 0x0000000087f00000, 0x0000000087f00000| Untracked 
|  88|0x0000000088000000, 0x0000000088000000, 0x0000000088100000|  0%| F|  |TAMS 0x0000000088000000, 0x0000000088000000| Untracked 
|  89|0x0000000088100000, 0x0000000088100000, 0x0000000088200000|  0%| F|  |TAMS 0x0000000088100000, 0x0000000088100000| Untracked 
|  90|0x0000000088200000, 0x0000000088200000, 0x0000000088300000|  0%| F|  |TAMS 0x0000000088200000, 0x0000000088200000| Untracked 
|  91|0x0000000088300000, 0x0000000088300000, 0x0000000088400000|  0%| F|  |TAMS 0x0000000088300000, 0x0000000088300000| Untracked 
|  92|0x0000000088400000, 0x0000000088400000, 0x0000000088500000|  0%| F|  |TAMS 0x0000000088400000, 0x0000000088400000| Untracked 
|  93|0x0000000088500000, 0x0000000088500000, 0x0000000088600000|  0%| F|  |TAMS 0x0000000088500000, 0x0000000088500000| Untracked 
|  94|0x0000000088600000, 0x0000000088600000, 0x0000000088700000|  0%| F|  |TAMS 0x0000000088600000, 0x0000000088600000| Untracked 
|  95|0x0000000088700000, 0x0000000088700000, 0x0000000088800000|  0%| F|  |TAMS 0x0000000088700000, 0x0000000088700000| Untracked 
|  96|0x0000000088800000, 0x0000000088800000, 0x0000000088900000|  0%| F|  |TAMS 0x0000000088800000, 0x0000000088800000| Untracked 
|  97|0x0000000088900000, 0x0000000088900000, 0x0000000088a00000|  0%| F|  |TAMS 0x0000000088900000, 0x0000000088900000| Untracked 
|  98|0x0000000088a00000, 0x0000000088a00000, 0x0000000088b00000|  0%| F|  |TAMS 0x0000000088a00000, 0x0000000088a00000| Untracked 
|  99|0x0000000088b00000, 0x0000000088b00000, 0x0000000088c00000|  0%| F|  |TAMS 0x0000000088b00000, 0x0000000088b00000| Untracked 
| 100|0x0000000088c00000, 0x0000000088c00000, 0x0000000088d00000|  0%| F|  |TAMS 0x0000000088c00000, 0x0000000088c00000| Untracked 
| 101|0x0000000088d00000, 0x0000000088d00000, 0x0000000088e00000|  0%| F|  |TAMS 0x0000000088d00000, 0x0000000088d00000| Untracked 
| 102|0x0000000088e00000, 0x0000000088e00000, 0x0000000088f00000|  0%| F|  |TAMS 0x0000000088e00000, 0x0000000088e00000| Untracked 
| 103|0x0000000088f00000, 0x0000000088f00000, 0x0000000089000000|  0%| F|  |TAMS 0x0000000088f00000, 0x0000000088f00000| Untracked 
| 104|0x0000000089000000, 0x0000000089000000, 0x0000000089100000|  0%| F|  |TAMS 0x0000000089000000, 0x0000000089000000| Untracked 
| 105|0x0000000089100000, 0x0000000089100000, 0x0000000089200000|  0%| F|  |TAMS 0x0000000089100000, 0x0000000089100000| Untracked 
| 106|0x0000000089200000, 0x0000000089200000, 0x0000000089300000|  0%| F|  |TAMS 0x0000000089200000, 0x0000000089200000| Untracked 
| 107|0x0000000089300000, 0x0000000089300000, 0x0000000089400000|  0%| F|  |TAMS 0x0000000089300000, 0x0000000089300000| Untracked 
| 108|0x0000000089400000, 0x0000000089400000, 0x0000000089500000|  0%| F|  |TAMS 0x0000000089400000, 0x0000000089400000| Untracked 
| 109|0x0000000089500000, 0x00000000895738e0, 0x0000000089600000| 45%| S|CS|TAMS 0x0000000089500000, 0x0000000089500000| Complete 
| 110|0x0000000089600000, 0x0000000089600000, 0x0000000089700000|  0%| F|  |TAMS 0x0000000089600000, 0x0000000089600000| Untracked 
| 111|0x0000000089700000, 0x0000000089700000, 0x0000000089800000|  0%| F|  |TAMS 0x0000000089700000, 0x0000000089700000| Untracked 
| 112|0x0000000089800000, 0x0000000089800000, 0x0000000089900000|  0%| F|  |TAMS 0x0000000089800000, 0x0000000089800000| Untracked 
| 113|0x0000000089900000, 0x0000000089900000, 0x0000000089a00000|  0%| F|  |TAMS 0x0000000089900000, 0x0000000089900000| Untracked 
| 114|0x0000000089a00000, 0x0000000089a00000, 0x0000000089b00000|  0%| F|  |TAMS 0x0000000089a00000, 0x0000000089a00000| Untracked 
| 115|0x0000000089b00000, 0x0000000089b00000, 0x0000000089c00000|  0%| F|  |TAMS 0x0000000089b00000, 0x0000000089b00000| Untracked 
| 116|0x0000000089c00000, 0x0000000089c00000, 0x0000000089d00000|  0%| F|  |TAMS 0x0000000089c00000, 0x0000000089c00000| Untracked 
| 117|0x0000000089d00000, 0x0000000089d00000, 0x0000000089e00000|  0%| F|  |TAMS 0x0000000089d00000, 0x0000000089d00000| Untracked 
| 118|0x0000000089e00000, 0x0000000089e00000, 0x0000000089f00000|  0%| F|  |TAMS 0x0000000089e00000, 0x0000000089e00000| Untracked 
| 119|0x0000000089f00000, 0x0000000089f00000, 0x000000008a000000|  0%| F|  |TAMS 0x0000000089f00000, 0x0000000089f00000| Untracked 
| 120|0x000000008a000000, 0x000000008a000000, 0x000000008a100000|  0%| F|  |TAMS 0x000000008a000000, 0x000000008a000000| Untracked 
| 121|0x000000008a100000, 0x000000008a100000, 0x000000008a200000|  0%| F|  |TAMS 0x000000008a100000, 0x000000008a100000| Untracked 
| 122|0x000000008a200000, 0x000000008a200000, 0x000000008a300000|  0%| F|  |TAMS 0x000000008a200000, 0x000000008a200000| Untracked 
| 123|0x000000008a300000, 0x000000008a300000, 0x000000008a400000|  0%| F|  |TAMS 0x000000008a300000, 0x000000008a300000| Untracked 
| 124|0x000000008a400000, 0x000000008a400000, 0x000000008a500000|  0%| F|  |TAMS 0x000000008a400000, 0x000000008a400000| Untracked 
| 125|0x000000008a500000, 0x000000008a500000, 0x000000008a600000|  0%| F|  |TAMS 0x000000008a500000, 0x000000008a500000| Untracked 

Card table byte_map: [0x00000229edce0000,0x00000229ee0d0000] _byte_map_base: 0x00000229ed8cc000

Marking Bits (Prev, Next): (CMBitMap*) 0x00000229e7bb60f0, (CMBitMap*) 0x00000229e7bb60b0
 Prev Bits: [0x00000229f0420000, 0x00000229f2380000)
 Next Bits: [0x00000229ee4c0000, 0x00000229f0420000)

Polling page: 0x00000229e5b30000

Metaspace:

Usage:
  Non-class:     29.86 MB used.
      Class:      4.48 MB used.
       Both:     34.33 MB used.

Virtual space:
  Non-class space:       32.00 MB reserved,      30.00 MB ( 94%) committed,  4 nodes.
      Class space:        1.00 GB reserved,       4.62 MB ( <1%) committed,  1 nodes.
             Both:        1.03 GB reserved,      34.62 MB (  3%) committed. 

Chunk freelists:
   Non-Class:  1.83 MB
       Class:  3.41 MB
        Both:  5.23 MB

MaxMetaspaceSize: unlimited
CompressedClassSpaceSize: 1.00 GB
Initial GC threshold: 21.00 MB
Current GC threshold: 57.19 MB
CDS: off
MetaspaceReclaimPolicy: balanced
 - commit_granule_bytes: 65536.
 - commit_granule_words: 8192.
 - virtual_space_node_default_size: 1048576.
 - enlarge_chunks_in_place: 1.
 - new_chunks_are_fully_committed: 0.
 - uncommit_free_chunks: 1.
 - use_allocation_guard: 0.
 - handle_deallocations: 1.


Internal statistics:

num_allocs_failed_limit: 3.
num_arena_births: 298.
num_arena_deaths: 0.
num_vsnodes_births: 5.
num_vsnodes_deaths: 0.
num_space_committed: 554.
num_space_uncommitted: 0.
num_chunks_returned_to_freelist: 3.
num_chunks_taken_from_freelist: 1285.
num_chunk_merges: 3.
num_chunk_splits: 893.
num_chunks_enlarged: 701.
num_purges: 0.
num_inconsistent_stats: 0.

CodeCache: size=49152Kb used=8654Kb max_used=8654Kb free=40498Kb
 bounds [0x00000229ea7e0000, 0x00000229eb060000, 0x00000229ed7e0000]
 total_blobs=4084 nmethods=3560 adapters=448
 compilation: enabled
              stopped_count=0, restarted_count=0
 full_count=0

Compilation events (20 events):
Event: 2.966 Thread 0x00000229f58de6e0 3551   !   1       java.nio.file.Files::isDirectory (43 bytes)
Event: 2.966 Thread 0x00000229f6225720 3552   !   1       sun.nio.fs.AbstractFileSystemProvider::isDirectory (20 bytes)
Event: 2.966 Thread 0x00000229f6225720 nmethod 3552 0x00000229eb04fb10 code [0x00000229eb04fcc0, 0x00000229eb04ff08]
Event: 2.967 Thread 0x00000229f58de6e0 nmethod 3551 0x00000229eb050090 code [0x00000229eb050280, 0x00000229eb0506b8]
Event: 2.971 Thread 0x00000229f58de6e0 3553       1       sun.nio.fs.WindowsPath$WindowsPathWithAttributes::compareTo (9 bytes)
Event: 2.971 Thread 0x00000229f58de6e0 nmethod 3553 0x00000229eb050a90 code [0x00000229eb050c20, 0x00000229eb050d48]
Event: 2.976 Thread 0x00000229f62a6280 3554   !   1       io.github.classgraph.ClasspathElementDir::newResource (27 bytes)
Event: 2.976 Thread 0x00000229f4e95280 3555       1       java.nio.file.Files::size (17 bytes)
Event: 2.976 Thread 0x00000229f58de6e0 3556       1       io.github.classgraph.ClasspathElementDir$1::<init> (35 bytes)
Event: 2.976 Thread 0x00000229f6225720 3557       1       io.github.classgraph.ClasspathElementDir$1::getPath (45 bytes)
Event: 2.976 Thread 0x00000229f4e95280 nmethod 3555 0x00000229eb051110 code [0x00000229eb0512c0, 0x00000229eb0514b8]
Event: 2.976 Thread 0x00000229f62a6280 nmethod 3554 0x00000229eb051690 code [0x00000229eb051860, 0x00000229eb051d78]
Event: 2.976 Thread 0x00000229f58de6e0 nmethod 3556 0x00000229eb052090 code [0x00000229eb052240, 0x00000229eb052538]
Event: 2.976 Thread 0x00000229f6225720 nmethod 3557 0x00000229eb052610 code [0x00000229eb0527e0, 0x00000229eb0529d8]
Event: 2.991 Thread 0x00000229f6225720 3558       1       org.yaml.snakeyaml.reader.StreamReader::ensureEnoughData (43 bytes)
Event: 2.991 Thread 0x00000229f6225720 nmethod 3558 0x00000229eb052c10 code [0x00000229eb052da0, 0x00000229eb052ec8]
Event: 2.991 Thread 0x00000229f6225720 3559       1       org.yaml.snakeyaml.reader.StreamReader::peek (24 bytes)
Event: 2.991 Thread 0x00000229f58de6e0 3560       1       org.yaml.snakeyaml.scanner.Constant::has (42 bytes)
Event: 2.991 Thread 0x00000229f6225720 nmethod 3559 0x00000229eb052f90 code [0x00000229eb053140, 0x00000229eb0532a8]
Event: 2.992 Thread 0x00000229f58de6e0 nmethod 3560 0x00000229eb053390 code [0x00000229eb053540, 0x00000229eb0536d8]

GC Heap History (20 events):
Event: 2.224 GC heap after
{Heap after GC invocations=7 (full 0):
 garbage-first heap   total 54272K, used 17632K [0x0000000082800000, 0x0000000100000000)
  region size 1024K, 2 young (2048K), 2 survivors (2048K)
 Metaspace       used 29968K, committed 30272K, reserved 1081344K
  class space    used 3773K, committed 3904K, reserved 1048576K
}
Event: 2.463 GC heap before
{Heap before GC invocations=7 (full 0):
 garbage-first heap   total 54272K, used 35040K [0x0000000082800000, 0x0000000100000000)
  region size 1024K, 20 young (20480K), 2 survivors (2048K)
 Metaspace       used 32746K, committed 33088K, reserved 1081344K
  class space    used 4151K, committed 4288K, reserved 1048576K
}
Event: 2.469 GC heap after
{Heap after GC invocations=8 (full 0):
 garbage-first heap   total 54272K, used 20677K [0x0000000082800000, 0x0000000100000000)
  region size 1024K, 3 young (3072K), 3 survivors (3072K)
 Metaspace       used 32746K, committed 33088K, reserved 1081344K
  class space    used 4151K, committed 4288K, reserved 1048576K
}
Event: 2.535 GC heap before
{Heap before GC invocations=8 (full 0):
 garbage-first heap   total 54272K, used 37061K [0x0000000082800000, 0x0000000100000000)
  region size 1024K, 20 young (20480K), 3 survivors (3072K)
 Metaspace       used 32951K, committed 33216K, reserved 1081344K
  class space    used 4176K, committed 4288K, reserved 1048576K
}
Event: 2.540 GC heap after
{Heap after GC invocations=9 (full 0):
 garbage-first heap   total 54272K, used 24111K [0x0000000082800000, 0x0000000100000000)
  region size 1024K, 3 young (3072K), 3 survivors (3072K)
 Metaspace       used 32951K, committed 33216K, reserved 1081344K
  class space    used 4176K, committed 4288K, reserved 1048576K
}
Event: 2.582 GC heap before
{Heap before GC invocations=9 (full 0):
 garbage-first heap   total 54272K, used 37423K [0x0000000082800000, 0x0000000100000000)
  region size 1024K, 17 young (17408K), 3 survivors (3072K)
 Metaspace       used 33050K, committed 33344K, reserved 1081344K
  class space    used 4192K, committed 4288K, reserved 1048576K
}
Event: 2.585 GC heap after
{Heap after GC invocations=10 (full 0):
 garbage-first heap   total 54272K, used 27319K [0x0000000082800000, 0x0000000100000000)
  region size 1024K, 3 young (3072K), 3 survivors (3072K)
 Metaspace       used 33050K, committed 33344K, reserved 1081344K
  class space    used 4192K, committed 4288K, reserved 1048576K
}
Event: 2.636 GC heap before
{Heap before GC invocations=10 (full 0):
 garbage-first heap   total 54272K, used 38583K [0x0000000082800000, 0x0000000100000000)
  region size 1024K, 15 young (15360K), 3 survivors (3072K)
 Metaspace       used 33406K, committed 33728K, reserved 1081344K
  class space    used 4244K, committed 4416K, reserved 1048576K
}
Event: 2.639 GC heap after
{Heap after GC invocations=11 (full 0):
 garbage-first heap   total 79872K, used 29552K [0x0000000082800000, 0x0000000100000000)
  region size 1024K, 2 young (2048K), 2 survivors (2048K)
 Metaspace       used 33406K, committed 33728K, reserved 1081344K
  class space    used 4244K, committed 4416K, reserved 1048576K
}
Event: 2.729 GC heap before
{Heap before GC invocations=12 (full 0):
 garbage-first heap   total 79872K, used 55152K [0x0000000082800000, 0x0000000100000000)
  region size 1024K, 28 young (28672K), 2 survivors (2048K)
 Metaspace       used 33847K, committed 34112K, reserved 1081344K
  class space    used 4324K, committed 4480K, reserved 1048576K
}
Event: 2.734 GC heap after
{Heap after GC invocations=13 (full 0):
 garbage-first heap   total 79872K, used 34171K [0x0000000082800000, 0x0000000100000000)
  region size 1024K, 4 young (4096K), 4 survivors (4096K)
 Metaspace       used 33847K, committed 34112K, reserved 1081344K
  class space    used 4324K, committed 4480K, reserved 1048576K
}
Event: 2.737 GC heap before
{Heap before GC invocations=13 (full 0):
 garbage-first heap   total 79872K, used 35195K [0x0000000082800000, 0x0000000100000000)
  region size 1024K, 5 young (5120K), 4 survivors (4096K)
 Metaspace       used 33890K, committed 34176K, reserved 1081344K
  class space    used 4332K, committed 4480K, reserved 1048576K
}
Event: 2.740 GC heap after
{Heap after GC invocations=14 (full 0):
 garbage-first heap   total 79872K, used 34137K [0x0000000082800000, 0x0000000100000000)
  region size 1024K, 1 young (1024K), 1 survivors (1024K)
 Metaspace       used 33890K, committed 34176K, reserved 1081344K
  class space    used 4332K, committed 4480K, reserved 1048576K
}
Event: 2.789 GC heap before
{Heap before GC invocations=14 (full 0):
 garbage-first heap   total 79872K, used 57689K [0x0000000082800000, 0x0000000100000000)
  region size 1024K, 24 young (24576K), 1 survivors (1024K)
 Metaspace       used 34364K, committed 34688K, reserved 1081344K
  class space    used 4433K, committed 4608K, reserved 1048576K
}
Event: 2.794 GC heap after
{Heap after GC invocations=15 (full 0):
 garbage-first heap   total 79872K, used 39601K [0x0000000082800000, 0x0000000100000000)
  region size 1024K, 3 young (3072K), 3 survivors (3072K)
 Metaspace       used 34364K, committed 34688K, reserved 1081344K
  class space    used 4433K, committed 4608K, reserved 1048576K
}
Event: 2.842 GC heap before
{Heap before GC invocations=15 (full 0):
 garbage-first heap   total 79872K, used 59057K [0x0000000082800000, 0x0000000100000000)
  region size 1024K, 22 young (22528K), 3 survivors (3072K)
 Metaspace       used 34669K, committed 34944K, reserved 1081344K
  class space    used 4503K, committed 4672K, reserved 1048576K
}
Event: 2.847 GC heap after
{Heap after GC invocations=16 (full 0):
 garbage-first heap   total 79872K, used 44264K [0x0000000082800000, 0x0000000100000000)
  region size 1024K, 3 young (3072K), 3 survivors (3072K)
 Metaspace       used 34669K, committed 34944K, reserved 1081344K
  class space    used 4503K, committed 4672K, reserved 1048576K
}
Event: 2.977 GC heap before
{Heap before GC invocations=17 (full 0):
 garbage-first heap   total 97280K, used 59624K [0x0000000082800000, 0x0000000100000000)
  region size 1024K, 19 young (19456K), 3 survivors (3072K)
 Metaspace       used 35030K, committed 35328K, reserved 1081344K
  class space    used 4565K, committed 4736K, reserved 1048576K
}
Event: 2.982 GC heap after
{Heap after GC invocations=18 (full 0):
 garbage-first heap   total 97280K, used 48212K [0x0000000082800000, 0x0000000100000000)
  region size 1024K, 3 young (3072K), 3 survivors (3072K)
 Metaspace       used 35030K, committed 35328K, reserved 1081344K
  class space    used 4565K, committed 4736K, reserved 1048576K
}
Event: 3.002 GC heap before
{Heap before GC invocations=18 (full 0):
 garbage-first heap   total 97280K, used 49236K [0x0000000082800000, 0x0000000100000000)
  region size 1024K, 4 young (4096K), 3 survivors (3072K)
 Metaspace       used 35158K, committed 35456K, reserved 1081344K
  class space    used 4582K, committed 4736K, reserved 1048576K
}

Deoptimization events (16 events):
Event: 0.707 Thread 0x00000229e59cafe0 DEOPT PACKING pc=0x00000229eabf3bf5 sp=0x0000005217afd920
Event: 0.707 Thread 0x00000229e59cafe0 DEOPT UNPACKING pc=0x00000229ea832b43 sp=0x0000005217afcd90 mode 3
Event: 1.291 Thread 0x00000229e59cafe0 DEOPT PACKING pc=0x00000229ead10119 sp=0x0000005217afd0d0
Event: 1.291 Thread 0x00000229e59cafe0 DEOPT UNPACKING pc=0x00000229ea832b43 sp=0x0000005217afc5b0 mode 3
Event: 1.625 Thread 0x00000229e59cafe0 DEOPT PACKING pc=0x00000229eadd8b75 sp=0x0000005217afcb80
Event: 1.625 Thread 0x00000229e59cafe0 DEOPT UNPACKING pc=0x00000229ea832b43 sp=0x0000005217afbff0 mode 3
Event: 2.277 Thread 0x00000229e59cafe0 DEOPT PACKING pc=0x00000229eae76d19 sp=0x0000005217afc650
Event: 2.277 Thread 0x00000229e59cafe0 DEOPT UNPACKING pc=0x00000229ea832b43 sp=0x0000005217afbb30 mode 3
Event: 2.351 Thread 0x00000229f7884c30 DEOPT PACKING pc=0x00000229eaed22ab sp=0x00000052195fea00
Event: 2.351 Thread 0x00000229f7884c30 DEOPT UNPACKING pc=0x00000229ea832b43 sp=0x00000052195fdf48 mode 3
Event: 2.597 Thread 0x00000229f79cf350 DEOPT PACKING pc=0x00000229ead11481 sp=0x000000521a4fef30
Event: 2.597 Thread 0x00000229f79cf350 DEOPT UNPACKING pc=0x00000229ea832b43 sp=0x000000521a4fe3c0 mode 3
Event: 2.718 Thread 0x00000229f79cd1a0 DEOPT PACKING pc=0x00000229eb022635 sp=0x000000521a9fd860
Event: 2.718 Thread 0x00000229f79cd1a0 DEOPT UNPACKING pc=0x00000229ea832b43 sp=0x000000521a9fcd88 mode 3
Event: 2.853 Thread 0x00000229f79cd670 DEOPT PACKING pc=0x00000229ead0ad17 sp=0x000000521aafee10
Event: 2.853 Thread 0x00000229f79cd670 DEOPT UNPACKING pc=0x00000229ea832b43 sp=0x000000521aafe268 mode 3

Classes unloaded (0 events):
No events

Classes redefined (0 events):
No events

Internal exceptions (20 events):
Event: 2.446 Thread 0x00000229f79814c0 Exception <a 'sun/nio/fs/WindowsException'{0x00000000850bc7e8}> (0x00000000850bc7e8) 
thrown [e:\jenkins\tmp\workspace\build\src\src\hotspot\share\prims\jni.cpp, line 516]
Event: 2.446 Thread 0x00000229f79814c0 Exception <a 'sun/nio/fs/WindowsException'{0x00000000850bd1d0}> (0x00000000850bd1d0) 
thrown [e:\jenkins\tmp\workspace\build\src\src\hotspot\share\prims\jni.cpp, line 516]
Event: 2.447 Thread 0x00000229f79814c0 Exception <a 'sun/nio/fs/WindowsException'{0x00000000850bd570}> (0x00000000850bd570) 
thrown [e:\jenkins\tmp\workspace\build\src\src\hotspot\share\prims\jni.cpp, line 516]
Event: 2.447 Thread 0x00000229f79814c0 Exception <a 'sun/nio/fs/WindowsException'{0x00000000850bdf68}> (0x00000000850bdf68) 
thrown [e:\jenkins\tmp\workspace\build\src\src\hotspot\share\prims\jni.cpp, line 516]
Event: 2.447 Thread 0x00000229f79814c0 Exception <a 'sun/nio/fs/WindowsException'{0x00000000850be320}> (0x00000000850be320) 
thrown [e:\jenkins\tmp\workspace\build\src\src\hotspot\share\prims\jni.cpp, line 516]
Event: 2.447 Thread 0x00000229f79814c0 Exception <a 'sun/nio/fs/WindowsException'{0x00000000850bed08}> (0x00000000850bed08) 
thrown [e:\jenkins\tmp\workspace\build\src\src\hotspot\share\prims\jni.cpp, line 516]
Event: 2.447 Thread 0x00000229f79814c0 Exception <a 'sun/nio/fs/WindowsException'{0x00000000850bf0b0}> (0x00000000850bf0b0) 
thrown [e:\jenkins\tmp\workspace\build\src\src\hotspot\share\prims\jni.cpp, line 516]
Event: 2.447 Thread 0x00000229f79814c0 Exception <a 'sun/nio/fs/WindowsException'{0x00000000850bfaa8}> (0x00000000850bfaa8) 
thrown [e:\jenkins\tmp\workspace\build\src\src\hotspot\share\prims\jni.cpp, line 516]
Event: 2.447 Thread 0x00000229f79814c0 Exception <a 'sun/nio/fs/WindowsException'{0x00000000850bfe60}> (0x00000000850bfe60) 
thrown [e:\jenkins\tmp\workspace\build\src\src\hotspot\share\prims\jni.cpp, line 516]
Event: 2.447 Thread 0x00000229f79814c0 Exception <a 'sun/nio/fs/WindowsException'{0x00000000850c0870}> (0x00000000850c0870) 
thrown [e:\jenkins\tmp\workspace\build\src\src\hotspot\share\prims\jni.cpp, line 516]
Event: 2.447 Thread 0x00000229f79814c0 Exception <a 'sun/nio/fs/WindowsException'{0x00000000850c0c48}> (0x00000000850c0c48) 
thrown [e:\jenkins\tmp\workspace\build\src\src\hotspot\share\prims\jni.cpp, line 516]
Event: 2.448 Thread 0x00000229f79814c0 Exception <a 'sun/nio/fs/WindowsException'{0x00000000850c1670}> (0x00000000850c1670) 
thrown [e:\jenkins\tmp\workspace\build\src\src\hotspot\share\prims\jni.cpp, line 516]
Event: 2.448 Thread 0x00000229f79814c0 Exception <a 'sun/nio/fs/WindowsException'{0x00000000850c1a60}> (0x00000000850c1a60) 
thrown [e:\jenkins\tmp\workspace\build\src\src\hotspot\share\prims\jni.cpp, line 516]
Event: 2.448 Thread 0x00000229f79814c0 Exception <a 'sun/nio/fs/WindowsException'{0x00000000850c2480}> (0x00000000850c2480) 
thrown [e:\jenkins\tmp\workspace\build\src\src\hotspot\share\prims\jni.cpp, line 516]
Event: 2.448 Thread 0x00000229f79814c0 Exception <a 'sun/nio/fs/WindowsException'{0x00000000850c2868}> (0x00000000850c2868) 
thrown [e:\jenkins\tmp\workspace\build\src\src\hotspot\share\prims\jni.cpp, line 516]
Event: 2.712 Thread 0x00000229f79cd1a0 Exception <a 'java/lang/NoSuchMethodError'{0x00000000860106a8}: 'java.lang.Object java.lang.invoke.DirectMethodHandle$Holder.invokeStatic(java.lang.Object, int, java.lang.Object)'> (0x00000000860106a8) 
thrown [e:\jenkins\tmp\workspace\build\src\src\hotspot\share\interpreter\linkResolver.cpp, line 766]
Event: 2.717 Thread 0x00000229f79cbe60 Exception <a 'java/lang/NoSuchMethodError'{0x0000000085f06d68}: 'java.lang.Object java.lang.invoke.DirectMethodHandle$Holder.invokeStatic(java.lang.Object, java.lang.Object, java.lang.Object, int, java.lang.Object, java.lang.Object)'> (0x0000000085f06d68) 
thrown [e:\jenkins\tmp\workspace\build\src\src\hotspot\share\interpreter\linkResolver.cpp, line 766]
Event: 2.838 Thread 0x00000229f79cbe60 Exception <a 'java/lang/NoSuchMethodError'{0x0000000086406838}: 'int java.lang.invoke.DirectMethodHandle$Holder.invokeStatic(java.lang.Object)'> (0x0000000086406838) 
thrown [e:\jenkins\tmp\workspace\build\src\src\hotspot\share\interpreter\linkResolver.cpp, line 766]
Event: 2.838 Thread 0x00000229f79cbe60 Exception <a 'java/lang/NoSuchMethodError'{0x0000000086428a98}: 'int java.lang.invoke.DirectMethodHandle$Holder.invokeStaticInit(java.lang.Object)'> (0x0000000086428a98) 
thrown [e:\jenkins\tmp\workspace\build\src\src\hotspot\share\interpreter\linkResolver.cpp, line 766]
Event: 2.879 Thread 0x00000229f79cbe60 Exception <a 'java/lang/NoSuchMethodError'{0x0000000086da34d0}: 'int java.lang.invoke.DirectMethodHandle$Holder.invokeVirtual(java.lang.Object, java.lang.Object)'> (0x0000000086da34d0) 
thrown [e:\jenkins\tmp\workspace\build\src\src\hotspot\share\interpreter\linkResolver.cpp, line 766]

VM Operations (20 events):
Event: 2.972 Executing VM operation: ICBufferFull done
Event: 2.975 Executing VM operation: ICBufferFull
Event: 2.975 Executing VM operation: ICBufferFull done
Event: 2.977 Executing VM operation: G1CollectForAllocation
Event: 2.983 Executing VM operation: G1CollectForAllocation done
Event: 2.985 Executing VM operation: ICBufferFull
Event: 2.985 Executing VM operation: ICBufferFull done
Event: 2.986 Executing VM operation: ICBufferFull
Event: 2.987 Executing VM operation: ICBufferFull done
Event: 2.989 Executing VM operation: ICBufferFull
Event: 2.990 Executing VM operation: ICBufferFull done
Event: 2.992 Executing VM operation: ICBufferFull
Event: 2.992 Executing VM operation: ICBufferFull done
Event: 2.995 Executing VM operation: ICBufferFull
Event: 2.995 Executing VM operation: ICBufferFull done
Event: 2.997 Executing VM operation: ICBufferFull
Event: 2.997 Executing VM operation: ICBufferFull done
Event: 2.998 Executing VM operation: ICBufferFull
Event: 2.998 Executing VM operation: ICBufferFull done
Event: 3.002 Executing VM operation: G1CollectForAllocation

Events (20 events):
Event: 2.868 loading class java/util/concurrent/CompletableFuture$UniCompose done
Event: 2.868 Thread 0x00000229f7a02d70 Thread added: 0x00000229f7a02d70
Event: 2.869 Thread 0x00000229f79ff3b0 Thread added: 0x00000229f79ff3b0
Event: 2.869 loading class java/util/concurrent/CompletableFuture$UniRelay
Event: 2.870 loading class java/util/concurrent/CompletableFuture$UniRelay done
Event: 2.872 loading class java/util/concurrent/CompletionException
Event: 2.872 loading class java/util/concurrent/CompletionException done
Event: 2.882 loading class java/io/PrintWriter
Event: 2.883 loading class java/io/PrintWriter done
Event: 2.885 loading class sun/nio/cs/StringUTF16
Event: 2.886 loading class sun/nio/cs/StringUTF16 done
Event: 2.889 loading class java/util/WeakHashMap$EntrySet
Event: 2.889 loading class java/util/WeakHashMap$EntrySet done
Event: 2.889 loading class java/util/WeakHashMap$EntryIterator
Event: 2.889 loading class java/util/WeakHashMap$HashIterator
Event: 2.889 loading class java/util/WeakHashMap$HashIterator done
Event: 2.889 loading class java/util/WeakHashMap$EntryIterator done
Event: 2.959 Thread 0x00000229f79ff880 Thread added: 0x00000229f79ff880
Event: 2.990 loading class java/util/regex/Pattern$1
Event: 2.990 loading class java/util/regex/Pattern$1 done


Dynamic libraries:
0x00007ff79acc0000 - 0x00007ff79acce000 	c:\Users\ddai\.vscode\extensions\redhat.java-1.9.0-win32-x64\jre\17.0.3-win32-x86_64\bin\java.exe
0x00007ffad0350000 - 0x00007ffad0548000 	C:\WINDOWS\SYSTEM32\ntdll.dll
0x00007ffacf4a0000 - 0x00007ffacf55d000 	C:\WINDOWS\System32\KERNEL32.DLL
0x00007ffacdb60000 - 0x00007ffacde2e000 	C:\WINDOWS\System32\KERNELBASE.dll
0x00007ffab07e0000 - 0x00007ffab07f8000 	c:\Users\ddai\.vscode\extensions\redhat.java-1.9.0-win32-x64\jre\17.0.3-win32-x86_64\bin\jli.dll
0x00007fface060000 - 0x00007fface160000 	C:\WINDOWS\System32\ucrtbase.dll
0x00007ffab06f0000 - 0x00007ffab0709000 	c:\Users\ddai\.vscode\extensions\redhat.java-1.9.0-win32-x64\jre\17.0.3-win32-x86_64\bin\VCRUNTIME140.dll
0x00007ffaceec0000 - 0x00007ffacf060000 	C:\WINDOWS\System32\USER32.dll
0x00007ffab2fb0000 - 0x00007ffab324a000 	C:\WINDOWS\WinSxS\amd64_microsoft.windows.common-controls_6595b64144ccf1df_6.0.19041.1110_none_60b5254171f9507e\COMCTL32.dll
0x00007ffacda70000 - 0x00007ffacda92000 	C:\WINDOWS\System32\win32u.dll
0x00007ffacec00000 - 0x00007ffacec9e000 	C:\WINDOWS\System32\msvcrt.dll
0x00007ffacf1b0000 - 0x00007ffacf1da000 	C:\WINDOWS\System32\GDI32.dll
0x00007ffacdea0000 - 0x00007ffacdfab000 	C:\WINDOWS\System32\gdi32full.dll
0x00007fface310000 - 0x00007fface3ad000 	C:\WINDOWS\System32\msvcp_win.dll
0x00007ffacf300000 - 0x00007ffacf330000 	C:\WINDOWS\System32\IMM32.DLL
0x00007ffac6fa0000 - 0x00007ffac6fac000 	c:\Users\ddai\.vscode\extensions\redhat.java-1.9.0-win32-x64\jre\17.0.3-win32-x86_64\bin\vcruntime140_1.dll
0x00007ffa85df0000 - 0x00007ffa85e81000 	c:\Users\ddai\.vscode\extensions\redhat.java-1.9.0-win32-x64\jre\17.0.3-win32-x86_64\bin\msvcp140.dll
0x00007ffa4c130000 - 0x00007ffa4cd78000 	c:\Users\ddai\.vscode\extensions\redhat.java-1.9.0-win32-x64\jre\17.0.3-win32-x86_64\bin\server\jvm.dll
0x00007ffaceda0000 - 0x00007ffacee4e000 	C:\WINDOWS\System32\ADVAPI32.dll
0x00007ffaceca0000 - 0x00007ffaced3c000 	C:\WINDOWS\System32\sechost.dll
0x00007ffacfc50000 - 0x00007ffacfd75000 	C:\WINDOWS\System32\RPCRT4.dll
0x00007ffacee50000 - 0x00007ffacee58000 	C:\WINDOWS\System32\PSAPI.DLL
0x00007ffabb0b0000 - 0x00007ffabb0d7000 	C:\WINDOWS\SYSTEM32\WINMM.dll
0x00007ffaadd00000 - 0x00007ffaadd09000 	C:\WINDOWS\SYSTEM32\WSOCK32.dll
0x00007ffac14c0000 - 0x00007ffac14ca000 	C:\WINDOWS\SYSTEM32\VERSION.dll
0x00007ffacf140000 - 0x00007ffacf1ab000 	C:\WINDOWS\System32\WS2_32.dll
0x00007ffacc1b0000 - 0x00007ffacc1c2000 	C:\WINDOWS\SYSTEM32\kernel.appcore.dll
0x00007ffab0820000 - 0x00007ffab082a000 	c:\Users\ddai\.vscode\extensions\redhat.java-1.9.0-win32-x64\jre\17.0.3-win32-x86_64\bin\jimage.dll
0x00007ffacb730000 - 0x00007ffacb914000 	C:\WINDOWS\SYSTEM32\DBGHELP.DLL
0x00007ffab40f0000 - 0x00007ffab411c000 	C:\WINDOWS\SYSTEM32\dbgcore.DLL
0x00007ffacdaa0000 - 0x00007ffacdb22000 	C:\WINDOWS\System32\bcryptPrimitives.dll
0x00007ffaa2000000 - 0x00007ffaa2025000 	c:\Users\ddai\.vscode\extensions\redhat.java-1.9.0-win32-x64\jre\17.0.3-win32-x86_64\bin\java.dll
0x00007ffaa4990000 - 0x00007ffaa49a8000 	c:\Users\ddai\.vscode\extensions\redhat.java-1.9.0-win32-x64\jre\17.0.3-win32-x86_64\bin\zip.dll
0x00007fface3b0000 - 0x00007ffaceaf4000 	C:\WINDOWS\System32\SHELL32.dll
0x00007ffacba00000 - 0x00007ffacc194000 	C:\WINDOWS\SYSTEM32\windows.storage.dll
0x00007ffacfd80000 - 0x00007ffad00d4000 	C:\WINDOWS\System32\combase.dll
0x00007ffacd3f0000 - 0x00007ffacd420000 	C:\WINDOWS\SYSTEM32\Wldp.dll
0x00007ffacf330000 - 0x00007ffacf3dd000 	C:\WINDOWS\System32\SHCORE.dll
0x00007ffaceb90000 - 0x00007ffacebe5000 	C:\WINDOWS\System32\shlwapi.dll
0x00007ffacd9b0000 - 0x00007ffacd9cf000 	C:\WINDOWS\SYSTEM32\profapi.dll
0x00007ffaa47e0000 - 0x00007ffaa47f9000 	C:\Users\ddai\.vscode\extensions\redhat.java-1.9.0-win32-x64\jre\17.0.3-win32-x86_64\bin\net.dll
0x00007ffacca80000 - 0x00007ffaccb8a000 	C:\WINDOWS\SYSTEM32\WINHTTP.dll
0x00007ffacd1d0000 - 0x00007ffacd23a000 	C:\WINDOWS\system32\mswsock.dll
0x00007ffaa1fe0000 - 0x00007ffaa1ff5000 	C:\Users\ddai\.vscode\extensions\redhat.java-1.9.0-win32-x64\jre\17.0.3-win32-x86_64\bin\nio.dll
0x00007ffab01f0000 - 0x00007ffab0200000 	c:\Users\ddai\.vscode\extensions\redhat.java-1.9.0-win32-x64\jre\17.0.3-win32-x86_64\bin\verify.dll
0x00007ffac99e0000 - 0x00007ffac99e9000 	C:\Users\ddai\.vscode\extensions\redhat.java-1.9.0-win32-x64\jre\17.0.3-win32-x86_64\bin\management.dll
0x00007ffac6fc0000 - 0x00007ffac6fcb000 	C:\Users\ddai\.vscode\extensions\redhat.java-1.9.0-win32-x64\jre\17.0.3-win32-x86_64\bin\management_ext.dll
0x00007ffa9df10000 - 0x00007ffa9df27000 	C:\WINDOWS\system32\napinsp.dll
0x00007ffa9def0000 - 0x00007ffa9df0b000 	C:\WINDOWS\system32\pnrpnsp.dll
0x00007ffac8640000 - 0x00007ffac8655000 	C:\WINDOWS\system32\wshbth.dll
0x00007ffac9680000 - 0x00007ffac969d000 	C:\WINDOWS\system32\NLAapi.dll
0x00007ffacce90000 - 0x00007ffaccecb000 	C:\WINDOWS\SYSTEM32\IPHLPAPI.DLL
0x00007ffaccee0000 - 0x00007ffaccfab000 	C:\WINDOWS\SYSTEM32\DNSAPI.dll
0x00007ffacebf0000 - 0x00007ffacebf8000 	C:\WINDOWS\System32\NSI.dll
0x00007ffa9df30000 - 0x00007ffa9df42000 	C:\WINDOWS\System32\winrnr.dll
0x00007ffabc8e0000 - 0x00007ffabc8ea000 	C:\Windows\System32\rasadhlp.dll
0x00007ffac6cd0000 - 0x00007ffac6d50000 	C:\WINDOWS\System32\fwpuclnt.dll
0x00007ffacdb30000 - 0x00007ffacdb57000 	C:\WINDOWS\System32\bcrypt.dll
0x00007ffacd430000 - 0x00007ffacd448000 	C:\WINDOWS\SYSTEM32\CRYPTSP.dll
0x00007ffacc9f0000 - 0x00007ffacca24000 	C:\WINDOWS\system32\rsaenh.dll
0x00007ffacd970000 - 0x00007ffacd99e000 	C:\WINDOWS\SYSTEM32\USERENV.dll
0x00007ffacd360000 - 0x00007ffacd36c000 	C:\WINDOWS\SYSTEM32\CRYPTBASE.dll
0x00007ffac6940000 - 0x00007ffac6957000 	C:\WINDOWS\SYSTEM32\dhcpcsvc6.DLL
0x00007ffac6870000 - 0x00007ffac688d000 	C:\WINDOWS\SYSTEM32\dhcpcsvc.DLL

dbghelp: loaded successfully - version: 4.0.5 - missing functions: none
symbol engine: initialized successfully - sym options: 0x614 - pdb path: .;c:\Users\ddai\.vscode\extensions\redhat.java-1.9.0-win32-x64\jre\17.0.3-win32-x86_64\bin;C:\WINDOWS\SYSTEM32;C:\WINDOWS\WinSxS\amd64_microsoft.windows.common-controls_6595b64144ccf1df_6.0.19041.1110_none_60b5254171f9507e;c:\Users\ddai\.vscode\extensions\redhat.java-1.9.0-win32-x64\jre\17.0.3-win32-x86_64\bin\server

VM Arguments:
jvm_args: -Dsts.lsp.client=vscode -Dsts.log.file=/dev/null -XX:TieredStopAtLevel=1 -Dspring.config.location=file:c:\Users\ddai\.vscode\extensions\pivotal.vscode-spring-boot-1.37.0\language-server\BOOT-INF\classes\application.properties 
java_command: org.springframework.ide.vscode.boot.app.BootLanguageServerBootApp
java_class_path (initial): c:\Users\ddai\.vscode\extensions\pivotal.vscode-spring-boot-1.37.0\language-server\BOOT-INF\classes;c:\Users\ddai\.vscode\extensions\pivotal.vscode-spring-boot-1.37.0\language-server\BOOT-INF\lib\annotations-23.0.0.jar;c:\Users\ddai\.vscode\extensions\pivotal.vscode-spring-boot-1.37.0\language-server\BOOT-INF\lib\antlr-runtime-3.5.2.jar;c:\Users\ddai\.vscode\extensions\pivotal.vscode-spring-boot-1.37.0\language-server\BOOT-INF\lib\antlr4-4.9.3.jar;c:\Users\ddai\.vscode\extensions\pivotal.vscode-spring-boot-1.37.0\language-server\BOOT-INF\lib\antlr4-runtime-4.9.3.jar;c:\Users\ddai\.vscode\extensions\pivotal.vscode-spring-boot-1.37.0\language-server\BOOT-INF\lib\asm-9.3.jar;c:\Users\ddai\.vscode\extensions\pivotal.vscode-spring-boot-1.37.0\language-server\BOOT-INF\lib\asm-analysis-9.3.jar;c:\Users\ddai\.vscode\extensions\pivotal.vscode-spring-boot-1.37.0\language-server\BOOT-INF\lib\asm-tree-9.3.jar;c:\Users\ddai\.vscode\extensions\pivotal.vscode-spring-boot-1.37.0\language-server\BOOT-INF\lib\asm-util-9.3.jar;c:\Users\ddai\.vscode\extensions\pivotal.vscode-spring-boot-1.37.0\language-server\BOOT-INF\lib\byte-buddy-1.10.18.jar;c:\Users\ddai\.vscode\extensions\pivotal.vscode-spring-boot-1.37.0\language-server\BOOT-INF\lib\caffeine-2.8.6.jar;c:\Users\ddai\.vscode\extensions\pivotal.vscode-spring-boot-1.37.0\language-server\BOOT-INF\lib\checker-qual-3.12.0.jar;c:\Users\ddai\.vscode\extensions\pivotal.vscode-spring-boot-1.37.0\language-server\BOOT-INF\lib\classgraph-4.8.149.jar;c:\Users\ddai\.vscode\extensions\pivotal.vscode-spring-boot-1.37.0\language-server\BOOT-INF\lib\commons-codec-1.14.jar;c:\Users\ddai\.vscode\extensions\pivotal.vscode-spring-boot-1.37.0\language-server\BOOT-INF\lib\commons-compress-1.21.jar;c:\Users\ddai\.vscode\extensions\pivotal.vscode-spring-boot-1.37.0\language-server\BOOT-INF\lib\commons-exec-1.3.jar;c:\Users\ddai\.vscode\extensions\pivotal.vscode-spring-boot-1.37.0\language-server\BOOT-INF\lib\commons-io-2.4.jar;c
Launcher Type: SUN_STANDARD

[Global flags]
     intx CICompilerCount                          = 4                                         {product} {ergonomic}
     uint ConcGCThreads                            = 2                                         {product} {ergonomic}
     uint G1ConcRefinementThreads                  = 8                                         {product} {ergonomic}
   size_t G1HeapRegionSize                         = 1048576                                   {product} {ergonomic}
    uintx GCDrainStackTargetSize                   = 64                                        {product} {ergonomic}
   size_t InitialHeapSize                          = 132120576                                 {product} {ergonomic}
   size_t MarkStackSize                            = 4194304                                   {product} {ergonomic}
   size_t MaxHeapSize                              = 2105540608                                {product} {ergonomic}
   size_t MaxNewSize                               = 1262485504                                {product} {ergonomic}
   size_t MinHeapDeltaBytes                        = 1048576                                   {product} {ergonomic}
   size_t MinHeapSize                              = 8388608                                   {product} {ergonomic}
    uintx NonProfiledCodeHeapSize                  = 0                                      {pd product} {ergonomic}
     bool ProfileInterpreter                       = false                                  {pd product} {command line}
    uintx ProfiledCodeHeapSize                     = 0                                      {pd product} {ergonomic}
   size_t SoftMaxHeapSize                          = 2105540608                             {manageable} {ergonomic}
     intx TieredStopAtLevel                        = 1                                         {product} {command line}
     bool UseCompressedClassPointers               = true                           {product lp64_product} {ergonomic}
     bool UseCompressedOops                        = true                           {product lp64_product} {ergonomic}
     bool UseG1GC                                  = true                                      {product} {ergonomic}
     bool UseLargePagesIndividualAllocation        = false                                  {pd product} {ergonomic}

Logging:
Log output configuration:
 #0: stdout all=warning uptime,level,tags
 #1: stderr all=off uptime,level,tags

Environment Variables:
JAVA_HOME=C:\Program Files\Java\jdk1.8.0_25
PATH=C:\Program Files\VanDyke Software\Clients\;C:\Program Files\AdoptOpenJDK\jdk-16.0.1.9-hotspot\bin;C:\Program Files\Java\jdk1.8.0_25\bin;C:\Program Files\Docker\Docker\Resources\bin;C:\Python23;C:\Program Files\GNU\WinCvs 1.3\CVSNT;C:\Oracle\product\12.2.0\client_1\bin;C:\WINDOWS\system32;C:\WINDOWS;C:\WINDOWS\System32\Wbem;C:\WINDOWS\System32\WindowsPowerShell\v1.0\;C:\Program Files (x86)\cvsnt;C:\Program Files\IDM Computer Solutions\UltraEdit;C:\Program Files (x86)\CDC Software\PivotalClient\PivotalClient.PerMachine\exe\bin\Standard;C:\WINDOWS\System32\OpenSSH\;C:\Program Files\Intel\WiFi\bin\;C:\Program Files\Common Files\Intel\WirelessCommon\;C:\Program Files\Amazon\AWSCLIV2\;C:\Program Files\PuTTY\;C:\Program Files\nodejs\;C:\software\python3.8.3;C:\software\python3.8.3\Scripts;C:\Users\ddai\AppData\Roaming\npm;C:\Users\ddai\AppData\Local\Microsoft\WindowsApps;C:\Users\ddai\AppData\Local\Programs\Microsoft VS Code\bin;C:\software\k8s;C:\minikube;
USERNAME=DDai
OS=Windows_NT
PROCESSOR_IDENTIFIER=Intel64 Family 6 Model 142 Stepping 10, GenuineIntel



---------------  S Y S T E M  ---------------

OS:
 Windows 10 , 64 bit Build 19041 (10.0.19041.1806)
OS uptime: 11 days 20:01 hours
Hyper-V role detected

CPU: total 8 (initial active 8) (4 cores per cpu, 2 threads per core) family 6 model 142 stepping 10 microcode 0xe0, cx8, cmov, fxsr, ht, mmx, 3dnowpref, sse, sse2, sse3, ssse3, sse4.1, sse4.2, popcnt, lzcnt, tsc, tscinvbit, avx, avx2, aes, erms, clmul, bmi1, bmi2, rtm, adx, fma, vzeroupper, clflush, clflushopt, hv

Memory: 4k page, system-wide physical 8026M (469M free)
TotalPageFile size 32602M (AvailPageFile size 5M)
current process WorkingSet (physical memory assigned to process): 182M, peak: 182M
current process commit charge ("private bytes"): 264M, peak: 363M

vm_info: OpenJDK 64-Bit Server VM (17.0.3+7) for windows-amd64 JRE (17.0.3+7), built on Apr 19 2022 16:55:35 by "" with MS VC++ 16.7 (VS2019)

END.
