#
# There is insufficient memory for the Java Runtime Environment to continue.
# Native memory allocation (mmap) failed to map 136314880 bytes for G1 virtual space
# Possible reasons:
#   The system is out of physical RAM or swap space
#   The process is running with CompressedOops enabled, and the Java Heap may be blocking the growth of the native heap
# Possible solutions:
#   Reduce memory load on the system
#   Increase physical memory or swap space
#   Check if swap backing store is full
#   Decrease Java heap size (-Xmx/-Xms)
#   Decrease number of Java threads
#   Decrease Java thread stack sizes (-Xss)
#   Set larger code cache with -XX:ReservedCodeCacheSize=
#   JVM is running with Unscaled Compressed Oops mode in which the Java heap is
#     placed in the first 4GB address space. The Java Heap base address is the
#     maximum limit for the native heap growth. Please use -XX:HeapBaseMinAddress
#     to set the Java Heap base and to place the Java Heap above 4GB virtual address.
# This output file may be truncated or incomplete.
#
#  Out of Memory Error (os_windows.cpp:3535), pid=32488, tid=24988
#
# JRE version: OpenJDK Runtime Environment Temurin-17.0.3+7 (17.0.3+7) (build 17.0.3+7)
# Java VM: OpenJDK 64-Bit Server VM Temurin-17.0.3+7 (17.0.3+7, mixed mode, emulated-client, tiered, compressed oops, compressed class ptrs, g1 gc, windows-amd64)
# No core dump will be written. Minidumps are not enabled by default on client versions of Windows
#

---------------  S U M M A R Y ------------

Command Line: -Dsts.lsp.client=vscode -Dsts.log.file=/dev/null -XX:TieredStopAtLevel=1 -Dspring.config.location=file:c:\Users\ddai\.vscode\extensions\pivotal.vscode-spring-boot-1.37.0\language-server\BOOT-INF\classes\application.properties org.springframework.ide.vscode.boot.app.BootLanguageServerBootApp

Host: Intel(R) Core(TM) i5-8350U CPU @ 1.70GHz, 8 cores, 7G,  Windows 10 , 64 bit Build 19041 (10.0.19041.1806)
Time: Sun Aug 21 05:23:01 2022 Eastern Daylight Time elapsed time: 11.015221 seconds (0d 0h 0m 11s)

---------------  T H R E A D  ---------------

Current thread (0x000001caf6819060):  VMThread "VM Thread" [stack: 0x00000028ba700000,0x00000028ba800000] [id=24988]

Stack: [0x00000028ba700000,0x00000028ba800000]
Native frames: (J=compiled Java code, j=interpreted, Vv=VM code, C=native code)
V  [jvm.dll+0x675efa]
V  [jvm.dll+0x830a24]
V  [jvm.dll+0x8321ce]
V  [jvm.dll+0x832833]
V  [jvm.dll+0x2454b5]
V  [jvm.dll+0x672de9]
V  [jvm.dll+0x667732]
V  [jvm.dll+0x3043ab]
V  [jvm.dll+0x30b8f6]
V  [jvm.dll+0x35b62e]
V  [jvm.dll+0x35b85f]
V  [jvm.dll+0x2db248]
V  [jvm.dll+0x2d94fc]
V  [jvm.dll+0x2d8acc]
V  [jvm.dll+0x31ca2b]
V  [jvm.dll+0x836cdb]
V  [jvm.dll+0x837a14]
V  [jvm.dll+0x837f2c]
V  [jvm.dll+0x838304]
V  [jvm.dll+0x8383d0]
V  [jvm.dll+0x7e0cfa]
V  [jvm.dll+0x674d85]
C  [ucrtbase.dll+0x21bb2]
C  [KERNEL32.DLL+0x17034]
C  [ntdll.dll+0x52651]

VM_Operation (0x00000028bcbfe2c0): G1CollectForAllocation, mode: safepoint, requested by thread 0x000001caf91db520


---------------  P R O C E S S  ---------------

Threads class SMR info:
_java_thread_list=0x000001caf7e79930, length=46, elements={
0x000001caf6869750, 0x000001caf686aea0, 0x000001caf741a130, 0x000001caf741cdc0,
0x000001caf688e0d0, 0x000001caf68908b0, 0x000001caf6897ce0, 0x000001caf68986d0,
0x000001caf7613710, 0x000001caf761cb70, 0x000001caf75b3b60, 0x000001caf753b6b0,
0x000001caf753bbc0, 0x000001caf9175440, 0x000001caf909e0f0, 0x000001caf909ede0,
0x000001caf911a020, 0x000001caf911a4f0, 0x000001caf907d3c0, 0x000001caf907d890,
0x000001caf907c430, 0x000001caf907c900, 0x000001caf91dc390, 0x000001caf91dd200,
0x000001caf91dc860, 0x000001caf91dd6d0, 0x000001caf91db520, 0x000001caf91d9d10,
0x000001caf91dcd30, 0x000001caf91db9f0, 0x000001caf91da1e0, 0x000001caf91dbec0,
0x000001caf91da6b0, 0x000001caf91dab80, 0x000001caf91db050, 0x000001caf90bd3d0,
0x000001caf90bb6f0, 0x000001caf90bf0b0, 0x000001caf90bfa50, 0x000001caf90bf580,
0x000001caf90bc090, 0x000001caf90bff20, 0x000001caf90bd8a0, 0x000001caf90ba3b0,
0x000001caf90bbbc0, 0x000001caf90bb220
}

Java Threads: ( => current thread )
  0x000001caf6869750 JavaThread "Reference Handler" daemon [_thread_blocked, id=12632, stack(0x00000028ba800000,0x00000028ba900000)]
  0x000001caf686aea0 JavaThread "Finalizer" daemon [_thread_blocked, id=9148, stack(0x00000028ba900000,0x00000028baa00000)]
  0x000001caf741a130 JavaThread "Signal Dispatcher" daemon [_thread_blocked, id=17788, stack(0x00000028baa00000,0x00000028bab00000)]
  0x000001caf741cdc0 JavaThread "Attach Listener" daemon [_thread_blocked, id=12344, stack(0x00000028bab00000,0x00000028bac00000)]
  0x000001caf688e0d0 JavaThread "Service Thread" daemon [_thread_blocked, id=34096, stack(0x00000028bac00000,0x00000028bad00000)]
  0x000001caf68908b0 JavaThread "Monitor Deflation Thread" daemon [_thread_blocked, id=3404, stack(0x00000028bad00000,0x00000028bae00000)]
  0x000001caf6897ce0 JavaThread "C1 CompilerThread0" daemon [_thread_blocked, id=31956, stack(0x00000028bae00000,0x00000028baf00000)]
  0x000001caf68986d0 JavaThread "Sweeper thread" daemon [_thread_blocked, id=29272, stack(0x00000028baf00000,0x00000028bb000000)]
  0x000001caf7613710 JavaThread "Notification Thread" daemon [_thread_blocked, id=29896, stack(0x00000028bb100000,0x00000028bb200000)]
  0x000001caf761cb70 JavaThread "Common-Cleaner" daemon [_thread_blocked, id=36484, stack(0x00000028bb300000,0x00000028bb400000)]
  0x000001caf75b3b60 JavaThread "C1 CompilerThread1" daemon [_thread_blocked, id=2268, stack(0x00000028bb000000,0x00000028bb100000)]
  0x000001caf753b6b0 JavaThread "C1 CompilerThread2" daemon [_thread_blocked, id=12500, stack(0x00000028bb400000,0x00000028bb500000)]
  0x000001caf753bbc0 JavaThread "C1 CompilerThread3" daemon [_thread_blocked, id=27636, stack(0x00000028bb500000,0x00000028bb600000)]
  0x000001caf9175440 JavaThread "ForkJoinPool.commonPool-worker-1" daemon [_thread_blocked, id=28156, stack(0x00000028bbb00000,0x00000028bbc00000)]
  0x000001caf909e0f0 JavaThread "ClassGraph-worker-0" daemon [_thread_blocked, id=13376, stack(0x00000028bbf00000,0x00000028bc000000)]
  0x000001caf909ede0 JavaThread "ClassGraph-worker-1" daemon [_thread_blocked, id=32348, stack(0x00000028bc000000,0x00000028bc100000)]
  0x000001caf911a020 JavaThread "ClassGraph-worker-2" daemon [_thread_blocked, id=34876, stack(0x00000028bc100000,0x00000028bc200000)]
  0x000001caf911a4f0 JavaThread "ClassGraph-worker-3" daemon [_thread_blocked, id=21012, stack(0x00000028bc200000,0x00000028bc300000)]
  0x000001caf907d3c0 JavaThread "ClassGraph-worker-4" daemon [_thread_blocked, id=28272, stack(0x00000028bc300000,0x00000028bc400000)]
  0x000001caf907d890 JavaThread "ClassGraph-worker-5" daemon [_thread_blocked, id=24548, stack(0x00000028bc400000,0x00000028bc500000)]
  0x000001caf907c430 JavaThread "ClassGraph-worker-6" daemon [_thread_blocked, id=25576, stack(0x00000028bc500000,0x00000028bc600000)]
  0x000001caf907c900 JavaThread "ClassGraph-worker-7" daemon [_thread_blocked, id=35704, stack(0x00000028bc600000,0x00000028bc700000)]
  0x000001caf91dc390 JavaThread "ClassGraph-worker-8" daemon [_thread_blocked, id=14120, stack(0x00000028bc700000,0x00000028bc800000)]
  0x000001caf91dd200 JavaThread "ClassGraph-worker-9" daemon [_thread_blocked, id=29204, stack(0x00000028bc800000,0x00000028bc900000)]
  0x000001caf91dc860 JavaThread "ClassGraph-worker-10" daemon [_thread_blocked, id=22500, stack(0x00000028bc900000,0x00000028bca00000)]
  0x000001caf91dd6d0 JavaThread "ClassGraph-worker-11" daemon [_thread_blocked, id=27896, stack(0x00000028bca00000,0x00000028bcb00000)]
  0x000001caf91db520 JavaThread "ClassGraph-worker-12" daemon [_thread_blocked, id=33560, stack(0x00000028bcb00000,0x00000028bcc00000)]
  0x000001caf91d9d10 JavaThread "ClassGraph-worker-13" daemon [_thread_blocked, id=17784, stack(0x00000028bcc00000,0x00000028bcd00000)]
  0x000001caf91dcd30 JavaThread "pool-7-thread-1" [_thread_blocked, id=7580, stack(0x00000028bcd00000,0x00000028bce00000)]
  0x000001caf91db9f0 JavaThread "LanguageServerApp-lifecycle" [_thread_blocked, id=30472, stack(0x00000028bce00000,0x00000028bcf00000)]
  0x000001caf91da1e0 JavaThread "DestroyJavaVM" [_thread_blocked, id=5832, stack(0x00000028ba100000,0x00000028ba200000)]
  0x000001caf91dbec0 JavaThread "pool-8-thread-1" [_thread_in_native, id=28992, stack(0x00000028bcf00000,0x00000028bd000000)]
  0x000001caf91da6b0 JavaThread "Simple-Language-Server main thread" daemon [_thread_blocked, id=2076, stack(0x00000028bd000000,0x00000028bd100000)]
  0x000001caf91dab80 JavaThread "pool-5-thread-1" [_thread_blocked, id=31992, stack(0x00000028bd100000,0x00000028bd200000)]
  0x000001caf91db050 JavaThread "parallel-1" daemon [_thread_blocked, id=26308, stack(0x00000028bd200000,0x00000028bd300000)]
  0x000001caf90bd3d0 JavaThread "parallel-2" daemon [_thread_blocked, id=26920, stack(0x00000028bd300000,0x00000028bd400000)]
  0x000001caf90bb6f0 JavaThread "parallel-3" daemon [_thread_blocked, id=25156, stack(0x00000028bd400000,0x00000028bd500000)]
  0x000001caf90bf0b0 JavaThread "parallel-4" daemon [_thread_blocked, id=14900, stack(0x00000028bd500000,0x00000028bd600000)]
  0x000001caf90bfa50 JavaThread "parallel-5" daemon [_thread_blocked, id=31876, stack(0x00000028bd600000,0x00000028bd700000)]
  0x000001caf90bf580 JavaThread "parallel-6" daemon [_thread_blocked, id=15592, stack(0x00000028bd700000,0x00000028bd800000)]
  0x000001caf90bc090 JavaThread "parallel-7" daemon [_thread_blocked, id=23896, stack(0x00000028bd800000,0x00000028bd900000)]
  0x000001caf90bff20 JavaThread "parallel-8" daemon [_thread_blocked, id=34348, stack(0x00000028bd900000,0x00000028bda00000)]
  0x000001caf90bd8a0 JavaThread "pool-2-thread-1" [_thread_blocked, id=11244, stack(0x00000028bda00000,0x00000028bdb00000)]
  0x000001caf90ba3b0 JavaThread "ForkJoinPool.commonPool-worker-2" daemon [_thread_blocked, id=15388, stack(0x00000028bdb00000,0x00000028bdc00000)]
  0x000001caf90bbbc0 JavaThread "pool-2-thread-2" [_thread_blocked, id=26520, stack(0x00000028bdc00000,0x00000028bdd00000)]
  0x000001caf90bb220 JavaThread "Reconciler-1" daemon [_thread_blocked, id=31576, stack(0x00000028be100000,0x00000028be200000)]

Other Threads:
=>0x000001caf6819060 VMThread "VM Thread" [stack: 0x00000028ba700000,0x00000028ba800000] [id=24988]
  0x000001caf7613ff0 WatcherThread [stack: 0x00000028bb200000,0x00000028bb300000] [id=13536]
  0x000001cae95b22c0 GCTaskThread "GC Thread#0" [stack: 0x00000028ba200000,0x00000028ba300000] [id=13280]
  0x000001caf7fbc430 GCTaskThread "GC Thread#1" [stack: 0x00000028bb600000,0x00000028bb700000] [id=25152]
  0x000001caf7fbc6e0 GCTaskThread "GC Thread#2" [stack: 0x00000028bb700000,0x00000028bb800000] [id=23176]
  0x000001caf7f01880 GCTaskThread "GC Thread#3" [stack: 0x00000028bb800000,0x00000028bb900000] [id=4132]
  0x000001caf7d5d840 GCTaskThread "GC Thread#4" [stack: 0x00000028bb900000,0x00000028bba00000] [id=36648]
  0x000001caf7ffe060 GCTaskThread "GC Thread#5" [stack: 0x00000028bba00000,0x00000028bbb00000] [id=15236]
  0x000001caf8a3dd00 GCTaskThread "GC Thread#6" [stack: 0x00000028bbc00000,0x00000028bbd00000] [id=30696]
  0x000001caf899d200 GCTaskThread "GC Thread#7" [stack: 0x00000028bbd00000,0x00000028bbe00000] [id=29160]
  0x000001cae95c3d10 ConcurrentGCThread "G1 Main Marker" [stack: 0x00000028ba300000,0x00000028ba400000] [id=29448]
  0x000001cae95c5ed0 ConcurrentGCThread "G1 Conc#0" [stack: 0x00000028ba400000,0x00000028ba500000] [id=32316]
  0x000001caf8b9e9a0 ConcurrentGCThread "G1 Conc#1" [stack: 0x00000028bbe00000,0x00000028bbf00000] [id=4156]
  0x000001cae962d0a0 ConcurrentGCThread "G1 Refine#0" [stack: 0x00000028ba500000,0x00000028ba600000] [id=25024]
  0x000001caf7e79c40 ConcurrentGCThread "G1 Refine#1" [stack: 0x00000028bdd00000,0x00000028bde00000] [id=12860]
  0x000001caf9413b30 ConcurrentGCThread "G1 Refine#2" [stack: 0x00000028bde00000,0x00000028bdf00000] [id=22560]
  0x000001caf97cab80 ConcurrentGCThread "G1 Refine#3" [stack: 0x00000028bdf00000,0x00000028be000000] [id=30424]
  0x000001caf95c7e80 ConcurrentGCThread "G1 Refine#4" [stack: 0x00000028be000000,0x00000028be100000] [id=35976]
  0x000001cae962dac0 ConcurrentGCThread "G1 Service" [stack: 0x00000028ba600000,0x00000028ba700000] [id=4324]

Threads with active compile tasks:
C1 CompilerThread3    11046 3685  s!   1       jdk.internal.loader.URLClassPath::getLoader (196 bytes)

VM state: at safepoint (normal execution)

VM Mutex/Monitor currently owned by a thread:  ([mutex/lock_event])
[0x000001cae9555a90] Threads_lock - owner thread: 0x000001caf6819060
[0x000001cae9555850] Heap_lock - owner thread: 0x000001caf91db520

Heap address: 0x0000000082800000, size: 2008 MB, Compressed Oops mode: 32-bit

CDS archive(s) not mapped
Compressed class space mapped at: 0x0000000100000000-0x0000000140000000, reserved size: 1073741824
Narrow klass base: 0x0000000000000000, Narrow klass shift: 3, Narrow klass range: 0x140000000

GC Precious Log:
 CPUs: 8 total, 8 available
 Memory: 8026M
 Large Page Support: Disabled
 NUMA Support: Disabled
 Compressed Oops: Enabled (32-bit)
 Heap Region Size: 1M
 Heap Min Capacity: 8M
 Heap Initial Capacity: 126M
 Heap Max Capacity: 2008M
 Pre-touch: Disabled
 Parallel Workers: 8
 Concurrent Workers: 2
 Concurrent Refinement Workers: 8
 Periodic GC: Disabled

Heap:
 garbage-first heap   total 131072K, used 68400K [0x0000000082800000, 0x0000000100000000)
  region size 1024K, 5 young (5120K), 5 survivors (5120K)
 Metaspace       used 35267K, committed 35584K, reserved 1081344K
  class space    used 4603K, committed 4736K, reserved 1048576K

Heap Regions: E=young(eden), S=young(survivor), O=old, HS=humongous(starts), HC=humongous(continues), CS=collection set, F=free, OA=open archive, CA=closed archive, TAMS=top-at-mark-start (previous, next)
|   0|0x0000000082800000, 0x0000000082900000, 0x0000000082900000|100%| O|  |TAMS 0x0000000082900000, 0x0000000082900000| Untracked 
|   1|0x0000000082900000, 0x0000000082a00000, 0x0000000082a00000|100%| O|  |TAMS 0x0000000082a00000, 0x0000000082a00000| Untracked 
|   2|0x0000000082a00000, 0x0000000082b00000, 0x0000000082b00000|100%| O|  |TAMS 0x0000000082b00000, 0x0000000082b00000| Untracked 
|   3|0x0000000082b00000, 0x0000000082c00000, 0x0000000082c00000|100%| O|  |TAMS 0x0000000082c00000, 0x0000000082c00000| Untracked 
|   4|0x0000000082c00000, 0x0000000082d00000, 0x0000000082d00000|100%| O|  |TAMS 0x0000000082d00000, 0x0000000082d00000| Untracked 
|   5|0x0000000082d00000, 0x0000000082e00000, 0x0000000082e00000|100%| O|  |TAMS 0x0000000082e00000, 0x0000000082e00000| Untracked 
|   6|0x0000000082e00000, 0x0000000082f00000, 0x0000000082f00000|100%| O|  |TAMS 0x0000000082f00000, 0x0000000082f00000| Untracked 
|   7|0x0000000082f00000, 0x0000000082fe7600, 0x0000000083000000| 90%| O|  |TAMS 0x0000000082fe7600, 0x0000000082fe7600| Untracked 
|   8|0x0000000083000000, 0x0000000083100000, 0x0000000083100000|100%| O|  |TAMS 0x0000000083100000, 0x0000000083100000| Untracked 
|   9|0x0000000083100000, 0x0000000083200000, 0x0000000083200000|100%| O|  |TAMS 0x0000000083200000, 0x0000000083200000| Untracked 
|  10|0x0000000083200000, 0x0000000083300000, 0x0000000083300000|100%| O|  |TAMS 0x0000000083300000, 0x0000000083300000| Untracked 
|  11|0x0000000083300000, 0x0000000083400000, 0x0000000083400000|100%| O|  |TAMS 0x0000000083400000, 0x0000000083400000| Untracked 
|  12|0x0000000083400000, 0x0000000083500000, 0x0000000083500000|100%| O|  |TAMS 0x0000000083500000, 0x0000000083500000| Untracked 
|  13|0x0000000083500000, 0x0000000083600000, 0x0000000083600000|100%| O|  |TAMS 0x0000000083600000, 0x0000000083600000| Untracked 
|  14|0x0000000083600000, 0x0000000083700000, 0x0000000083700000|100%| O|  |TAMS 0x0000000083700000, 0x0000000083700000| Untracked 
|  15|0x0000000083700000, 0x0000000083800000, 0x0000000083800000|100%| O|  |TAMS 0x0000000083800000, 0x0000000083800000| Untracked 
|  16|0x0000000083800000, 0x0000000083900000, 0x0000000083900000|100%| O|  |TAMS 0x0000000083900000, 0x0000000083900000| Untracked 
|  17|0x0000000083900000, 0x0000000083a00000, 0x0000000083a00000|100%| O|  |TAMS 0x0000000083a00000, 0x0000000083a00000| Untracked 
|  18|0x0000000083a00000, 0x0000000083b00000, 0x0000000083b00000|100%| O|  |TAMS 0x0000000083b00000, 0x0000000083b00000| Untracked 
|  19|0x0000000083b00000, 0x0000000083c00000, 0x0000000083c00000|100%| O|  |TAMS 0x0000000083c00000, 0x0000000083c00000| Untracked 
|  20|0x0000000083c00000, 0x0000000083d00000, 0x0000000083d00000|100%| O|  |TAMS 0x0000000083d00000, 0x0000000083d00000| Untracked 
|  21|0x0000000083d00000, 0x0000000083e00000, 0x0000000083e00000|100%| O|  |TAMS 0x0000000083e00000, 0x0000000083e00000| Untracked 
|  22|0x0000000083e00000, 0x0000000083f00000, 0x0000000083f00000|100%| O|  |TAMS 0x0000000083f00000, 0x0000000083f00000| Untracked 
|  23|0x0000000083f00000, 0x0000000084000000, 0x0000000084000000|100%| O|  |TAMS 0x0000000084000000, 0x0000000084000000| Untracked 
|  24|0x0000000084000000, 0x0000000084100000, 0x0000000084100000|100%| O|  |TAMS 0x0000000084100000, 0x0000000084100000| Untracked 
|  25|0x0000000084100000, 0x0000000084200000, 0x0000000084200000|100%| O|  |TAMS 0x0000000084200000, 0x0000000084200000| Untracked 
|  26|0x0000000084200000, 0x0000000084300000, 0x0000000084300000|100%| O|  |TAMS 0x0000000084300000, 0x0000000084300000| Untracked 
|  27|0x0000000084300000, 0x0000000084400000, 0x0000000084400000|100%| O|  |TAMS 0x0000000084400000, 0x0000000084400000| Untracked 
|  28|0x0000000084400000, 0x0000000084500000, 0x0000000084500000|100%| O|  |TAMS 0x0000000084500000, 0x0000000084500000| Untracked 
|  29|0x0000000084500000, 0x0000000084600000, 0x0000000084600000|100%| O|  |TAMS 0x0000000084600000, 0x0000000084600000| Untracked 
|  30|0x0000000084600000, 0x0000000084700000, 0x0000000084700000|100%| O|  |TAMS 0x00000000846a0400, 0x0000000084700000| Untracked 
|  31|0x0000000084700000, 0x0000000084800000, 0x0000000084800000|100%| O|  |TAMS 0x0000000084700000, 0x0000000084800000| Untracked 
|  32|0x0000000084800000, 0x0000000084900000, 0x0000000084900000|100%| O|  |TAMS 0x0000000084800000, 0x0000000084900000| Untracked 
|  33|0x0000000084900000, 0x0000000084a00000, 0x0000000084a00000|100%| O|  |TAMS 0x0000000084900000, 0x0000000084a00000| Untracked 
|  34|0x0000000084a00000, 0x0000000084b00000, 0x0000000084b00000|100%| O|  |TAMS 0x0000000084a00000, 0x0000000084b00000| Untracked 
|  35|0x0000000084b00000, 0x0000000084c00000, 0x0000000084c00000|100%| O|  |TAMS 0x0000000084b00000, 0x0000000084c00000| Untracked 
|  36|0x0000000084c00000, 0x0000000084d00000, 0x0000000084d00000|100%|HS|  |TAMS 0x0000000084c00000, 0x0000000084d00000| Complete 
|  37|0x0000000084d00000, 0x0000000084e00000, 0x0000000084e00000|100%| O|  |TAMS 0x0000000084d00000, 0x0000000084e00000| Untracked 
|  38|0x0000000084e00000, 0x0000000084f00000, 0x0000000084f00000|100%| O|  |TAMS 0x0000000084e00000, 0x0000000084f00000| Untracked 
|  39|0x0000000084f00000, 0x0000000085000000, 0x0000000085000000|100%| O|  |TAMS 0x0000000084f00000, 0x0000000085000000| Untracked 
|  40|0x0000000085000000, 0x0000000085100000, 0x0000000085100000|100%| O|  |TAMS 0x0000000085000000, 0x0000000085100000| Untracked 
|  41|0x0000000085100000, 0x0000000085200000, 0x0000000085200000|100%| O|  |TAMS 0x0000000085100000, 0x0000000085200000| Untracked 
|  42|0x0000000085200000, 0x0000000085300000, 0x0000000085300000|100%| O|  |TAMS 0x0000000085200000, 0x0000000085300000| Untracked 
|  43|0x0000000085300000, 0x0000000085400000, 0x0000000085400000|100%|HS|  |TAMS 0x0000000085300000, 0x0000000085400000| Complete 
|  44|0x0000000085400000, 0x0000000085500000, 0x0000000085500000|100%| O|  |TAMS 0x0000000085400000, 0x0000000085500000| Untracked 
|  45|0x0000000085500000, 0x0000000085600000, 0x0000000085600000|100%| O|  |TAMS 0x0000000085500000, 0x0000000085600000| Untracked 
|  46|0x0000000085600000, 0x0000000085700000, 0x0000000085700000|100%| O|  |TAMS 0x0000000085600000, 0x0000000085700000| Untracked 
|  47|0x0000000085700000, 0x0000000085800000, 0x0000000085800000|100%| O|  |TAMS 0x0000000085700000, 0x0000000085800000| Untracked 
|  48|0x0000000085800000, 0x0000000085900000, 0x0000000085900000|100%| O|  |TAMS 0x0000000085800000, 0x0000000085900000| Untracked 
|  49|0x0000000085900000, 0x0000000085a00000, 0x0000000085a00000|100%| O|  |TAMS 0x0000000085900000, 0x0000000085a00000| Untracked 
|  50|0x0000000085a00000, 0x0000000085b00000, 0x0000000085b00000|100%| O|  |TAMS 0x0000000085a00000, 0x0000000085b00000| Untracked 
|  51|0x0000000085b00000, 0x0000000085c00000, 0x0000000085c00000|100%| O|  |TAMS 0x0000000085b00000, 0x0000000085c00000| Untracked 
|  52|0x0000000085c00000, 0x0000000085d00000, 0x0000000085d00000|100%| O|  |TAMS 0x0000000085c00000, 0x0000000085d00000| Untracked 
|  53|0x0000000085d00000, 0x0000000085e00000, 0x0000000085e00000|100%| O|  |TAMS 0x0000000085d00000, 0x0000000085e00000| Untracked 
|  54|0x0000000085e00000, 0x0000000085f00000, 0x0000000085f00000|100%| O|  |TAMS 0x0000000085e00000, 0x0000000085f00000| Untracked 
|  55|0x0000000085f00000, 0x0000000086000000, 0x0000000086000000|100%| O|  |TAMS 0x0000000085f00000, 0x0000000086000000| Untracked 
|  56|0x0000000086000000, 0x0000000086100000, 0x0000000086100000|100%| O|  |TAMS 0x0000000086000000, 0x0000000086100000| Untracked 
|  57|0x0000000086100000, 0x0000000086200000, 0x0000000086200000|100%| O|  |TAMS 0x0000000086100000, 0x0000000086200000| Untracked 
|  58|0x0000000086200000, 0x0000000086300000, 0x0000000086300000|100%| O|  |TAMS 0x0000000086200000, 0x0000000086300000| Untracked 
|  59|0x0000000086300000, 0x0000000086400000, 0x0000000086400000|100%| O|  |TAMS 0x0000000086300000, 0x0000000086400000| Untracked 
|  60|0x0000000086400000, 0x0000000086500000, 0x0000000086500000|100%| O|  |TAMS 0x0000000086400000, 0x0000000086500000| Untracked 
|  61|0x0000000086500000, 0x0000000086600000, 0x0000000086600000|100%| O|  |TAMS 0x0000000086500000, 0x0000000086600000| Untracked 
|  62|0x0000000086600000, 0x00000000866b5600, 0x0000000086700000| 70%| O|  |TAMS 0x0000000086600000, 0x00000000866b5600| Untracked 
|  63|0x0000000086700000, 0x0000000086700000, 0x0000000086800000|  0%| F|  |TAMS 0x0000000086700000, 0x0000000086700000| Untracked 
|  64|0x0000000086800000, 0x0000000086800000, 0x0000000086900000|  0%| F|  |TAMS 0x0000000086800000, 0x0000000086800000| Untracked 
|  65|0x0000000086900000, 0x0000000086900000, 0x0000000086a00000|  0%| F|  |TAMS 0x0000000086900000, 0x0000000086900000| Untracked 
|  66|0x0000000086a00000, 0x0000000086a00000, 0x0000000086b00000|  0%| F|  |TAMS 0x0000000086a00000, 0x0000000086a00000| Untracked 
|  67|0x0000000086b00000, 0x0000000086b00000, 0x0000000086c00000|  0%| F|  |TAMS 0x0000000086b00000, 0x0000000086b00000| Untracked 
|  68|0x0000000086c00000, 0x0000000086c00000, 0x0000000086d00000|  0%| F|  |TAMS 0x0000000086c00000, 0x0000000086c00000| Untracked 
|  69|0x0000000086d00000, 0x0000000086d00000, 0x0000000086e00000|  0%| F|  |TAMS 0x0000000086d00000, 0x0000000086d00000| Untracked 
|  70|0x0000000086e00000, 0x0000000086e00000, 0x0000000086f00000|  0%| F|  |TAMS 0x0000000086e00000, 0x0000000086e00000| Untracked 
|  71|0x0000000086f00000, 0x0000000086f00000, 0x0000000087000000|  0%| F|  |TAMS 0x0000000086f00000, 0x0000000086f00000| Untracked 
|  72|0x0000000087000000, 0x0000000087000000, 0x0000000087100000|  0%| F|  |TAMS 0x0000000087000000, 0x0000000087000000| Untracked 
|  73|0x0000000087100000, 0x0000000087100000, 0x0000000087200000|  0%| F|  |TAMS 0x0000000087100000, 0x0000000087100000| Untracked 
|  74|0x0000000087200000, 0x0000000087200000, 0x0000000087300000|  0%| F|  |TAMS 0x0000000087200000, 0x0000000087200000| Untracked 
|  75|0x0000000087300000, 0x0000000087300000, 0x0000000087400000|  0%| F|  |TAMS 0x0000000087300000, 0x0000000087300000| Untracked 
|  76|0x0000000087400000, 0x0000000087400000, 0x0000000087500000|  0%| F|  |TAMS 0x0000000087400000, 0x0000000087400000| Untracked 
|  77|0x0000000087500000, 0x0000000087500000, 0x0000000087600000|  0%| F|  |TAMS 0x0000000087500000, 0x0000000087500000| Untracked 
|  78|0x0000000087600000, 0x0000000087600000, 0x0000000087700000|  0%| F|  |TAMS 0x0000000087600000, 0x0000000087600000| Untracked 
|  79|0x0000000087700000, 0x0000000087700000, 0x0000000087800000|  0%| F|  |TAMS 0x0000000087700000, 0x0000000087700000| Untracked 
|  80|0x0000000087800000, 0x0000000087800000, 0x0000000087900000|  0%| F|  |TAMS 0x0000000087800000, 0x0000000087800000| Untracked 
|  81|0x0000000087900000, 0x0000000087900000, 0x0000000087a00000|  0%| F|  |TAMS 0x0000000087900000, 0x0000000087900000| Untracked 
|  82|0x0000000087a00000, 0x0000000087a00000, 0x0000000087b00000|  0%| F|  |TAMS 0x0000000087a00000, 0x0000000087a00000| Untracked 
|  83|0x0000000087b00000, 0x0000000087b00000, 0x0000000087c00000|  0%| F|  |TAMS 0x0000000087b00000, 0x0000000087b00000| Untracked 
|  84|0x0000000087c00000, 0x0000000087c00000, 0x0000000087d00000|  0%| F|  |TAMS 0x0000000087c00000, 0x0000000087c00000| Untracked 
|  85|0x0000000087d00000, 0x0000000087d00000, 0x0000000087e00000|  0%| F|  |TAMS 0x0000000087d00000, 0x0000000087d00000| Untracked 
|  86|0x0000000087e00000, 0x0000000087e00000, 0x0000000087f00000|  0%| F|  |TAMS 0x0000000087e00000, 0x0000000087e00000| Untracked 
|  87|0x0000000087f00000, 0x0000000087f2f418, 0x0000000088000000| 18%| S|CS|TAMS 0x0000000087f00000, 0x0000000087f00000| Complete 
|  88|0x0000000088000000, 0x0000000088100000, 0x0000000088100000|100%| S|CS|TAMS 0x0000000088000000, 0x0000000088000000| Complete 
|  89|0x0000000088100000, 0x0000000088200000, 0x0000000088200000|100%| S|CS|TAMS 0x0000000088100000, 0x0000000088100000| Complete 
|  90|0x0000000088200000, 0x0000000088300000, 0x0000000088300000|100%| S|CS|TAMS 0x0000000088200000, 0x0000000088200000| Complete 
|  91|0x0000000088300000, 0x0000000088400000, 0x0000000088400000|100%| S|CS|TAMS 0x0000000088300000, 0x0000000088300000| Complete 
|  92|0x0000000088400000, 0x0000000088400000, 0x0000000088500000|  0%| F|  |TAMS 0x0000000088400000, 0x0000000088400000| Untracked 
|  93|0x0000000088500000, 0x0000000088500000, 0x0000000088600000|  0%| F|  |TAMS 0x0000000088500000, 0x0000000088500000| Untracked 
|  94|0x0000000088600000, 0x0000000088600000, 0x0000000088700000|  0%| F|  |TAMS 0x0000000088600000, 0x0000000088600000| Untracked 
|  95|0x0000000088700000, 0x0000000088700000, 0x0000000088800000|  0%| F|  |TAMS 0x0000000088700000, 0x0000000088700000| Untracked 
|  96|0x0000000088800000, 0x0000000088800000, 0x0000000088900000|  0%| F|  |TAMS 0x0000000088800000, 0x0000000088800000| Untracked 
|  97|0x0000000088900000, 0x0000000088900000, 0x0000000088a00000|  0%| F|  |TAMS 0x0000000088900000, 0x0000000088900000| Untracked 
|  98|0x0000000088a00000, 0x0000000088a00000, 0x0000000088b00000|  0%| F|  |TAMS 0x0000000088a00000, 0x0000000088a00000| Untracked 
|  99|0x0000000088b00000, 0x0000000088b00000, 0x0000000088c00000|  0%| F|  |TAMS 0x0000000088b00000, 0x0000000088b00000| Untracked 
| 100|0x0000000088c00000, 0x0000000088c00000, 0x0000000088d00000|  0%| F|  |TAMS 0x0000000088c00000, 0x0000000088c00000| Untracked 
| 101|0x0000000088d00000, 0x0000000088d00000, 0x0000000088e00000|  0%| F|  |TAMS 0x0000000088d00000, 0x0000000088d00000| Untracked 
| 102|0x0000000088e00000, 0x0000000088e00000, 0x0000000088f00000|  0%| F|  |TAMS 0x0000000088e00000, 0x0000000088e00000| Untracked 
| 103|0x0000000088f00000, 0x0000000088f00000, 0x0000000089000000|  0%| F|  |TAMS 0x0000000088f00000, 0x0000000088f00000| Untracked 
| 104|0x0000000089000000, 0x0000000089000000, 0x0000000089100000|  0%| F|  |TAMS 0x0000000089000000, 0x0000000089000000| Untracked 
| 105|0x0000000089100000, 0x0000000089100000, 0x0000000089200000|  0%| F|  |TAMS 0x0000000089100000, 0x0000000089100000| Untracked 
| 106|0x0000000089200000, 0x0000000089200000, 0x0000000089300000|  0%| F|  |TAMS 0x0000000089200000, 0x0000000089200000| Untracked 
| 107|0x0000000089300000, 0x0000000089300000, 0x0000000089400000|  0%| F|  |TAMS 0x0000000089300000, 0x0000000089300000| Untracked 
| 108|0x0000000089400000, 0x0000000089400000, 0x0000000089500000|  0%| F|  |TAMS 0x0000000089400000, 0x0000000089400000| Untracked 
| 109|0x0000000089500000, 0x0000000089500000, 0x0000000089600000|  0%| F|  |TAMS 0x0000000089500000, 0x0000000089500000| Untracked 
| 110|0x0000000089600000, 0x0000000089600000, 0x0000000089700000|  0%| F|  |TAMS 0x0000000089600000, 0x0000000089600000| Untracked 
| 111|0x0000000089700000, 0x0000000089700000, 0x0000000089800000|  0%| F|  |TAMS 0x0000000089700000, 0x0000000089700000| Untracked 
| 112|0x0000000089800000, 0x0000000089800000, 0x0000000089900000|  0%| F|  |TAMS 0x0000000089800000, 0x0000000089800000| Untracked 
| 113|0x0000000089900000, 0x0000000089900000, 0x0000000089a00000|  0%| F|  |TAMS 0x0000000089900000, 0x0000000089900000| Untracked 
| 114|0x0000000089a00000, 0x0000000089a00000, 0x0000000089b00000|  0%| F|  |TAMS 0x0000000089a00000, 0x0000000089a00000| Untracked 
| 115|0x0000000089b00000, 0x0000000089b00000, 0x0000000089c00000|  0%| F|  |TAMS 0x0000000089b00000, 0x0000000089b00000| Untracked 
| 116|0x0000000089c00000, 0x0000000089c00000, 0x0000000089d00000|  0%| F|  |TAMS 0x0000000089c00000, 0x0000000089c00000| Untracked 
| 117|0x0000000089d00000, 0x0000000089d00000, 0x0000000089e00000|  0%| F|  |TAMS 0x0000000089d00000, 0x0000000089d00000| Untracked 
| 118|0x0000000089e00000, 0x0000000089e00000, 0x0000000089f00000|  0%| F|  |TAMS 0x0000000089e00000, 0x0000000089e00000| Untracked 
| 119|0x0000000089f00000, 0x0000000089f00000, 0x000000008a000000|  0%| F|  |TAMS 0x0000000089f00000, 0x0000000089f00000| Untracked 
| 120|0x000000008a000000, 0x000000008a000000, 0x000000008a100000|  0%| F|  |TAMS 0x000000008a000000, 0x000000008a000000| Untracked 
| 121|0x000000008a100000, 0x000000008a100000, 0x000000008a200000|  0%| F|  |TAMS 0x000000008a100000, 0x000000008a100000| Untracked 
| 122|0x000000008a200000, 0x000000008a200000, 0x000000008a300000|  0%| F|  |TAMS 0x000000008a200000, 0x000000008a200000| Untracked 
| 123|0x000000008a300000, 0x000000008a300000, 0x000000008a400000|  0%| F|  |TAMS 0x000000008a300000, 0x000000008a300000| Untracked 
| 124|0x000000008a400000, 0x000000008a400000, 0x000000008a500000|  0%| F|  |TAMS 0x000000008a400000, 0x000000008a400000| Untracked 
| 125|0x000000008a500000, 0x000000008a500000, 0x000000008a600000|  0%| F|  |TAMS 0x000000008a500000, 0x000000008a500000| Untracked 
| 126|0x000000008a600000, 0x000000008a600000, 0x000000008a700000|  0%| F|  |TAMS 0x000000008a600000, 0x000000008a600000| Untracked 
| 127|0x000000008a700000, 0x000000008a700000, 0x000000008a800000|  0%| F|  |TAMS 0x000000008a700000, 0x000000008a700000| Untracked 

Card table byte_map: [0x000001caef6e0000,0x000001caefad0000] _byte_map_base: 0x000001caef2cc000

Marking Bits (Prev, Next): (CMBitMap*) 0x000001cae95b38e0, (CMBitMap*) 0x000001cae95b3920
 Prev Bits: [0x000001caefec0000, 0x000001caf1e20000)
 Next Bits: [0x000001caf1e20000, 0x000001caf3d80000)

Polling page: 0x000001cae7440000

Metaspace:

Usage:
  Non-class:     29.95 MB used.
      Class:      4.50 MB used.
       Both:     34.44 MB used.

Virtual space:
  Non-class space:       32.00 MB reserved,      30.12 MB ( 94%) committed,  4 nodes.
      Class space:        1.00 GB reserved,       4.62 MB ( <1%) committed,  1 nodes.
             Both:        1.03 GB reserved,      34.75 MB (  3%) committed. 

Chunk freelists:
   Non-Class:  1.84 MB
       Class:  3.39 MB
        Both:  5.23 MB

MaxMetaspaceSize: unlimited
CompressedClassSpaceSize: 1.00 GB
Initial GC threshold: 21.00 MB
Current GC threshold: 54.94 MB
CDS: off
MetaspaceReclaimPolicy: balanced
 - commit_granule_bytes: 65536.
 - commit_granule_words: 8192.
 - virtual_space_node_default_size: 1048576.
 - enlarge_chunks_in_place: 1.
 - new_chunks_are_fully_committed: 0.
 - uncommit_free_chunks: 1.
 - use_allocation_guard: 0.
 - handle_deallocations: 1.


Internal statistics:

num_allocs_failed_limit: 5.
num_arena_births: 300.
num_arena_deaths: 0.
num_vsnodes_births: 5.
num_vsnodes_deaths: 0.
num_space_committed: 556.
num_space_uncommitted: 0.
num_chunks_returned_to_freelist: 5.
num_chunks_taken_from_freelist: 1290.
num_chunk_merges: 5.
num_chunk_splits: 886.
num_chunks_enlarged: 705.
num_purges: 0.
num_inconsistent_stats: 0.

CodeCache: size=49152Kb used=8964Kb max_used=8964Kb free=40187Kb
 bounds [0x000001caec1e0000, 0x000001caecab0000, 0x000001caef1e0000]
 total_blobs=4209 nmethods=3684 adapters=449
 compilation: enabled
              stopped_count=0, restarted_count=0
 full_count=0

Compilation events (20 events):
Event: 10.991 Thread 0x000001caf6897ce0 nmethod 3668 0x000001caeca99590 code [0x000001caeca99740, 0x000001caeca99918]
Event: 10.991 Thread 0x000001caf753b6b0 3681       1       jdk.internal.module.SystemModuleFinders$SystemModuleReader$$Lambda$142/0x00000001001bbdd0::apply (12 bytes)
Event: 10.991 Thread 0x000001caf753bbc0 nmethod 3677 0x000001caeca99a10 code [0x000001caeca99be0, 0x000001caeca99ed8]
Event: 10.991 Thread 0x000001caf6897ce0 3672       1       jdk.internal.jimage.ImageReader::getResourceBuffer (13 bytes)
Event: 10.991 Thread 0x000001caf753bbc0 3659   !   1       jdk.internal.reflect.GeneratedMethodAccessor27::invoke (67 bytes)
Event: 10.991 Thread 0x000001caf753b6b0 nmethod 3681 0x000001caeca9a090 code [0x000001caeca9a220, 0x000001caeca9a348]
Event: 10.991 Thread 0x000001caf753b6b0 3675       1       jdk.internal.module.SystemModuleFinders$SystemModuleReader::release (10 bytes)
Event: 10.991 Thread 0x000001caf6897ce0 nmethod 3672 0x000001caeca9a410 code [0x000001caeca9a5c0, 0x000001caeca9a758]
Event: 10.991 Thread 0x000001caf6897ce0 3682       1       nonapi.io.github.classgraph.fileslice.reader.ClassfileReader::<init> (29 bytes)
Event: 10.991 Thread 0x000001caf753bbc0 nmethod 3659 0x000001caeca9a890 code [0x000001caeca9aa80, 0x000001caeca9aeb8]
Event: 10.991 Thread 0x000001caf753b6b0 nmethod 3675 0x000001caeca9b190 code [0x000001caeca9b340, 0x000001caeca9b538]
Event: 10.991 Thread 0x000001caf753bbc0 3683       1       io.github.classgraph.ClasspathElementModule$1$1::<init> (16 bytes)
Event: 10.992 Thread 0x000001caf6897ce0 nmethod 3682 0x000001caeca9b690 code [0x000001caeca9b820, 0x000001caeca9ba98]
Event: 10.992 Thread 0x000001caf753b6b0 3684       1       nonapi.io.github.classgraph.utils.ProxyingInputStream::<init> (10 bytes)
Event: 10.992 Thread 0x000001caf6897ce0 3637       1       java.io.ByteArrayOutputStream::close (1 bytes)
Event: 10.992 Thread 0x000001caf6897ce0 nmethod 3637 0x000001caeca9bb10 code [0x000001caeca9bca0, 0x000001caeca9bd58]
Event: 10.992 Thread 0x000001caf753b6b0 nmethod 3684 0x000001caeca9be10 code [0x000001caeca9bfa0, 0x000001caeca9c0b8]
Event: 10.992 Thread 0x000001caf753bbc0 nmethod 3683 0x000001caeca9c110 code [0x000001caeca9c2a0, 0x000001caeca9c478]
Event: 10.993 Thread 0x000001caf75b3b60 nmethod 3653 0x000001caeca9c510 code [0x000001caeca9cd40, 0x000001caeca9f888]
Event: 11.000 Thread 0x000001caf753bbc0 3685  s!   1       jdk.internal.loader.URLClassPath::getLoader (196 bytes)

GC Heap History (20 events):
Event: 10.189 GC heap after
{Heap after GC invocations=9 (full 0):
 garbage-first heap   total 40960K, used 20200K [0x0000000082800000, 0x0000000100000000)
  region size 1024K, 2 young (2048K), 2 survivors (2048K)
 Metaspace       used 31747K, committed 32000K, reserved 1081344K
  class space    used 4001K, committed 4096K, reserved 1048576K
}
Event: 10.232 GC heap before
{Heap before GC invocations=9 (full 0):
 garbage-first heap   total 40960K, used 29416K [0x0000000082800000, 0x0000000100000000)
  region size 1024K, 12 young (12288K), 2 survivors (2048K)
 Metaspace       used 31795K, committed 32064K, reserved 1081344K
  class space    used 4004K, committed 4096K, reserved 1048576K
}
Event: 10.239 GC heap after
{Heap after GC invocations=10 (full 0):
 garbage-first heap   total 65536K, used 22225K [0x0000000082800000, 0x0000000100000000)
  region size 1024K, 2 young (2048K), 2 survivors (2048K)
 Metaspace       used 31795K, committed 32064K, reserved 1081344K
  class space    used 4004K, committed 4096K, reserved 1048576K
}
Event: 10.334 GC heap before
{Heap before GC invocations=10 (full 0):
 garbage-first heap   total 65536K, used 44753K [0x0000000082800000, 0x0000000100000000)
  region size 1024K, 25 young (25600K), 2 survivors (2048K)
 Metaspace       used 32393K, committed 32704K, reserved 1081344K
  class space    used 4098K, committed 4224K, reserved 1048576K
}
Event: 10.340 GC heap after
{Heap after GC invocations=11 (full 0):
 garbage-first heap   total 65536K, used 26619K [0x0000000082800000, 0x0000000100000000)
  region size 1024K, 4 young (4096K), 4 survivors (4096K)
 Metaspace       used 32393K, committed 32704K, reserved 1081344K
  class space    used 4098K, committed 4224K, reserved 1048576K
}
Event: 10.387 GC heap before
{Heap before GC invocations=11 (full 0):
 garbage-first heap   total 65536K, used 46075K [0x0000000082800000, 0x0000000100000000)
  region size 1024K, 24 young (24576K), 4 survivors (4096K)
 Metaspace       used 32799K, committed 33152K, reserved 1081344K
  class space    used 4161K, committed 4352K, reserved 1048576K
}
Event: 10.392 GC heap after
{Heap after GC invocations=12 (full 0):
 garbage-first heap   total 65536K, used 30011K [0x0000000082800000, 0x0000000100000000)
  region size 1024K, 3 young (3072K), 3 survivors (3072K)
 Metaspace       used 32799K, committed 33152K, reserved 1081344K
  class space    used 4161K, committed 4352K, reserved 1048576K
}
Event: 10.427 GC heap before
{Heap before GC invocations=12 (full 0):
 garbage-first heap   total 65536K, used 48443K [0x0000000082800000, 0x0000000100000000)
  region size 1024K, 21 young (21504K), 3 survivors (3072K)
 Metaspace       used 33062K, committed 33408K, reserved 1081344K
  class space    used 4193K, committed 4352K, reserved 1048576K
}
Event: 10.431 GC heap after
{Heap after GC invocations=13 (full 0):
 garbage-first heap   total 65536K, used 34334K [0x0000000082800000, 0x0000000100000000)
  region size 1024K, 3 young (3072K), 3 survivors (3072K)
 Metaspace       used 33062K, committed 33408K, reserved 1081344K
  class space    used 4193K, committed 4352K, reserved 1048576K
}
Event: 10.464 GC heap before
{Heap before GC invocations=13 (full 0):
 garbage-first heap   total 65536K, used 49694K [0x0000000082800000, 0x0000000100000000)
  region size 1024K, 18 young (18432K), 3 survivors (3072K)
 Metaspace       used 33203K, committed 33536K, reserved 1081344K
  class space    used 4217K, committed 4352K, reserved 1048576K
}
Event: 10.469 GC heap after
{Heap after GC invocations=14 (full 0):
 garbage-first heap   total 131072K, used 39688K [0x0000000082800000, 0x0000000100000000)
  region size 1024K, 3 young (3072K), 3 survivors (3072K)
 Metaspace       used 33203K, committed 33536K, reserved 1081344K
  class space    used 4217K, committed 4352K, reserved 1048576K
}
Event: 10.834 GC heap before
{Heap before GC invocations=15 (full 0):
 garbage-first heap   total 131072K, used 85768K [0x0000000082800000, 0x0000000100000000)
  region size 1024K, 48 young (49152K), 3 survivors (3072K)
 Metaspace       used 34872K, committed 35200K, reserved 1081344K
  class space    used 4539K, committed 4672K, reserved 1048576K
}
Event: 10.843 GC heap after
{Heap after GC invocations=16 (full 0):
 garbage-first heap   total 131072K, used 49844K [0x0000000082800000, 0x0000000100000000)
  region size 1024K, 6 young (6144K), 6 survivors (6144K)
 Metaspace       used 34872K, committed 35200K, reserved 1081344K
  class space    used 4539K, committed 4672K, reserved 1048576K
}
Event: 10.944 GC heap before
{Heap before GC invocations=16 (full 0):
 garbage-first heap   total 131072K, used 88756K [0x0000000082800000, 0x0000000100000000)
  region size 1024K, 44 young (45056K), 6 survivors (6144K)
 Metaspace       used 35225K, committed 35520K, reserved 1081344K
  class space    used 4593K, committed 4736K, reserved 1048576K
}
Event: 10.966 GC heap after
{Heap after GC invocations=17 (full 0):
 garbage-first heap   total 131072K, used 63139K [0x0000000082800000, 0x0000000100000000)
  region size 1024K, 6 young (6144K), 6 survivors (6144K)
 Metaspace       used 35225K, committed 35520K, reserved 1081344K
  class space    used 4593K, committed 4736K, reserved 1048576K
}
Event: 10.981 GC heap before
{Heap before GC invocations=17 (full 0):
 garbage-first heap   total 131072K, used 91811K [0x0000000082800000, 0x0000000100000000)
  region size 1024K, 35 young (35840K), 6 survivors (6144K)
 Metaspace       used 35234K, committed 35520K, reserved 1081344K
  class space    used 4593K, committed 4736K, reserved 1048576K
}
Event: 10.985 GC heap after
{Heap after GC invocations=18 (full 0):
 garbage-first heap   total 131072K, used 66163K [0x0000000082800000, 0x0000000100000000)
  region size 1024K, 2 young (2048K), 2 survivors (2048K)
 Metaspace       used 35234K, committed 35520K, reserved 1081344K
  class space    used 4593K, committed 4736K, reserved 1048576K
}
Event: 10.998 GC heap before
{Heap before GC invocations=18 (full 0):
 garbage-first heap   total 131072K, used 96883K [0x0000000082800000, 0x0000000100000000)
  region size 1024K, 33 young (33792K), 2 survivors (2048K)
 Metaspace       used 35260K, committed 35584K, reserved 1081344K
  class space    used 4602K, committed 4736K, reserved 1048576K
}
Event: 10.999 GC heap after
{Heap after GC invocations=19 (full 0):
 garbage-first heap   total 131072K, used 66913K [0x0000000082800000, 0x0000000100000000)
  region size 1024K, 3 young (3072K), 3 survivors (3072K)
 Metaspace       used 35260K, committed 35584K, reserved 1081344K
  class space    used 4602K, committed 4736K, reserved 1048576K
}
Event: 11.010 GC heap before
{Heap before GC invocations=19 (full 0):
 garbage-first heap   total 131072K, used 99681K [0x0000000082800000, 0x0000000100000000)
  region size 1024K, 36 young (36864K), 3 survivors (3072K)
 Metaspace       used 35267K, committed 35584K, reserved 1081344K
  class space    used 4603K, committed 4736K, reserved 1048576K
}

Deoptimization events (16 events):
Event: 6.573 Thread 0x000001cae9559780 DEOPT PACKING pc=0x000001caec5f87f5 sp=0x00000028ba1fdb80
Event: 6.573 Thread 0x000001cae9559780 DEOPT UNPACKING pc=0x000001caec232b43 sp=0x00000028ba1fcff0 mode 3
Event: 7.284 Thread 0x000001cae9559780 DEOPT PACKING pc=0x000001caec712499 sp=0x00000028ba1fd330
Event: 7.284 Thread 0x000001cae9559780 DEOPT UNPACKING pc=0x000001caec232b43 sp=0x00000028ba1fc810 mode 3
Event: 8.125 Thread 0x000001cae9559780 DEOPT PACKING pc=0x000001caec7d5375 sp=0x00000028ba1fcde0
Event: 8.125 Thread 0x000001cae9559780 DEOPT UNPACKING pc=0x000001caec232b43 sp=0x00000028ba1fc250 mode 3
Event: 10.015 Thread 0x000001cae9559780 DEOPT PACKING pc=0x000001caec876c99 sp=0x00000028ba1fc8b0
Event: 10.015 Thread 0x000001cae9559780 DEOPT UNPACKING pc=0x000001caec232b43 sp=0x00000028ba1fbd90 mode 3
Event: 10.039 Thread 0x000001caf9175440 DEOPT PACKING pc=0x000001caec8b5cab sp=0x00000028bbbfe7a0
Event: 10.039 Thread 0x000001caf9175440 DEOPT UNPACKING pc=0x000001caec232b43 sp=0x00000028bbbfdce8 mode 3
Event: 10.276 Thread 0x000001caf911a020 DEOPT PACKING pc=0x000001caec70cd17 sp=0x00000028bc1fed60
Event: 10.276 Thread 0x000001caf911a020 DEOPT UNPACKING pc=0x000001caec232b43 sp=0x00000028bc1fe1b8 mode 3
Event: 10.277 Thread 0x000001caf91db520 DEOPT PACKING pc=0x000001caec713f01 sp=0x00000028bcbff190
Event: 10.277 Thread 0x000001caf91db520 DEOPT UNPACKING pc=0x000001caec232b43 sp=0x00000028bcbfe628 mode 3
Event: 10.663 Thread 0x000001caf91da6b0 DEOPT PACKING pc=0x000001caeca42cb5 sp=0x00000028bd0fd770
Event: 10.663 Thread 0x000001caf91da6b0 DEOPT UNPACKING pc=0x000001caec232b43 sp=0x00000028bd0fcc98 mode 3

Classes unloaded (0 events):
No events

Classes redefined (0 events):
No events

Internal exceptions (20 events):
Event: 10.124 Thread 0x000001caf909ede0 Exception <a 'sun/nio/fs/WindowsException'{0x000000008453c160}> (0x000000008453c160) 
thrown [e:\jenkins\tmp\workspace\build\src\src\hotspot\share\prims\jni.cpp, line 516]
Event: 10.124 Thread 0x000001caf909ede0 Exception <a 'sun/nio/fs/WindowsException'{0x000000008453c500}> (0x000000008453c500) 
thrown [e:\jenkins\tmp\workspace\build\src\src\hotspot\share\prims\jni.cpp, line 516]
Event: 10.124 Thread 0x000001caf909ede0 Exception <a 'sun/nio/fs/WindowsException'{0x000000008453cef8}> (0x000000008453cef8) 
thrown [e:\jenkins\tmp\workspace\build\src\src\hotspot\share\prims\jni.cpp, line 516]
Event: 10.125 Thread 0x000001caf909ede0 Exception <a 'sun/nio/fs/WindowsException'{0x000000008453d2b0}> (0x000000008453d2b0) 
thrown [e:\jenkins\tmp\workspace\build\src\src\hotspot\share\prims\jni.cpp, line 516]
Event: 10.125 Thread 0x000001caf909ede0 Exception <a 'sun/nio/fs/WindowsException'{0x0000000084410940}> (0x0000000084410940) 
thrown [e:\jenkins\tmp\workspace\build\src\src\hotspot\share\prims\jni.cpp, line 516]
Event: 10.125 Thread 0x000001caf909ede0 Exception <a 'sun/nio/fs/WindowsException'{0x0000000084410ce8}> (0x0000000084410ce8) 
thrown [e:\jenkins\tmp\workspace\build\src\src\hotspot\share\prims\jni.cpp, line 516]
Event: 10.125 Thread 0x000001caf909ede0 Exception <a 'sun/nio/fs/WindowsException'{0x00000000844116e0}> (0x00000000844116e0) 
thrown [e:\jenkins\tmp\workspace\build\src\src\hotspot\share\prims\jni.cpp, line 516]
Event: 10.125 Thread 0x000001caf909ede0 Exception <a 'sun/nio/fs/WindowsException'{0x0000000084411a98}> (0x0000000084411a98) 
thrown [e:\jenkins\tmp\workspace\build\src\src\hotspot\share\prims\jni.cpp, line 516]
Event: 10.125 Thread 0x000001caf909ede0 Exception <a 'sun/nio/fs/WindowsException'{0x00000000844124a8}> (0x00000000844124a8) 
thrown [e:\jenkins\tmp\workspace\build\src\src\hotspot\share\prims\jni.cpp, line 516]
Event: 10.125 Thread 0x000001caf909ede0 Exception <a 'sun/nio/fs/WindowsException'{0x0000000084412880}> (0x0000000084412880) 
thrown [e:\jenkins\tmp\workspace\build\src\src\hotspot\share\prims\jni.cpp, line 516]
Event: 10.126 Thread 0x000001caf909ede0 Exception <a 'sun/nio/fs/WindowsException'{0x00000000844132a8}> (0x00000000844132a8) 
thrown [e:\jenkins\tmp\workspace\build\src\src\hotspot\share\prims\jni.cpp, line 516]
Event: 10.126 Thread 0x000001caf909ede0 Exception <a 'sun/nio/fs/WindowsException'{0x0000000084413698}> (0x0000000084413698) 
thrown [e:\jenkins\tmp\workspace\build\src\src\hotspot\share\prims\jni.cpp, line 516]
Event: 10.126 Thread 0x000001caf909ede0 Exception <a 'sun/nio/fs/WindowsException'{0x00000000844140b8}> (0x00000000844140b8) 
thrown [e:\jenkins\tmp\workspace\build\src\src\hotspot\share\prims\jni.cpp, line 516]
Event: 10.126 Thread 0x000001caf909ede0 Exception <a 'sun/nio/fs/WindowsException'{0x00000000844144a0}> (0x00000000844144a0) 
thrown [e:\jenkins\tmp\workspace\build\src\src\hotspot\share\prims\jni.cpp, line 516]
Event: 10.324 Thread 0x000001cae9559780 Exception <a 'java/lang/NoSuchMethodError'{0x00000000853a8178}: 'java.lang.Object java.lang.invoke.DirectMethodHandle$Holder.newInvokeSpecial(java.lang.Object, java.lang.Object, int, java.lang.Object, java.lang.Object)'> (0x00000000853a8178) 
thrown [e:\jenkins\tmp\workspace\build\src\src\hotspot\share\interpreter\linkResolver.cpp, line 766]
Event: 10.658 Thread 0x000001caf91da6b0 Exception <a 'java/lang/NoSuchMethodError'{0x000000008895e9b0}: 'java.lang.Object java.lang.invoke.DirectMethodHandle$Holder.invokeStatic(java.lang.Object, int, java.lang.Object)'> (0x000000008895e9b0) 
thrown [e:\jenkins\tmp\workspace\build\src\src\hotspot\share\interpreter\linkResolver.cpp, line 766]
Event: 10.661 Thread 0x000001caf91dbec0 Exception <a 'java/lang/NoSuchMethodError'{0x000000008898af68}: 'java.lang.Object java.lang.invoke.DirectMethodHandle$Holder.invokeStatic(java.lang.Object, java.lang.Object, java.lang.Object, int, java.lang.Object, java.lang.Object)'> (0x000000008898af68) 
thrown [e:\jenkins\tmp\workspace\build\src\src\hotspot\share\interpreter\linkResolver.cpp, line 766]
Event: 10.769 Thread 0x000001caf91dbec0 Exception <a 'java/lang/NoSuchMethodError'{0x00000000882c5fd8}: 'int java.lang.invoke.DirectMethodHandle$Holder.invokeStatic(java.lang.Object)'> (0x00000000882c5fd8) 
thrown [e:\jenkins\tmp\workspace\build\src\src\hotspot\share\interpreter\linkResolver.cpp, line 766]
Event: 10.770 Thread 0x000001caf91dbec0 Exception <a 'java/lang/NoSuchMethodError'{0x0000000088101090}: 'int java.lang.invoke.DirectMethodHandle$Holder.invokeStaticInit(java.lang.Object)'> (0x0000000088101090) 
thrown [e:\jenkins\tmp\workspace\build\src\src\hotspot\share\interpreter\linkResolver.cpp, line 766]
Event: 10.800 Thread 0x000001caf91dbec0 Exception <a 'java/lang/NoSuchMethodError'{0x0000000087fef190}: 'int java.lang.invoke.DirectMethodHandle$Holder.invokeVirtual(java.lang.Object, java.lang.Object)'> (0x0000000087fef190) 
thrown [e:\jenkins\tmp\workspace\build\src\src\hotspot\share\interpreter\linkResolver.cpp, line 766]

VM Operations (20 events):
Event: 10.878 Executing VM operation: ICBufferFull done
Event: 10.879 Executing VM operation: ICBufferFull
Event: 10.879 Executing VM operation: ICBufferFull done
Event: 10.944 Executing VM operation: G1CollectForAllocation
Event: 10.967 Executing VM operation: G1CollectForAllocation done
Event: 10.980 Executing VM operation: G1CollectForAllocation
Event: 10.981 Executing VM operation: G1CollectForAllocation done
Event: 10.981 Executing VM operation: G1CollectForAllocation
Event: 10.986 Executing VM operation: G1CollectForAllocation done
Event: 10.994 Executing VM operation: HandshakeAllThreads
Event: 10.994 Executing VM operation: HandshakeAllThreads done
Event: 10.997 Executing VM operation: G1CollectForAllocation
Event: 10.997 Executing VM operation: G1CollectForAllocation done
Event: 10.997 Executing VM operation: G1CollectForAllocation
Event: 10.999 Executing VM operation: G1CollectForAllocation done
Event: 10.999 Executing VM operation: HandshakeAllThreads
Event: 10.999 Executing VM operation: HandshakeAllThreads done
Event: 11.010 Executing VM operation: G1CollectForAllocation
Event: 11.010 Executing VM operation: G1CollectForAllocation done
Event: 11.010 Executing VM operation: G1CollectForAllocation

Events (20 events):
Event: 10.787 loading class java/util/concurrent/CompletableFuture$Signaller done
Event: 10.792 loading class java/util/concurrent/CompletableFuture$UniCompose
Event: 10.792 loading class java/util/concurrent/CompletableFuture$UniCompose done
Event: 10.793 Thread 0x000001caf90ba3b0 Thread added: 0x000001caf90ba3b0
Event: 10.794 Thread 0x000001caf90bbbc0 Thread added: 0x000001caf90bbbc0
Event: 10.794 loading class java/util/concurrent/CompletableFuture$UniRelay
Event: 10.794 loading class java/util/concurrent/CompletableFuture$UniRelay done
Event: 10.796 loading class java/util/concurrent/CompletionException
Event: 10.796 loading class java/util/concurrent/CompletionException done
Event: 10.803 loading class java/io/PrintWriter
Event: 10.803 loading class java/io/PrintWriter done
Event: 10.804 loading class sun/nio/cs/StringUTF16
Event: 10.805 loading class sun/nio/cs/StringUTF16 done
Event: 10.807 loading class java/util/WeakHashMap$EntrySet
Event: 10.807 loading class java/util/WeakHashMap$EntrySet done
Event: 10.807 loading class java/util/WeakHashMap$EntryIterator
Event: 10.807 loading class java/util/WeakHashMap$HashIterator
Event: 10.807 loading class java/util/WeakHashMap$HashIterator done
Event: 10.807 loading class java/util/WeakHashMap$EntryIterator done
Event: 10.886 Thread 0x000001caf90bb220 Thread added: 0x000001caf90bb220


Dynamic libraries:
0x00007ff79acc0000 - 0x00007ff79acce000 	c:\Users\ddai\.vscode\extensions\redhat.java-1.9.0-win32-x64\jre\17.0.3-win32-x86_64\bin\java.exe
0x00007ffad0350000 - 0x00007ffad0548000 	C:\WINDOWS\SYSTEM32\ntdll.dll
0x00007ffacf4a0000 - 0x00007ffacf55d000 	C:\WINDOWS\System32\KERNEL32.DLL
0x00007ffacdb60000 - 0x00007ffacde2e000 	C:\WINDOWS\System32\KERNELBASE.dll
0x00007fface060000 - 0x00007fface160000 	C:\WINDOWS\System32\ucrtbase.dll
0x00007ffab07e0000 - 0x00007ffab07f8000 	c:\Users\ddai\.vscode\extensions\redhat.java-1.9.0-win32-x64\jre\17.0.3-win32-x86_64\bin\jli.dll
0x00007ffab06f0000 - 0x00007ffab0709000 	c:\Users\ddai\.vscode\extensions\redhat.java-1.9.0-win32-x64\jre\17.0.3-win32-x86_64\bin\VCRUNTIME140.dll
0x00007ffaceec0000 - 0x00007ffacf060000 	C:\WINDOWS\System32\USER32.dll
0x00007ffab2fb0000 - 0x00007ffab324a000 	C:\WINDOWS\WinSxS\amd64_microsoft.windows.common-controls_6595b64144ccf1df_6.0.19041.1110_none_60b5254171f9507e\COMCTL32.dll
0x00007ffacec00000 - 0x00007ffacec9e000 	C:\WINDOWS\System32\msvcrt.dll
0x00007ffacda70000 - 0x00007ffacda92000 	C:\WINDOWS\System32\win32u.dll
0x00007ffacf1b0000 - 0x00007ffacf1da000 	C:\WINDOWS\System32\GDI32.dll
0x00007ffacdea0000 - 0x00007ffacdfab000 	C:\WINDOWS\System32\gdi32full.dll
0x00007fface310000 - 0x00007fface3ad000 	C:\WINDOWS\System32\msvcp_win.dll
0x00007ffacf300000 - 0x00007ffacf330000 	C:\WINDOWS\System32\IMM32.DLL
0x00007ffac6fa0000 - 0x00007ffac6fac000 	c:\Users\ddai\.vscode\extensions\redhat.java-1.9.0-win32-x64\jre\17.0.3-win32-x86_64\bin\vcruntime140_1.dll
0x00007ffa85df0000 - 0x00007ffa85e81000 	c:\Users\ddai\.vscode\extensions\redhat.java-1.9.0-win32-x64\jre\17.0.3-win32-x86_64\bin\msvcp140.dll
0x00007ffa4c130000 - 0x00007ffa4cd78000 	c:\Users\ddai\.vscode\extensions\redhat.java-1.9.0-win32-x64\jre\17.0.3-win32-x86_64\bin\server\jvm.dll
0x00007ffaceda0000 - 0x00007ffacee4e000 	C:\WINDOWS\System32\ADVAPI32.dll
0x00007ffaceca0000 - 0x00007ffaced3c000 	C:\WINDOWS\System32\sechost.dll
0x00007ffacfc50000 - 0x00007ffacfd75000 	C:\WINDOWS\System32\RPCRT4.dll
0x00007ffacee50000 - 0x00007ffacee58000 	C:\WINDOWS\System32\PSAPI.DLL
0x00007ffabb0b0000 - 0x00007ffabb0d7000 	C:\WINDOWS\SYSTEM32\WINMM.dll
0x00007ffac14c0000 - 0x00007ffac14ca000 	C:\WINDOWS\SYSTEM32\VERSION.dll
0x00007ffaadd00000 - 0x00007ffaadd09000 	C:\WINDOWS\SYSTEM32\WSOCK32.dll
0x00007ffacf140000 - 0x00007ffacf1ab000 	C:\WINDOWS\System32\WS2_32.dll
0x00007ffacc1b0000 - 0x00007ffacc1c2000 	C:\WINDOWS\SYSTEM32\kernel.appcore.dll
0x00007ffab0820000 - 0x00007ffab082a000 	c:\Users\ddai\.vscode\extensions\redhat.java-1.9.0-win32-x64\jre\17.0.3-win32-x86_64\bin\jimage.dll
0x00007ffacb730000 - 0x00007ffacb914000 	C:\WINDOWS\SYSTEM32\DBGHELP.DLL
0x00007ffab40f0000 - 0x00007ffab411c000 	C:\WINDOWS\SYSTEM32\dbgcore.DLL
0x00007ffacdaa0000 - 0x00007ffacdb22000 	C:\WINDOWS\System32\bcryptPrimitives.dll
0x00007ffaa2000000 - 0x00007ffaa2025000 	c:\Users\ddai\.vscode\extensions\redhat.java-1.9.0-win32-x64\jre\17.0.3-win32-x86_64\bin\java.dll
0x00007ffaa4990000 - 0x00007ffaa49a8000 	c:\Users\ddai\.vscode\extensions\redhat.java-1.9.0-win32-x64\jre\17.0.3-win32-x86_64\bin\zip.dll
0x00007fface3b0000 - 0x00007ffaceaf4000 	C:\WINDOWS\System32\SHELL32.dll
0x00007ffacba00000 - 0x00007ffacc194000 	C:\WINDOWS\SYSTEM32\windows.storage.dll
0x00007ffacfd80000 - 0x00007ffad00d4000 	C:\WINDOWS\System32\combase.dll
0x00007ffacd3f0000 - 0x00007ffacd420000 	C:\WINDOWS\SYSTEM32\Wldp.dll
0x00007ffacf330000 - 0x00007ffacf3dd000 	C:\WINDOWS\System32\SHCORE.dll
0x00007ffaceb90000 - 0x00007ffacebe5000 	C:\WINDOWS\System32\shlwapi.dll
0x00007ffacd9b0000 - 0x00007ffacd9cf000 	C:\WINDOWS\SYSTEM32\profapi.dll
0x00007ffaa47e0000 - 0x00007ffaa47f9000 	C:\Users\ddai\.vscode\extensions\redhat.java-1.9.0-win32-x64\jre\17.0.3-win32-x86_64\bin\net.dll
0x00007ffacca80000 - 0x00007ffaccb8a000 	C:\WINDOWS\SYSTEM32\WINHTTP.dll
0x00007ffacd1d0000 - 0x00007ffacd23a000 	C:\WINDOWS\system32\mswsock.dll
0x00007ffaa1fe0000 - 0x00007ffaa1ff5000 	C:\Users\ddai\.vscode\extensions\redhat.java-1.9.0-win32-x64\jre\17.0.3-win32-x86_64\bin\nio.dll
0x00007ffab01f0000 - 0x00007ffab0200000 	c:\Users\ddai\.vscode\extensions\redhat.java-1.9.0-win32-x64\jre\17.0.3-win32-x86_64\bin\verify.dll
0x00007ffac99e0000 - 0x00007ffac99e9000 	C:\Users\ddai\.vscode\extensions\redhat.java-1.9.0-win32-x64\jre\17.0.3-win32-x86_64\bin\management.dll
0x00007ffac6fc0000 - 0x00007ffac6fcb000 	C:\Users\ddai\.vscode\extensions\redhat.java-1.9.0-win32-x64\jre\17.0.3-win32-x86_64\bin\management_ext.dll
0x00007ffa9df10000 - 0x00007ffa9df27000 	C:\WINDOWS\system32\napinsp.dll
0x00007ffa9def0000 - 0x00007ffa9df0b000 	C:\WINDOWS\system32\pnrpnsp.dll
0x00007ffac8640000 - 0x00007ffac8655000 	C:\WINDOWS\system32\wshbth.dll
0x00007ffac9680000 - 0x00007ffac969d000 	C:\WINDOWS\system32\NLAapi.dll
0x00007ffacce90000 - 0x00007ffaccecb000 	C:\WINDOWS\SYSTEM32\IPHLPAPI.DLL
0x00007ffaccee0000 - 0x00007ffaccfab000 	C:\WINDOWS\SYSTEM32\DNSAPI.dll
0x00007ffacebf0000 - 0x00007ffacebf8000 	C:\WINDOWS\System32\NSI.dll
0x00007ffa9df30000 - 0x00007ffa9df42000 	C:\WINDOWS\System32\winrnr.dll
0x00007ffabc8e0000 - 0x00007ffabc8ea000 	C:\Windows\System32\rasadhlp.dll
0x00007ffac6cd0000 - 0x00007ffac6d50000 	C:\WINDOWS\System32\fwpuclnt.dll
0x00007ffacdb30000 - 0x00007ffacdb57000 	C:\WINDOWS\System32\bcrypt.dll
0x00007ffacd430000 - 0x00007ffacd448000 	C:\WINDOWS\SYSTEM32\CRYPTSP.dll
0x00007ffacc9f0000 - 0x00007ffacca24000 	C:\WINDOWS\system32\rsaenh.dll
0x00007ffacd970000 - 0x00007ffacd99e000 	C:\WINDOWS\SYSTEM32\USERENV.dll
0x00007ffacd360000 - 0x00007ffacd36c000 	C:\WINDOWS\SYSTEM32\CRYPTBASE.dll
0x00007ffac6940000 - 0x00007ffac6957000 	C:\WINDOWS\SYSTEM32\dhcpcsvc6.DLL
0x00007ffac6870000 - 0x00007ffac688d000 	C:\WINDOWS\SYSTEM32\dhcpcsvc.DLL

dbghelp: loaded successfully - version: 4.0.5 - missing functions: none
symbol engine: initialized successfully - sym options: 0x614 - pdb path: .;c:\Users\ddai\.vscode\extensions\redhat.java-1.9.0-win32-x64\jre\17.0.3-win32-x86_64\bin;C:\WINDOWS\SYSTEM32;C:\WINDOWS\WinSxS\amd64_microsoft.windows.common-controls_6595b64144ccf1df_6.0.19041.1110_none_60b5254171f9507e;c:\Users\ddai\.vscode\extensions\redhat.java-1.9.0-win32-x64\jre\17.0.3-win32-x86_64\bin\server

VM Arguments:
jvm_args: -Dsts.lsp.client=vscode -Dsts.log.file=/dev/null -XX:TieredStopAtLevel=1 -Dspring.config.location=file:c:\Users\ddai\.vscode\extensions\pivotal.vscode-spring-boot-1.37.0\language-server\BOOT-INF\classes\application.properties 
java_command: org.springframework.ide.vscode.boot.app.BootLanguageServerBootApp
java_class_path (initial): c:\Users\ddai\.vscode\extensions\pivotal.vscode-spring-boot-1.37.0\language-server\BOOT-INF\classes;c:\Users\ddai\.vscode\extensions\pivotal.vscode-spring-boot-1.37.0\language-server\BOOT-INF\lib\annotations-23.0.0.jar;c:\Users\ddai\.vscode\extensions\pivotal.vscode-spring-boot-1.37.0\language-server\BOOT-INF\lib\antlr-runtime-3.5.2.jar;c:\Users\ddai\.vscode\extensions\pivotal.vscode-spring-boot-1.37.0\language-server\BOOT-INF\lib\antlr4-4.9.3.jar;c:\Users\ddai\.vscode\extensions\pivotal.vscode-spring-boot-1.37.0\language-server\BOOT-INF\lib\antlr4-runtime-4.9.3.jar;c:\Users\ddai\.vscode\extensions\pivotal.vscode-spring-boot-1.37.0\language-server\BOOT-INF\lib\asm-9.3.jar;c:\Users\ddai\.vscode\extensions\pivotal.vscode-spring-boot-1.37.0\language-server\BOOT-INF\lib\asm-analysis-9.3.jar;c:\Users\ddai\.vscode\extensions\pivotal.vscode-spring-boot-1.37.0\language-server\BOOT-INF\lib\asm-tree-9.3.jar;c:\Users\ddai\.vscode\extensions\pivotal.vscode-spring-boot-1.37.0\language-server\BOOT-INF\lib\asm-util-9.3.jar;c:\Users\ddai\.vscode\extensions\pivotal.vscode-spring-boot-1.37.0\language-server\BOOT-INF\lib\byte-buddy-1.10.18.jar;c:\Users\ddai\.vscode\extensions\pivotal.vscode-spring-boot-1.37.0\language-server\BOOT-INF\lib\caffeine-2.8.6.jar;c:\Users\ddai\.vscode\extensions\pivotal.vscode-spring-boot-1.37.0\language-server\BOOT-INF\lib\checker-qual-3.12.0.jar;c:\Users\ddai\.vscode\extensions\pivotal.vscode-spring-boot-1.37.0\language-server\BOOT-INF\lib\classgraph-4.8.149.jar;c:\Users\ddai\.vscode\extensions\pivotal.vscode-spring-boot-1.37.0\language-server\BOOT-INF\lib\commons-codec-1.14.jar;c:\Users\ddai\.vscode\extensions\pivotal.vscode-spring-boot-1.37.0\language-server\BOOT-INF\lib\commons-compress-1.21.jar;c:\Users\ddai\.vscode\extensions\pivotal.vscode-spring-boot-1.37.0\language-server\BOOT-INF\lib\commons-exec-1.3.jar;c:\Users\ddai\.vscode\extensions\pivotal.vscode-spring-boot-1.37.0\language-server\BOOT-INF\lib\commons-io-2.4.jar;c
Launcher Type: SUN_STANDARD

[Global flags]
     intx CICompilerCount                          = 4                                         {product} {ergonomic}
     uint ConcGCThreads                            = 2                                         {product} {ergonomic}
     uint G1ConcRefinementThreads                  = 8                                         {product} {ergonomic}
   size_t G1HeapRegionSize                         = 1048576                                   {product} {ergonomic}
    uintx GCDrainStackTargetSize                   = 64                                        {product} {ergonomic}
   size_t InitialHeapSize                          = 132120576                                 {product} {ergonomic}
   size_t MarkStackSize                            = 4194304                                   {product} {ergonomic}
   size_t MaxHeapSize                              = 2105540608                                {product} {ergonomic}
   size_t MaxNewSize                               = 1262485504                                {product} {ergonomic}
   size_t MinHeapDeltaBytes                        = 1048576                                   {product} {ergonomic}
   size_t MinHeapSize                              = 8388608                                   {product} {ergonomic}
    uintx NonProfiledCodeHeapSize                  = 0                                      {pd product} {ergonomic}
     bool ProfileInterpreter                       = false                                  {pd product} {command line}
    uintx ProfiledCodeHeapSize                     = 0                                      {pd product} {ergonomic}
   size_t SoftMaxHeapSize                          = 2105540608                             {manageable} {ergonomic}
     intx TieredStopAtLevel                        = 1                                         {product} {command line}
     bool UseCompressedClassPointers               = true                           {product lp64_product} {ergonomic}
     bool UseCompressedOops                        = true                           {product lp64_product} {ergonomic}
     bool UseG1GC                                  = true                                      {product} {ergonomic}
     bool UseLargePagesIndividualAllocation        = false                                  {pd product} {ergonomic}

Logging:
Log output configuration:
 #0: stdout all=warning uptime,level,tags
 #1: stderr all=off uptime,level,tags

Environment Variables:
JAVA_HOME=C:\Program Files\Java\jdk1.8.0_25
PATH=C:\Program Files\VanDyke Software\Clients\;C:\Program Files\AdoptOpenJDK\jdk-16.0.1.9-hotspot\bin;C:\Program Files\Java\jdk1.8.0_25\bin;C:\Program Files\Docker\Docker\Resources\bin;C:\Python23;C:\Program Files\GNU\WinCvs 1.3\CVSNT;C:\Oracle\product\12.2.0\client_1\bin;C:\WINDOWS\system32;C:\WINDOWS;C:\WINDOWS\System32\Wbem;C:\WINDOWS\System32\WindowsPowerShell\v1.0\;C:\Program Files (x86)\cvsnt;C:\Program Files\IDM Computer Solutions\UltraEdit;C:\Program Files (x86)\CDC Software\PivotalClient\PivotalClient.PerMachine\exe\bin\Standard;C:\WINDOWS\System32\OpenSSH\;C:\Program Files\Intel\WiFi\bin\;C:\Program Files\Common Files\Intel\WirelessCommon\;C:\Program Files\Amazon\AWSCLIV2\;C:\Program Files\PuTTY\;C:\Program Files\nodejs\;C:\software\python3.8.3;C:\software\python3.8.3\Scripts;C:\Users\ddai\AppData\Roaming\npm;C:\Users\ddai\AppData\Local\Microsoft\WindowsApps;C:\Users\ddai\AppData\Local\Programs\Microsoft VS Code\bin;C:\software\k8s;C:\minikube;
USERNAME=DDai
OS=Windows_NT
PROCESSOR_IDENTIFIER=Intel64 Family 6 Model 142 Stepping 10, GenuineIntel



---------------  S Y S T E M  ---------------

OS:
 Windows 10 , 64 bit Build 19041 (10.0.19041.1806)
OS uptime: 11 days 20:00 hours
Hyper-V role detected

CPU: total 8 (initial active 8) (4 cores per cpu, 2 threads per core) family 6 model 142 stepping 10 microcode 0xe0, cx8, cmov, fxsr, ht, mmx, 3dnowpref, sse, sse2, sse3, ssse3, sse4.1, sse4.2, popcnt, lzcnt, tsc, tscinvbit, avx, avx2, aes, erms, clmul, bmi1, bmi2, rtm, adx, fma, vzeroupper, clflush, clflushopt, hv

Memory: 4k page, system-wide physical 8026M (340M free)
TotalPageFile size 32602M (AvailPageFile size 8M)
current process WorkingSet (physical memory assigned to process): 211M, peak: 211M
current process commit charge ("private bytes"): 266M, peak: 396M

vm_info: OpenJDK 64-Bit Server VM (17.0.3+7) for windows-amd64 JRE (17.0.3+7), built on Apr 19 2022 16:55:35 by "" with MS VC++ 16.7 (VS2019)

END.
