#
# There is insufficient memory for the Java Runtime Environment to continue.
# Native memory allocation (mmap) failed to map 14680064 bytes for G1 virtual space
# Possible reasons:
#   The system is out of physical RAM or swap space
#   The process is running with CompressedOops enabled, and the Java Heap may be blocking the growth of the native heap
# Possible solutions:
#   Reduce memory load on the system
#   Increase physical memory or swap space
#   Check if swap backing store is full
#   Decrease Java heap size (-Xmx/-Xms)
#   Decrease number of Java threads
#   Decrease Java thread stack sizes (-Xss)
#   Set larger code cache with -XX:ReservedCodeCacheSize=
#   JVM is running with Unscaled Compressed Oops mode in which the Java heap is
#     placed in the first 4GB address space. The Java Heap base address is the
#     maximum limit for the native heap growth. Please use -XX:HeapBaseMinAddress
#     to set the Java Heap base and to place the Java Heap above 4GB virtual address.
# This output file may be truncated or incomplete.
#
#  Out of Memory Error (os_windows.cpp:3535), pid=16400, tid=18032
#
# JRE version: OpenJDK Runtime Environment Temurin-17.0.3+7 (17.0.3+7) (build 17.0.3+7)
# Java VM: OpenJDK 64-Bit Server VM Temurin-17.0.3+7 (17.0.3+7, mixed mode, emulated-client, tiered, compressed oops, compressed class ptrs, g1 gc, windows-amd64)
# No core dump will be written. Minidumps are not enabled by default on client versions of Windows
#

---------------  S U M M A R Y ------------

Command Line: -Dsts.lsp.client=vscode -Dsts.log.file=/dev/null -XX:TieredStopAtLevel=1 -Dspring.config.location=file:c:\Users\ddai\.vscode\extensions\pivotal.vscode-spring-boot-1.37.0\language-server\BOOT-INF\classes\application.properties org.springframework.ide.vscode.boot.app.BootLanguageServerBootApp

Host: Intel(R) Core(TM) i5-8350U CPU @ 1.70GHz, 8 cores, 7G,  Windows 10 , 64 bit Build 19041 (10.0.19041.1806)
Time: Sun Aug 21 05:23:08 2022 Eastern Daylight Time elapsed time: 3.250234 seconds (0d 0h 0m 3s)

---------------  T H R E A D  ---------------

Current thread (0x0000017e46f8b4b0):  VMThread "VM Thread" [stack: 0x0000001239f00000,0x000000123a000000] [id=18032]

Stack: [0x0000001239f00000,0x000000123a000000]
Native frames: (J=compiled Java code, j=interpreted, Vv=VM code, C=native code)
V  [jvm.dll+0x675efa]
V  [jvm.dll+0x830a24]
V  [jvm.dll+0x8321ce]
V  [jvm.dll+0x832833]
V  [jvm.dll+0x2454b5]
V  [jvm.dll+0x672de9]
V  [jvm.dll+0x667732]
V  [jvm.dll+0x3043ab]
V  [jvm.dll+0x30b8f6]
V  [jvm.dll+0x35b62e]
V  [jvm.dll+0x35b85f]
V  [jvm.dll+0x2db248]
V  [jvm.dll+0x2d94fc]
V  [jvm.dll+0x2d8acc]
V  [jvm.dll+0x31cd51]
V  [jvm.dll+0x836cdb]
V  [jvm.dll+0x837a14]
V  [jvm.dll+0x837f2c]
V  [jvm.dll+0x838304]
V  [jvm.dll+0x8383d0]
V  [jvm.dll+0x7e0cfa]
V  [jvm.dll+0x674d85]
C  [ucrtbase.dll+0x21bb2]
C  [KERNEL32.DLL+0x17034]
C  [ntdll.dll+0x52651]

VM_Operation (0x000000123b9fdf70): G1TryInitiateConcMark, mode: safepoint, requested by thread 0x0000017e49a0e450


---------------  P R O C E S S  ---------------

Threads class SMR info:
_java_thread_list=0x0000017e499fd640, length=46, elements={
0x0000017e46fdb740, 0x0000017e46fdc6f0, 0x0000017e47005430, 0x0000017e470061a0,
0x0000017e47c0b090, 0x0000017e47c16f50, 0x0000017e47c179b0, 0x0000017e47c183a0,
0x0000017e47e03ea0, 0x0000017e47e22820, 0x0000017e47e2d030, 0x0000017e486177b0,
0x0000017e483e1610, 0x0000017e49871820, 0x0000017e499bc600, 0x0000017e49791a90,
0x0000017e39cd9cb0, 0x0000017e49a0e450, 0x0000017e49a0e920, 0x0000017e49a0edf0,
0x0000017e4997ba30, 0x0000017e4997bf00, 0x0000017e497f9180, 0x0000017e497fbcd0,
0x0000017e497f87e0, 0x0000017e497fb330, 0x0000017e497fb800, 0x0000017e497fc1a0,
0x0000017e497fae60, 0x0000017e497f8cb0, 0x0000017e497fa990, 0x0000017e497f9650,
0x0000017e497f9b20, 0x0000017e497f9ff0, 0x0000017e497fa4c0, 0x0000017e4b6d2e00,
0x0000017e4b6d32d0, 0x0000017e4b6cef70, 0x0000017e4b6d37a0, 0x0000017e4b6ce100,
0x0000017e4b6d3c70, 0x0000017e4b6d4fb0, 0x0000017e4b6d4140, 0x0000017e4b6d0c50,
0x0000017e4b6d5480, 0x0000017e4b6d1120
}

Java Threads: ( => current thread )
  0x0000017e46fdb740 JavaThread "Reference Handler" daemon [_thread_blocked, id=30456, stack(0x000000123a000000,0x000000123a100000)]
  0x0000017e46fdc6f0 JavaThread "Finalizer" daemon [_thread_blocked, id=13288, stack(0x000000123a100000,0x000000123a200000)]
  0x0000017e47005430 JavaThread "Signal Dispatcher" daemon [_thread_blocked, id=9404, stack(0x000000123a200000,0x000000123a300000)]
  0x0000017e470061a0 JavaThread "Attach Listener" daemon [_thread_blocked, id=30808, stack(0x000000123a300000,0x000000123a400000)]
  0x0000017e47c0b090 JavaThread "Service Thread" daemon [_thread_blocked, id=33116, stack(0x000000123a400000,0x000000123a500000)]
  0x0000017e47c16f50 JavaThread "Monitor Deflation Thread" daemon [_thread_blocked, id=19664, stack(0x000000123a500000,0x000000123a600000)]
  0x0000017e47c179b0 JavaThread "C1 CompilerThread0" daemon [_thread_blocked, id=3988, stack(0x000000123a600000,0x000000123a700000)]
  0x0000017e47c183a0 JavaThread "Sweeper thread" daemon [_thread_blocked, id=23044, stack(0x000000123a700000,0x000000123a800000)]
  0x0000017e47e03ea0 JavaThread "C1 CompilerThread1" daemon [_thread_blocked, id=34716, stack(0x000000123a800000,0x000000123a900000)]
  0x0000017e47e22820 JavaThread "Notification Thread" daemon [_thread_blocked, id=36664, stack(0x000000123a900000,0x000000123aa00000)]
  0x0000017e47e2d030 JavaThread "Common-Cleaner" daemon [_thread_blocked, id=8888, stack(0x000000123ab00000,0x000000123ac00000)]
  0x0000017e486177b0 JavaThread "C1 CompilerThread2" daemon [_thread_blocked, id=26140, stack(0x000000123ac00000,0x000000123ad00000)]
  0x0000017e483e1610 JavaThread "C1 CompilerThread3" daemon [_thread_blocked, id=2336, stack(0x000000123ad00000,0x000000123ae00000)]
  0x0000017e49871820 JavaThread "ForkJoinPool.commonPool-worker-1" daemon [_thread_blocked, id=32092, stack(0x000000123b300000,0x000000123b400000)]
  0x0000017e499bc600 JavaThread "pool-7-thread-1" [_thread_blocked, id=2404, stack(0x000000123b700000,0x000000123b800000)]
  0x0000017e49791a90 JavaThread "LanguageServerApp-lifecycle" [_thread_blocked, id=34588, stack(0x000000123b800000,0x000000123b900000)]
  0x0000017e39cd9cb0 JavaThread "DestroyJavaVM" [_thread_blocked, id=27792, stack(0x0000001239900000,0x0000001239a00000)]
  0x0000017e49a0e450 JavaThread "ClassGraph-worker-0" daemon [_thread_blocked, id=31648, stack(0x000000123b900000,0x000000123ba00000)]
  0x0000017e49a0e920 JavaThread "ClassGraph-worker-1" daemon [_thread_blocked, id=36828, stack(0x000000123ba00000,0x000000123bb00000)]
  0x0000017e49a0edf0 JavaThread "ClassGraph-worker-2" daemon [_thread_blocked, id=11556, stack(0x000000123bb00000,0x000000123bc00000)]
  0x0000017e4997ba30 JavaThread "ClassGraph-worker-3" daemon [_thread_blocked, id=12628, stack(0x000000123bc00000,0x000000123bd00000)]
  0x0000017e4997bf00 JavaThread "ClassGraph-worker-4" daemon [_thread_blocked, id=31364, stack(0x000000123bd00000,0x000000123be00000)]
  0x0000017e497f9180 JavaThread "ClassGraph-worker-5" daemon [_thread_blocked, id=8864, stack(0x000000123be00000,0x000000123bf00000)]
  0x0000017e497fbcd0 JavaThread "ClassGraph-worker-6" daemon [_thread_blocked, id=26904, stack(0x000000123bf00000,0x000000123c000000)]
  0x0000017e497f87e0 JavaThread "ClassGraph-worker-7" daemon [_thread_blocked, id=35036, stack(0x000000123c000000,0x000000123c100000)]
  0x0000017e497fb330 JavaThread "ClassGraph-worker-8" daemon [_thread_blocked, id=14368, stack(0x000000123c100000,0x000000123c200000)]
  0x0000017e497fb800 JavaThread "ClassGraph-worker-9" daemon [_thread_blocked, id=22000, stack(0x000000123c200000,0x000000123c300000)]
  0x0000017e497fc1a0 JavaThread "ClassGraph-worker-10" daemon [_thread_blocked, id=33636, stack(0x000000123c300000,0x000000123c400000)]
  0x0000017e497fae60 JavaThread "ClassGraph-worker-11" daemon [_thread_blocked, id=22832, stack(0x000000123c400000,0x000000123c500000)]
  0x0000017e497f8cb0 JavaThread "ClassGraph-worker-12" daemon [_thread_blocked, id=30768, stack(0x000000123c500000,0x000000123c600000)]
  0x0000017e497fa990 JavaThread "ClassGraph-worker-13" daemon [_thread_blocked, id=33472, stack(0x000000123c600000,0x000000123c700000)]
  0x0000017e497f9650 JavaThread "pool-8-thread-1" [_thread_in_native, id=32288, stack(0x000000123c700000,0x000000123c800000)]
  0x0000017e497f9b20 JavaThread "Simple-Language-Server main thread" daemon [_thread_blocked, id=35844, stack(0x000000123c800000,0x000000123c900000)]
  0x0000017e497f9ff0 JavaThread "pool-5-thread-1" [_thread_blocked, id=7356, stack(0x000000123c900000,0x000000123ca00000)]
  0x0000017e497fa4c0 JavaThread "parallel-1" daemon [_thread_blocked, id=30032, stack(0x000000123ca00000,0x000000123cb00000)]
  0x0000017e4b6d2e00 JavaThread "parallel-2" daemon [_thread_blocked, id=20432, stack(0x000000123cb00000,0x000000123cc00000)]
  0x0000017e4b6d32d0 JavaThread "parallel-3" daemon [_thread_blocked, id=26460, stack(0x000000123cc00000,0x000000123cd00000)]
  0x0000017e4b6cef70 JavaThread "parallel-4" daemon [_thread_blocked, id=29232, stack(0x000000123cd00000,0x000000123ce00000)]
  0x0000017e4b6d37a0 JavaThread "parallel-5" daemon [_thread_blocked, id=36220, stack(0x000000123ce00000,0x000000123cf00000)]
  0x0000017e4b6ce100 JavaThread "parallel-6" daemon [_thread_blocked, id=34072, stack(0x000000123cf00000,0x000000123d000000)]
  0x0000017e4b6d3c70 JavaThread "parallel-7" daemon [_thread_blocked, id=36684, stack(0x000000123d000000,0x000000123d100000)]
  0x0000017e4b6d4fb0 JavaThread "parallel-8" daemon [_thread_blocked, id=8476, stack(0x000000123d100000,0x000000123d200000)]
  0x0000017e4b6d4140 JavaThread "pool-2-thread-1" [_thread_blocked, id=22060, stack(0x000000123d200000,0x000000123d300000)]
  0x0000017e4b6d0c50 JavaThread "ForkJoinPool.commonPool-worker-2" daemon [_thread_blocked, id=30088, stack(0x000000123d300000,0x000000123d400000)]
  0x0000017e4b6d5480 JavaThread "pool-2-thread-2" [_thread_blocked, id=33468, stack(0x000000123d400000,0x000000123d500000)]
  0x0000017e4b6d1120 JavaThread "Reconciler-1" daemon [_thread_blocked, id=29256, stack(0x000000123d500000,0x000000123d600000)]

Other Threads:
=>0x0000017e46f8b4b0 VMThread "VM Thread" [stack: 0x0000001239f00000,0x000000123a000000] [id=18032]
  0x0000017e47e23300 WatcherThread [stack: 0x000000123aa00000,0x000000123ab00000] [id=32088]
  0x0000017e39d343b0 GCTaskThread "GC Thread#0" [stack: 0x0000001239a00000,0x0000001239b00000] [id=5456]
  0x0000017e486d2d90 GCTaskThread "GC Thread#1" [stack: 0x000000123ae00000,0x000000123af00000] [id=31624]
  0x0000017e484ae090 GCTaskThread "GC Thread#2" [stack: 0x000000123af00000,0x000000123b000000] [id=36552]
  0x0000017e487afd20 GCTaskThread "GC Thread#3" [stack: 0x000000123b000000,0x000000123b100000] [id=4820]
  0x0000017e487b07f0 GCTaskThread "GC Thread#4" [stack: 0x000000123b100000,0x000000123b200000] [id=24296]
  0x0000017e487b0aa0 GCTaskThread "GC Thread#5" [stack: 0x000000123b200000,0x000000123b300000] [id=30508]
  0x0000017e491d2930 GCTaskThread "GC Thread#6" [stack: 0x000000123b400000,0x000000123b500000] [id=34784]
  0x0000017e49240810 GCTaskThread "GC Thread#7" [stack: 0x000000123b500000,0x000000123b600000] [id=35648]
  0x0000017e39d464b0 ConcurrentGCThread "G1 Main Marker" [stack: 0x0000001239b00000,0x0000001239c00000] [id=33424]
  0x0000017e39d47ed0 ConcurrentGCThread "G1 Conc#0" [stack: 0x0000001239c00000,0x0000001239d00000] [id=28508]
  0x0000017e4934b340 ConcurrentGCThread "G1 Conc#1" [stack: 0x000000123b600000,0x000000123b700000] [id=32940]
  0x0000017e39dae150 ConcurrentGCThread "G1 Refine#0" [stack: 0x0000001239d00000,0x0000001239e00000] [id=25888]
  0x0000017e39daeb70 ConcurrentGCThread "G1 Service" [stack: 0x0000001239e00000,0x0000001239f00000] [id=26884]

Threads with active compile tasks:

VM state: at safepoint (normal execution)

VM Mutex/Monitor currently owned by a thread:  ([mutex/lock_event])
[0x0000017e37bbabe0] Threads_lock - owner thread: 0x0000017e46f8b4b0
[0x0000017e39cd7fd0] Heap_lock - owner thread: 0x0000017e49a0e450

Heap address: 0x0000000082800000, size: 2008 MB, Compressed Oops mode: 32-bit

CDS archive(s) not mapped
Compressed class space mapped at: 0x0000000100000000-0x0000000140000000, reserved size: 1073741824
Narrow klass base: 0x0000000000000000, Narrow klass shift: 3, Narrow klass range: 0x140000000

GC Precious Log:
 CPUs: 8 total, 8 available
 Memory: 8026M
 Large Page Support: Disabled
 NUMA Support: Disabled
 Compressed Oops: Enabled (32-bit)
 Heap Region Size: 1M
 Heap Min Capacity: 8M
 Heap Initial Capacity: 126M
 Heap Max Capacity: 2008M
 Pre-touch: Disabled
 Parallel Workers: 8
 Concurrent Workers: 2
 Concurrent Refinement Workers: 8
 Periodic GC: Disabled

Heap:
 garbage-first heap   total 114688K, used 49474K [0x0000000082800000, 0x0000000100000000)
  region size 1024K, 2 young (2048K), 2 survivors (2048K)
 Metaspace       used 35244K, committed 35520K, reserved 1081344K
  class space    used 4603K, committed 4736K, reserved 1048576K

Heap Regions: E=young(eden), S=young(survivor), O=old, HS=humongous(starts), HC=humongous(continues), CS=collection set, F=free, OA=open archive, CA=closed archive, TAMS=top-at-mark-start (previous, next)
|   0|0x0000000082800000, 0x0000000082900000, 0x0000000082900000|100%| O|  |TAMS 0x0000000082900000, 0x0000000082900000| Untracked 
|   1|0x0000000082900000, 0x0000000082a00000, 0x0000000082a00000|100%| O|  |TAMS 0x0000000082a00000, 0x0000000082a00000| Untracked 
|   2|0x0000000082a00000, 0x0000000082b00000, 0x0000000082b00000|100%| O|  |TAMS 0x0000000082b00000, 0x0000000082b00000| Untracked 
|   3|0x0000000082b00000, 0x0000000082c00000, 0x0000000082c00000|100%| O|  |TAMS 0x0000000082c00000, 0x0000000082c00000| Untracked 
|   4|0x0000000082c00000, 0x0000000082d00000, 0x0000000082d00000|100%| O|  |TAMS 0x0000000082d00000, 0x0000000082d00000| Untracked 
|   5|0x0000000082d00000, 0x0000000082e00000, 0x0000000082e00000|100%| O|  |TAMS 0x0000000082e00000, 0x0000000082e00000| Untracked 
|   6|0x0000000082e00000, 0x0000000082f00000, 0x0000000082f00000|100%| O|  |TAMS 0x0000000082f00000, 0x0000000082f00000| Untracked 
|   7|0x0000000082f00000, 0x0000000083000000, 0x0000000083000000|100%| O|  |TAMS 0x0000000083000000, 0x0000000083000000| Untracked 
|   8|0x0000000083000000, 0x0000000083000000, 0x0000000083100000|  0%| F|  |TAMS 0x0000000083000000, 0x0000000083000000| Untracked 
|   9|0x0000000083100000, 0x0000000083200000, 0x0000000083200000|100%| O|  |TAMS 0x0000000083200000, 0x0000000083200000| Untracked 
|  10|0x0000000083200000, 0x0000000083300000, 0x0000000083300000|100%| O|  |TAMS 0x0000000083300000, 0x0000000083300000| Untracked 
|  11|0x0000000083300000, 0x0000000083400000, 0x0000000083400000|100%| O|  |TAMS 0x0000000083400000, 0x0000000083400000| Untracked 
|  12|0x0000000083400000, 0x0000000083500000, 0x0000000083500000|100%| O|  |TAMS 0x0000000083500000, 0x0000000083500000| Untracked 
|  13|0x0000000083500000, 0x0000000083600000, 0x0000000083600000|100%| O|  |TAMS 0x0000000083600000, 0x0000000083600000| Untracked 
|  14|0x0000000083600000, 0x0000000083700000, 0x0000000083700000|100%| O|  |TAMS 0x0000000083700000, 0x0000000083700000| Untracked 
|  15|0x0000000083700000, 0x0000000083800000, 0x0000000083800000|100%| O|  |TAMS 0x0000000083800000, 0x0000000083800000| Untracked 
|  16|0x0000000083800000, 0x0000000083900000, 0x0000000083900000|100%| O|  |TAMS 0x0000000083900000, 0x0000000083900000| Untracked 
|  17|0x0000000083900000, 0x0000000083a00000, 0x0000000083a00000|100%| O|  |TAMS 0x0000000083a00000, 0x0000000083a00000| Untracked 
|  18|0x0000000083a00000, 0x0000000083b00000, 0x0000000083b00000|100%| O|  |TAMS 0x0000000083b00000, 0x0000000083b00000| Untracked 
|  19|0x0000000083b00000, 0x0000000083c00000, 0x0000000083c00000|100%| O|  |TAMS 0x0000000083c00000, 0x0000000083c00000| Untracked 
|  20|0x0000000083c00000, 0x0000000083d00000, 0x0000000083d00000|100%| O|  |TAMS 0x0000000083d00000, 0x0000000083d00000| Untracked 
|  21|0x0000000083d00000, 0x0000000083e00000, 0x0000000083e00000|100%| O|  |TAMS 0x0000000083e00000, 0x0000000083e00000| Untracked 
|  22|0x0000000083e00000, 0x0000000083f00000, 0x0000000083f00000|100%| O|  |TAMS 0x0000000083f00000, 0x0000000083f00000| Untracked 
|  23|0x0000000083f00000, 0x0000000084000000, 0x0000000084000000|100%| O|  |TAMS 0x0000000084000000, 0x0000000084000000| Untracked 
|  24|0x0000000084000000, 0x0000000084100000, 0x0000000084100000|100%| O|  |TAMS 0x0000000084100000, 0x0000000084100000| Untracked 
|  25|0x0000000084100000, 0x0000000084200000, 0x0000000084200000|100%| O|  |TAMS 0x0000000084200000, 0x0000000084200000| Untracked 
|  26|0x0000000084200000, 0x0000000084300000, 0x0000000084300000|100%| O|  |TAMS 0x0000000084300000, 0x0000000084300000| Untracked 
|  27|0x0000000084300000, 0x0000000084400000, 0x0000000084400000|100%| O|  |TAMS 0x0000000084400000, 0x0000000084400000| Untracked 
|  28|0x0000000084400000, 0x0000000084500000, 0x0000000084500000|100%| O|  |TAMS 0x0000000084500000, 0x0000000084500000| Untracked 
|  29|0x0000000084500000, 0x0000000084600000, 0x0000000084600000|100%| O|  |TAMS 0x0000000084600000, 0x0000000084600000| Untracked 
|  30|0x0000000084600000, 0x0000000084700000, 0x0000000084700000|100%| O|  |TAMS 0x0000000084700000, 0x0000000084700000| Untracked 
|  31|0x0000000084700000, 0x0000000084800000, 0x0000000084800000|100%| O|  |TAMS 0x0000000084800000, 0x0000000084800000| Untracked 
|  32|0x0000000084800000, 0x0000000084900000, 0x0000000084900000|100%| O|  |TAMS 0x0000000084900000, 0x0000000084900000| Untracked 
|  33|0x0000000084900000, 0x0000000084a00000, 0x0000000084a00000|100%| O|  |TAMS 0x0000000084a00000, 0x0000000084a00000| Untracked 
|  34|0x0000000084a00000, 0x0000000084b00000, 0x0000000084b00000|100%| O|  |TAMS 0x0000000084b00000, 0x0000000084b00000| Untracked 
|  35|0x0000000084b00000, 0x0000000084c00000, 0x0000000084c00000|100%| O|  |TAMS 0x0000000084b75600, 0x0000000084c00000| Untracked 
|  36|0x0000000084c00000, 0x0000000084d00000, 0x0000000084d00000|100%| O|  |TAMS 0x0000000084c00000, 0x0000000084d00000| Untracked 
|  37|0x0000000084d00000, 0x0000000084e00000, 0x0000000084e00000|100%| O|  |TAMS 0x0000000084d00000, 0x0000000084e00000| Untracked 
|  38|0x0000000084e00000, 0x0000000084f00000, 0x0000000084f00000|100%| O|  |TAMS 0x0000000084e00000, 0x0000000084f00000| Untracked 
|  39|0x0000000084f00000, 0x0000000085000000, 0x0000000085000000|100%| O|  |TAMS 0x0000000084f00000, 0x0000000085000000| Untracked 
|  40|0x0000000085000000, 0x0000000085100000, 0x0000000085100000|100%| O|  |TAMS 0x0000000085000000, 0x0000000085100000| Untracked 
|  41|0x0000000085100000, 0x0000000085200000, 0x0000000085200000|100%| O|  |TAMS 0x0000000085100000, 0x0000000085200000| Untracked 
|  42|0x0000000085200000, 0x0000000085300000, 0x0000000085300000|100%| O|  |TAMS 0x0000000085200000, 0x0000000085300000| Untracked 
|  43|0x0000000085300000, 0x0000000085400000, 0x0000000085400000|100%| O|  |TAMS 0x0000000085300000, 0x0000000085400000| Untracked 
|  44|0x0000000085400000, 0x0000000085500000, 0x0000000085500000|100%| O|  |TAMS 0x0000000085400000, 0x0000000085500000| Untracked 
|  45|0x0000000085500000, 0x0000000085600000, 0x0000000085600000|100%| O|  |TAMS 0x0000000085500000, 0x0000000085600000| Untracked 
|  46|0x0000000085600000, 0x0000000085700000, 0x0000000085700000|100%| O|  |TAMS 0x0000000085600000, 0x0000000085700000| Untracked 
|  47|0x0000000085700000, 0x0000000085756a00, 0x0000000085800000| 33%| O|  |TAMS 0x0000000085700000, 0x0000000085756a00| Untracked 
|  48|0x0000000085800000, 0x0000000085800000, 0x0000000085900000|  0%| F|  |TAMS 0x0000000085800000, 0x0000000085800000| Untracked 
|  49|0x0000000085900000, 0x0000000085900000, 0x0000000085a00000|  0%| F|  |TAMS 0x0000000085900000, 0x0000000085900000| Untracked 
|  50|0x0000000085a00000, 0x0000000085a00000, 0x0000000085b00000|  0%| F|  |TAMS 0x0000000085a00000, 0x0000000085a00000| Untracked 
|  51|0x0000000085b00000, 0x0000000085b00000, 0x0000000085c00000|  0%| F|  |TAMS 0x0000000085b00000, 0x0000000085b00000| Untracked 
|  52|0x0000000085c00000, 0x0000000085c00000, 0x0000000085d00000|  0%| F|  |TAMS 0x0000000085c00000, 0x0000000085c00000| Untracked 
|  53|0x0000000085d00000, 0x0000000085d00000, 0x0000000085e00000|  0%| F|  |TAMS 0x0000000085d00000, 0x0000000085d00000| Untracked 
|  54|0x0000000085e00000, 0x0000000085e00000, 0x0000000085f00000|  0%| F|  |TAMS 0x0000000085e00000, 0x0000000085e00000| Untracked 
|  55|0x0000000085f00000, 0x0000000085f00000, 0x0000000086000000|  0%| F|  |TAMS 0x0000000085f00000, 0x0000000085f00000| Untracked 
|  56|0x0000000086000000, 0x0000000086000000, 0x0000000086100000|  0%| F|  |TAMS 0x0000000086000000, 0x0000000086000000| Untracked 
|  57|0x0000000086100000, 0x0000000086100000, 0x0000000086200000|  0%| F|  |TAMS 0x0000000086100000, 0x0000000086100000| Untracked 
|  58|0x0000000086200000, 0x0000000086200000, 0x0000000086300000|  0%| F|  |TAMS 0x0000000086200000, 0x0000000086200000| Untracked 
|  59|0x0000000086300000, 0x0000000086300000, 0x0000000086400000|  0%| F|  |TAMS 0x0000000086300000, 0x0000000086300000| Untracked 
|  60|0x0000000086400000, 0x0000000086400000, 0x0000000086500000|  0%| F|  |TAMS 0x0000000086400000, 0x0000000086400000| Untracked 
|  61|0x0000000086500000, 0x0000000086500000, 0x0000000086600000|  0%| F|  |TAMS 0x0000000086500000, 0x0000000086500000| Untracked 
|  62|0x0000000086600000, 0x0000000086600000, 0x0000000086700000|  0%| F|  |TAMS 0x0000000086600000, 0x0000000086600000| Untracked 
|  63|0x0000000086700000, 0x0000000086700000, 0x0000000086800000|  0%| F|  |TAMS 0x0000000086700000, 0x0000000086700000| Untracked 
|  64|0x0000000086800000, 0x0000000086800000, 0x0000000086900000|  0%| F|  |TAMS 0x0000000086800000, 0x0000000086800000| Untracked 
|  65|0x0000000086900000, 0x0000000086900000, 0x0000000086a00000|  0%| F|  |TAMS 0x0000000086900000, 0x0000000086900000| Untracked 
|  66|0x0000000086a00000, 0x0000000086a00000, 0x0000000086b00000|  0%| F|  |TAMS 0x0000000086a00000, 0x0000000086a00000| Untracked 
|  67|0x0000000086b00000, 0x0000000086b00000, 0x0000000086c00000|  0%| F|  |TAMS 0x0000000086b00000, 0x0000000086b00000| Untracked 
|  68|0x0000000086c00000, 0x0000000086c00000, 0x0000000086d00000|  0%| F|  |TAMS 0x0000000086c00000, 0x0000000086c00000| Untracked 
|  69|0x0000000086d00000, 0x0000000086d00000, 0x0000000086e00000|  0%| F|  |TAMS 0x0000000086d00000, 0x0000000086d00000| Untracked 
|  70|0x0000000086e00000, 0x0000000086e00000, 0x0000000086f00000|  0%| F|  |TAMS 0x0000000086e00000, 0x0000000086e00000| Untracked 
|  71|0x0000000086f00000, 0x0000000086f00000, 0x0000000087000000|  0%| F|  |TAMS 0x0000000086f00000, 0x0000000086f00000| Untracked 
|  72|0x0000000087000000, 0x0000000087000000, 0x0000000087100000|  0%| F|  |TAMS 0x0000000087000000, 0x0000000087000000| Untracked 
|  73|0x0000000087100000, 0x0000000087100000, 0x0000000087200000|  0%| F|  |TAMS 0x0000000087100000, 0x0000000087100000| Untracked 
|  74|0x0000000087200000, 0x0000000087200000, 0x0000000087300000|  0%| F|  |TAMS 0x0000000087200000, 0x0000000087200000| Untracked 
|  75|0x0000000087300000, 0x0000000087300000, 0x0000000087400000|  0%| F|  |TAMS 0x0000000087300000, 0x0000000087300000| Untracked 
|  76|0x0000000087400000, 0x0000000087400000, 0x0000000087500000|  0%| F|  |TAMS 0x0000000087400000, 0x0000000087400000| Untracked 
|  77|0x0000000087500000, 0x0000000087500000, 0x0000000087600000|  0%| F|  |TAMS 0x0000000087500000, 0x0000000087500000| Untracked 
|  78|0x0000000087600000, 0x0000000087600000, 0x0000000087700000|  0%| F|  |TAMS 0x0000000087600000, 0x0000000087600000| Untracked 
|  79|0x0000000087700000, 0x0000000087700000, 0x0000000087800000|  0%| F|  |TAMS 0x0000000087700000, 0x0000000087700000| Untracked 
|  80|0x0000000087800000, 0x0000000087800000, 0x0000000087900000|  0%| F|  |TAMS 0x0000000087800000, 0x0000000087800000| Untracked 
|  81|0x0000000087900000, 0x0000000087900000, 0x0000000087a00000|  0%| F|  |TAMS 0x0000000087900000, 0x0000000087900000| Untracked 
|  82|0x0000000087a00000, 0x0000000087a00000, 0x0000000087b00000|  0%| F|  |TAMS 0x0000000087a00000, 0x0000000087a00000| Untracked 
|  83|0x0000000087b00000, 0x0000000087bf9f60, 0x0000000087c00000| 97%| S|CS|TAMS 0x0000000087b00000, 0x0000000087b00000| Complete 
|  84|0x0000000087c00000, 0x0000000087d00000, 0x0000000087d00000|100%| S|CS|TAMS 0x0000000087c00000, 0x0000000087c00000| Complete 
|  85|0x0000000087d00000, 0x0000000087d00000, 0x0000000087e00000|  0%| F|  |TAMS 0x0000000087d00000, 0x0000000087d00000| Untracked 
|  86|0x0000000087e00000, 0x0000000087e00000, 0x0000000087f00000|  0%| F|  |TAMS 0x0000000087e00000, 0x0000000087e00000| Untracked 
|  87|0x0000000087f00000, 0x0000000087f00000, 0x0000000088000000|  0%| F|  |TAMS 0x0000000087f00000, 0x0000000087f00000| Untracked 
|  88|0x0000000088000000, 0x0000000088000000, 0x0000000088100000|  0%| F|  |TAMS 0x0000000088000000, 0x0000000088000000| Untracked 
|  89|0x0000000088100000, 0x0000000088100000, 0x0000000088200000|  0%| F|  |TAMS 0x0000000088100000, 0x0000000088100000| Untracked 
|  90|0x0000000088200000, 0x0000000088200000, 0x0000000088300000|  0%| F|  |TAMS 0x0000000088200000, 0x0000000088200000| Untracked 
|  91|0x0000000088300000, 0x0000000088300000, 0x0000000088400000|  0%| F|  |TAMS 0x0000000088300000, 0x0000000088300000| Untracked 
|  92|0x0000000088400000, 0x0000000088400000, 0x0000000088500000|  0%| F|  |TAMS 0x0000000088400000, 0x0000000088400000| Untracked 
|  93|0x0000000088500000, 0x0000000088500000, 0x0000000088600000|  0%| F|  |TAMS 0x0000000088500000, 0x0000000088500000| Untracked 
|  94|0x0000000088600000, 0x0000000088600000, 0x0000000088700000|  0%| F|  |TAMS 0x0000000088600000, 0x0000000088600000| Untracked 
|  95|0x0000000088700000, 0x0000000088700000, 0x0000000088800000|  0%| F|  |TAMS 0x0000000088700000, 0x0000000088700000| Untracked 
|  96|0x0000000088800000, 0x0000000088800000, 0x0000000088900000|  0%| F|  |TAMS 0x0000000088800000, 0x0000000088800000| Untracked 
|  97|0x0000000088900000, 0x0000000088900000, 0x0000000088a00000|  0%| F|  |TAMS 0x0000000088900000, 0x0000000088900000| Untracked 
|  98|0x0000000088a00000, 0x0000000088a00000, 0x0000000088b00000|  0%| F|  |TAMS 0x0000000088a00000, 0x0000000088a00000| Untracked 
|  99|0x0000000088b00000, 0x0000000088b00000, 0x0000000088c00000|  0%| F|  |TAMS 0x0000000088b00000, 0x0000000088b00000| Untracked 
| 100|0x0000000088c00000, 0x0000000088c00000, 0x0000000088d00000|  0%| F|  |TAMS 0x0000000088c00000, 0x0000000088c00000| Untracked 
| 101|0x0000000088d00000, 0x0000000088d00000, 0x0000000088e00000|  0%| F|  |TAMS 0x0000000088d00000, 0x0000000088d00000| Untracked 
| 102|0x0000000088e00000, 0x0000000088e00000, 0x0000000088f00000|  0%| F|  |TAMS 0x0000000088e00000, 0x0000000088e00000| Untracked 
| 103|0x0000000088f00000, 0x0000000088f00000, 0x0000000089000000|  0%| F|  |TAMS 0x0000000088f00000, 0x0000000088f00000| Untracked 
| 104|0x0000000089000000, 0x0000000089000000, 0x0000000089100000|  0%| F|  |TAMS 0x0000000089000000, 0x0000000089000000| Untracked 
| 105|0x0000000089100000, 0x0000000089100000, 0x0000000089200000|  0%| F|  |TAMS 0x0000000089100000, 0x0000000089100000| Untracked 
| 106|0x0000000089200000, 0x0000000089200000, 0x0000000089300000|  0%| F|  |TAMS 0x0000000089200000, 0x0000000089200000| Untracked 
| 107|0x0000000089300000, 0x0000000089300000, 0x0000000089400000|  0%| F|  |TAMS 0x0000000089300000, 0x0000000089300000| Untracked 
| 108|0x0000000089400000, 0x0000000089400000, 0x0000000089500000|  0%| F|  |TAMS 0x0000000089400000, 0x0000000089400000| Untracked 
| 109|0x0000000089500000, 0x0000000089500000, 0x0000000089600000|  0%| F|  |TAMS 0x0000000089500000, 0x0000000089500000| Untracked 
| 110|0x0000000089600000, 0x0000000089600000, 0x0000000089700000|  0%| F|  |TAMS 0x0000000089600000, 0x0000000089600000| Untracked 
| 125|0x000000008a500000, 0x000000008a500000, 0x000000008a600000|  0%| F|  |TAMS 0x000000008a500000, 0x000000008a500000| Untracked 

Card table byte_map: [0x0000017e3fe60000,0x0000017e40250000] _byte_map_base: 0x0000017e3fa4c000

Marking Bits (Prev, Next): (CMBitMap*) 0x0000017e39d35920, (CMBitMap*) 0x0000017e39d358e0
 Prev Bits: [0x0000017e425a0000, 0x0000017e44500000)
 Next Bits: [0x0000017e40640000, 0x0000017e425a0000)

Polling page: 0x0000017e394b0000

Metaspace:

Usage:
  Non-class:     29.92 MB used.
      Class:      4.50 MB used.
       Both:     34.42 MB used.

Virtual space:
  Non-class space:       32.00 MB reserved,      30.06 MB ( 94%) committed,  4 nodes.
      Class space:        1.00 GB reserved,       4.62 MB ( <1%) committed,  1 nodes.
             Both:        1.03 GB reserved,      34.69 MB (  3%) committed. 

Chunk freelists:
   Non-Class:  1.77 MB
       Class:  3.39 MB
        Both:  5.16 MB

MaxMetaspaceSize: unlimited
CompressedClassSpaceSize: 1.00 GB
Initial GC threshold: 21.00 MB
Current GC threshold: 57.19 MB
CDS: off
MetaspaceReclaimPolicy: balanced
 - commit_granule_bytes: 65536.
 - commit_granule_words: 8192.
 - virtual_space_node_default_size: 1048576.
 - enlarge_chunks_in_place: 1.
 - new_chunks_are_fully_committed: 0.
 - uncommit_free_chunks: 1.
 - use_allocation_guard: 0.
 - handle_deallocations: 1.


Internal statistics:

num_allocs_failed_limit: 5.
num_arena_births: 298.
num_arena_deaths: 0.
num_vsnodes_births: 5.
num_vsnodes_deaths: 0.
num_space_committed: 555.
num_space_uncommitted: 0.
num_chunks_returned_to_freelist: 5.
num_chunks_taken_from_freelist: 1290.
num_chunk_merges: 5.
num_chunk_splits: 902.
num_chunks_enlarged: 703.
num_purges: 0.
num_inconsistent_stats: 0.

CodeCache: size=49152Kb used=8687Kb max_used=8687Kb free=40464Kb
 bounds [0x0000017e3c960000, 0x0000017e3d1e0000, 0x0000017e3f960000]
 total_blobs=4096 nmethods=3572 adapters=448
 compilation: enabled
              stopped_count=0, restarted_count=0
 full_count=0

Compilation events (20 events):
Event: 3.079 Thread 0x0000017e47c179b0 nmethod 3562 0x0000017e3d1d7010 code [0x0000017e3d1d71a0, 0x0000017e3d1d7278]
Event: 3.079 Thread 0x0000017e47e03ea0 nmethod 3563 0x0000017e3d1d7310 code [0x0000017e3d1d74a0, 0x0000017e3d1d7578]
Event: 3.082 Thread 0x0000017e47e03ea0 3564   !   1       io.github.classgraph.ClasspathElementDir::newResource (27 bytes)
Event: 3.082 Thread 0x0000017e486177b0 3565       1       java.nio.file.Files::size (17 bytes)
Event: 3.082 Thread 0x0000017e483e1610 3566       1       io.github.classgraph.ClasspathElementDir$1::<init> (35 bytes)
Event: 3.082 Thread 0x0000017e47c179b0 3567       1       io.github.classgraph.ClasspathElementDir$1::getPath (45 bytes)
Event: 3.082 Thread 0x0000017e486177b0 nmethod 3565 0x0000017e3d1d7610 code [0x0000017e3d1d77c0, 0x0000017e3d1d79b8]
Event: 3.082 Thread 0x0000017e483e1610 nmethod 3566 0x0000017e3d1d7b90 code [0x0000017e3d1d7d40, 0x0000017e3d1d8038]
Event: 3.082 Thread 0x0000017e47e03ea0 nmethod 3564 0x0000017e3d1d8110 code [0x0000017e3d1d82e0, 0x0000017e3d1d87f8]
Event: 3.082 Thread 0x0000017e47c179b0 nmethod 3567 0x0000017e3d1d8b10 code [0x0000017e3d1d8ce0, 0x0000017e3d1d8ed8]
Event: 3.084 Thread 0x0000017e47c179b0 3568       1       org.antlr.v4.runtime.misc.ObjectEqualityComparator::equals (20 bytes)
Event: 3.084 Thread 0x0000017e47e03ea0 3569       1       org.antlr.v4.runtime.misc.Array2DHashSet::getBucket (21 bytes)
Event: 3.084 Thread 0x0000017e47c179b0 nmethod 3568 0x0000017e3d1d9110 code [0x0000017e3d1d92c0, 0x0000017e3d1d9408]
Event: 3.084 Thread 0x0000017e47e03ea0 nmethod 3569 0x0000017e3d1d9490 code [0x0000017e3d1d9620, 0x0000017e3d1d9728]
Event: 3.086 Thread 0x0000017e47e03ea0 3570       1       java.io.StringWriter::append (6 bytes)
Event: 3.086 Thread 0x0000017e483e1610 3571       1       java.io.StringWriter::append (10 bytes)
Event: 3.087 Thread 0x0000017e483e1610 nmethod 3571 0x0000017e3d1d9810 code [0x0000017e3d1d99c0, 0x0000017e3d1d9bf8]
Event: 3.087 Thread 0x0000017e47e03ea0 nmethod 3570 0x0000017e3d1d9d90 code [0x0000017e3d1d9f40, 0x0000017e3d1da198]
Event: 3.243 Thread 0x0000017e47e03ea0 3572       1       io.github.classgraph.ClasspathElement::maskClassfiles (191 bytes)
Event: 3.245 Thread 0x0000017e47e03ea0 nmethod 3572 0x0000017e3d1da310 code [0x0000017e3d1da660, 0x0000017e3d1db4a8]

GC Heap History (20 events):
Event: 2.361 GC heap after
{Heap after GC invocations=7 (full 0):
 garbage-first heap   total 54272K, used 15978K [0x0000000082800000, 0x0000000100000000)
  region size 1024K, 2 young (2048K), 2 survivors (2048K)
 Metaspace       used 30831K, committed 31168K, reserved 1081344K
  class space    used 3873K, committed 4032K, reserved 1048576K
}
Event: 2.566 GC heap before
{Heap before GC invocations=7 (full 0):
 garbage-first heap   total 54272K, used 36458K [0x0000000082800000, 0x0000000100000000)
  region size 1024K, 23 young (23552K), 2 survivors (2048K)
 Metaspace       used 32770K, committed 33088K, reserved 1081344K
  class space    used 4156K, committed 4288K, reserved 1048576K
}
Event: 2.571 GC heap after
{Heap after GC invocations=8 (full 0):
 garbage-first heap   total 54272K, used 19512K [0x0000000082800000, 0x0000000100000000)
  region size 1024K, 3 young (3072K), 3 survivors (3072K)
 Metaspace       used 32770K, committed 33088K, reserved 1081344K
  class space    used 4156K, committed 4288K, reserved 1048576K
}
Event: 2.632 GC heap before
{Heap before GC invocations=8 (full 0):
 garbage-first heap   total 54272K, used 36920K [0x0000000082800000, 0x0000000100000000)
  region size 1024K, 21 young (21504K), 3 survivors (3072K)
 Metaspace       used 32957K, committed 33216K, reserved 1081344K
  class space    used 4178K, committed 4288K, reserved 1048576K
}
Event: 2.636 GC heap after
{Heap after GC invocations=9 (full 0):
 garbage-first heap   total 54272K, used 23813K [0x0000000082800000, 0x0000000100000000)
  region size 1024K, 3 young (3072K), 3 survivors (3072K)
 Metaspace       used 32957K, committed 33216K, reserved 1081344K
  class space    used 4178K, committed 4288K, reserved 1048576K
}
Event: 2.701 GC heap before
{Heap before GC invocations=9 (full 0):
 garbage-first heap   total 54272K, used 37125K [0x0000000082800000, 0x0000000100000000)
  region size 1024K, 17 young (17408K), 3 survivors (3072K)
 Metaspace       used 33287K, committed 33600K, reserved 1081344K
  class space    used 4229K, committed 4416K, reserved 1048576K
}
Event: 2.705 GC heap after
{Heap after GC invocations=10 (full 0):
 garbage-first heap   total 54272K, used 26827K [0x0000000082800000, 0x0000000100000000)
  region size 1024K, 3 young (3072K), 3 survivors (3072K)
 Metaspace       used 33287K, committed 33600K, reserved 1081344K
  class space    used 4229K, committed 4416K, reserved 1048576K
}
Event: 2.746 GC heap before
{Heap before GC invocations=10 (full 0):
 garbage-first heap   total 54272K, used 39115K [0x0000000082800000, 0x0000000100000000)
  region size 1024K, 15 young (15360K), 3 survivors (3072K)
 Metaspace       used 33530K, committed 33856K, reserved 1081344K
  class space    used 4266K, committed 4416K, reserved 1048576K
}
Event: 2.749 GC heap after
{Heap after GC invocations=11 (full 0):
 garbage-first heap   total 77824K, used 28939K [0x0000000082800000, 0x0000000100000000)
  region size 1024K, 2 young (2048K), 2 survivors (2048K)
 Metaspace       used 33530K, committed 33856K, reserved 1081344K
  class space    used 4266K, committed 4416K, reserved 1048576K
}
Event: 2.836 GC heap before
{Heap before GC invocations=12 (full 0):
 garbage-first heap   total 77824K, used 54539K [0x0000000082800000, 0x0000000100000000)
  region size 1024K, 27 young (27648K), 2 survivors (2048K)
 Metaspace       used 34203K, committed 34496K, reserved 1081344K
  class space    used 4391K, committed 4544K, reserved 1048576K
}
Event: 2.841 GC heap after
{Heap after GC invocations=13 (full 0):
 garbage-first heap   total 77824K, used 33183K [0x0000000082800000, 0x0000000100000000)
  region size 1024K, 4 young (4096K), 4 survivors (4096K)
 Metaspace       used 34203K, committed 34496K, reserved 1081344K
  class space    used 4391K, committed 4544K, reserved 1048576K
}
Event: 2.888 GC heap before
{Heap before GC invocations=13 (full 0):
 garbage-first heap   total 77824K, used 56735K [0x0000000082800000, 0x0000000100000000)
  region size 1024K, 27 young (27648K), 4 survivors (4096K)
 Metaspace       used 34441K, committed 34752K, reserved 1081344K
  class space    used 4455K, committed 4608K, reserved 1048576K
}
Event: 2.895 GC heap after
{Heap after GC invocations=14 (full 0):
 garbage-first heap   total 77824K, used 39438K [0x0000000082800000, 0x0000000100000000)
  region size 1024K, 4 young (4096K), 4 survivors (4096K)
 Metaspace       used 34441K, committed 34752K, reserved 1081344K
  class space    used 4455K, committed 4608K, reserved 1048576K
}
Event: 2.937 GC heap before
{Heap before GC invocations=14 (full 0):
 garbage-first heap   total 77824K, used 55822K [0x0000000082800000, 0x0000000100000000)
  region size 1024K, 21 young (21504K), 4 survivors (4096K)
 Metaspace       used 34717K, committed 35008K, reserved 1081344K
  class space    used 4511K, committed 4672K, reserved 1048576K
}
Event: 2.944 GC heap after
{Heap after GC invocations=15 (full 0):
 garbage-first heap   total 77824K, used 43556K [0x0000000082800000, 0x0000000100000000)
  region size 1024K, 3 young (3072K), 3 survivors (3072K)
 Metaspace       used 34717K, committed 35008K, reserved 1081344K
  class space    used 4511K, committed 4672K, reserved 1048576K
}
Event: 3.116 GC heap before
{Heap before GC invocations=16 (full 0):
 garbage-first heap   total 94208K, used 58916K [0x0000000082800000, 0x0000000100000000)
  region size 1024K, 18 young (18432K), 3 survivors (3072K)
 Metaspace       used 35244K, committed 35520K, reserved 1081344K
  class space    used 4603K, committed 4736K, reserved 1048576K
}
Event: 3.120 GC heap after
{Heap after GC invocations=17 (full 0):
 garbage-first heap   total 94208K, used 47104K [0x0000000082800000, 0x0000000100000000)
  region size 1024K, 3 young (3072K), 3 survivors (3072K)
 Metaspace       used 35244K, committed 35520K, reserved 1081344K
  class space    used 4603K, committed 4736K, reserved 1048576K
}
Event: 3.158 GC heap before
{Heap before GC invocations=17 (full 0):
 garbage-first heap   total 94208K, used 48128K [0x0000000082800000, 0x0000000100000000)
  region size 1024K, 4 young (4096K), 3 survivors (3072K)
 Metaspace       used 35244K, committed 35520K, reserved 1081344K
  class space    used 4603K, committed 4736K, reserved 1048576K
}
Event: 3.160 GC heap after
{Heap after GC invocations=18 (full 0):
 garbage-first heap   total 94208K, used 47800K [0x0000000082800000, 0x0000000100000000)
  region size 1024K, 1 young (1024K), 1 survivors (1024K)
 Metaspace       used 35244K, committed 35520K, reserved 1081344K
  class space    used 4603K, committed 4736K, reserved 1048576K
}
Event: 3.247 GC heap before
{Heap before GC invocations=18 (full 0):
 garbage-first heap   total 94208K, used 52920K [0x0000000082800000, 0x0000000100000000)
  region size 1024K, 7 young (7168K), 1 survivors (1024K)
 Metaspace       used 35244K, committed 35520K, reserved 1081344K
  class space    used 4603K, committed 4736K, reserved 1048576K
}

Deoptimization events (16 events):
Event: 0.660 Thread 0x0000017e39cd9cb0 DEOPT PACKING pc=0x0000017e3cd73ff5 sp=0x00000012399fddb0
Event: 0.660 Thread 0x0000017e39cd9cb0 DEOPT UNPACKING pc=0x0000017e3c9b2b43 sp=0x00000012399fd220 mode 3
Event: 1.343 Thread 0x0000017e39cd9cb0 DEOPT PACKING pc=0x0000017e3ce90719 sp=0x00000012399fd560
Event: 1.343 Thread 0x0000017e39cd9cb0 DEOPT UNPACKING pc=0x0000017e3c9b2b43 sp=0x00000012399fca40 mode 3
Event: 1.681 Thread 0x0000017e39cd9cb0 DEOPT PACKING pc=0x0000017e3cf59e75 sp=0x00000012399fe3f0
Event: 1.681 Thread 0x0000017e39cd9cb0 DEOPT UNPACKING pc=0x0000017e3c9b2b43 sp=0x00000012399fd860 mode 3
Event: 2.350 Thread 0x0000017e39cd9cb0 DEOPT PACKING pc=0x0000017e3cff8e99 sp=0x00000012399fcae0
Event: 2.350 Thread 0x0000017e39cd9cb0 DEOPT UNPACKING pc=0x0000017e3c9b2b43 sp=0x00000012399fbfc0 mode 3
Event: 2.435 Thread 0x0000017e49871820 DEOPT PACKING pc=0x0000017e3d052cab sp=0x000000123b3fe9b0
Event: 2.435 Thread 0x0000017e49871820 DEOPT UNPACKING pc=0x0000017e3c9b2b43 sp=0x000000123b3fdef8 mode 3
Event: 2.680 Thread 0x0000017e49a0e450 DEOPT PACKING pc=0x0000017e3ce91a81 sp=0x000000123b9fe970
Event: 2.680 Thread 0x0000017e49a0e450 DEOPT UNPACKING pc=0x0000017e3c9b2b43 sp=0x000000123b9fde00 mode 3
Event: 2.803 Thread 0x0000017e497f9b20 DEOPT PACKING pc=0x0000017e3d1a1ab5 sp=0x000000123c8fd7f0
Event: 2.803 Thread 0x0000017e497f9b20 DEOPT UNPACKING pc=0x0000017e3c9b2b43 sp=0x000000123c8fcd08 mode 3
Event: 2.930 Thread 0x0000017e497f9ff0 DEOPT PACKING pc=0x0000017e3ce8b317 sp=0x000000123c9ff310
Event: 2.930 Thread 0x0000017e497f9ff0 DEOPT UNPACKING pc=0x0000017e3c9b2b43 sp=0x000000123c9fe768 mode 3

Classes unloaded (0 events):
No events

Classes redefined (0 events):
No events

Internal exceptions (20 events):
Event: 2.523 Thread 0x0000017e49a0e920 Exception <a 'sun/nio/fs/WindowsException'{0x00000000853cbab8}> (0x00000000853cbab8) 
thrown [e:\jenkins\tmp\workspace\build\src\src\hotspot\share\prims\jni.cpp, line 516]
Event: 2.523 Thread 0x0000017e49a0e920 Exception <a 'sun/nio/fs/WindowsException'{0x00000000853cc4a0}> (0x00000000853cc4a0) 
thrown [e:\jenkins\tmp\workspace\build\src\src\hotspot\share\prims\jni.cpp, line 516]
Event: 2.524 Thread 0x0000017e49a0e920 Exception <a 'sun/nio/fs/WindowsException'{0x00000000853cc840}> (0x00000000853cc840) 
thrown [e:\jenkins\tmp\workspace\build\src\src\hotspot\share\prims\jni.cpp, line 516]
Event: 2.524 Thread 0x0000017e49a0e920 Exception <a 'sun/nio/fs/WindowsException'{0x00000000853cd238}> (0x00000000853cd238) 
thrown [e:\jenkins\tmp\workspace\build\src\src\hotspot\share\prims\jni.cpp, line 516]
Event: 2.524 Thread 0x0000017e49a0e920 Exception <a 'sun/nio/fs/WindowsException'{0x00000000853cd5f0}> (0x00000000853cd5f0) 
thrown [e:\jenkins\tmp\workspace\build\src\src\hotspot\share\prims\jni.cpp, line 516]
Event: 2.524 Thread 0x0000017e49a0e920 Exception <a 'sun/nio/fs/WindowsException'{0x00000000853cdfd8}> (0x00000000853cdfd8) 
thrown [e:\jenkins\tmp\workspace\build\src\src\hotspot\share\prims\jni.cpp, line 516]
Event: 2.524 Thread 0x0000017e49a0e920 Exception <a 'sun/nio/fs/WindowsException'{0x00000000853ce380}> (0x00000000853ce380) 
thrown [e:\jenkins\tmp\workspace\build\src\src\hotspot\share\prims\jni.cpp, line 516]
Event: 2.524 Thread 0x0000017e49a0e920 Exception <a 'sun/nio/fs/WindowsException'{0x00000000853ced78}> (0x00000000853ced78) 
thrown [e:\jenkins\tmp\workspace\build\src\src\hotspot\share\prims\jni.cpp, line 516]
Event: 2.524 Thread 0x0000017e49a0e920 Exception <a 'sun/nio/fs/WindowsException'{0x00000000853cf130}> (0x00000000853cf130) 
thrown [e:\jenkins\tmp\workspace\build\src\src\hotspot\share\prims\jni.cpp, line 516]
Event: 2.524 Thread 0x0000017e49a0e920 Exception <a 'sun/nio/fs/WindowsException'{0x00000000853cfb40}> (0x00000000853cfb40) 
thrown [e:\jenkins\tmp\workspace\build\src\src\hotspot\share\prims\jni.cpp, line 516]
Event: 2.524 Thread 0x0000017e49a0e920 Exception <a 'sun/nio/fs/WindowsException'{0x00000000853cff18}> (0x00000000853cff18) 
thrown [e:\jenkins\tmp\workspace\build\src\src\hotspot\share\prims\jni.cpp, line 516]
Event: 2.525 Thread 0x0000017e49a0e920 Exception <a 'sun/nio/fs/WindowsException'{0x00000000853d0940}> (0x00000000853d0940) 
thrown [e:\jenkins\tmp\workspace\build\src\src\hotspot\share\prims\jni.cpp, line 516]
Event: 2.525 Thread 0x0000017e49a0e920 Exception <a 'sun/nio/fs/WindowsException'{0x00000000853d0d30}> (0x00000000853d0d30) 
thrown [e:\jenkins\tmp\workspace\build\src\src\hotspot\share\prims\jni.cpp, line 516]
Event: 2.525 Thread 0x0000017e49a0e920 Exception <a 'sun/nio/fs/WindowsException'{0x00000000853d1750}> (0x00000000853d1750) 
thrown [e:\jenkins\tmp\workspace\build\src\src\hotspot\share\prims\jni.cpp, line 516]
Event: 2.525 Thread 0x0000017e49a0e920 Exception <a 'sun/nio/fs/WindowsException'{0x00000000853d1b38}> (0x00000000853d1b38) 
thrown [e:\jenkins\tmp\workspace\build\src\src\hotspot\share\prims\jni.cpp, line 516]
Event: 2.798 Thread 0x0000017e497f9b20 Exception <a 'java/lang/NoSuchMethodError'{0x000000008677edd8}: 'java.lang.Object java.lang.invoke.DirectMethodHandle$Holder.invokeStatic(java.lang.Object, int, java.lang.Object)'> (0x000000008677edd8) 
thrown [e:\jenkins\tmp\workspace\build\src\src\hotspot\share\interpreter\linkResolver.cpp, line 766]
Event: 2.800 Thread 0x0000017e497f9650 Exception <a 'java/lang/NoSuchMethodError'{0x00000000867f2150}: 'java.lang.Object java.lang.invoke.DirectMethodHandle$Holder.invokeStatic(java.lang.Object, java.lang.Object, java.lang.Object, int, java.lang.Object, java.lang.Object)'> (0x00000000867f2150) 
thrown [e:\jenkins\tmp\workspace\build\src\src\hotspot\share\interpreter\linkResolver.cpp, line 766]
Event: 2.922 Thread 0x0000017e497f9b20 Exception <a 'java/lang/NoSuchMethodError'{0x0000000086873dd0}: 'int java.lang.invoke.DirectMethodHandle$Holder.invokeStatic(java.lang.Object)'> (0x0000000086873dd0) 
thrown [e:\jenkins\tmp\workspace\build\src\src\hotspot\share\interpreter\linkResolver.cpp, line 766]
Event: 2.922 Thread 0x0000017e497f9b20 Exception <a 'java/lang/NoSuchMethodError'{0x0000000086895c18}: 'int java.lang.invoke.DirectMethodHandle$Holder.invokeStaticInit(java.lang.Object)'> (0x0000000086895c18) 
thrown [e:\jenkins\tmp\workspace\build\src\src\hotspot\share\interpreter\linkResolver.cpp, line 766]
Event: 2.962 Thread 0x0000017e497f9650 Exception <a 'java/lang/NoSuchMethodError'{0x0000000086e52ed8}: 'int java.lang.invoke.DirectMethodHandle$Holder.invokeVirtual(java.lang.Object, java.lang.Object)'> (0x0000000086e52ed8) 
thrown [e:\jenkins\tmp\workspace\build\src\src\hotspot\share\interpreter\linkResolver.cpp, line 766]

VM Operations (20 events):
Event: 3.232 Executing VM operation: ICBufferFull done
Event: 3.233 Executing VM operation: ICBufferFull
Event: 3.233 Executing VM operation: ICBufferFull done
Event: 3.234 Executing VM operation: ICBufferFull
Event: 3.234 Executing VM operation: ICBufferFull done
Event: 3.235 Executing VM operation: ICBufferFull
Event: 3.235 Executing VM operation: ICBufferFull done
Event: 3.235 Executing VM operation: ICBufferFull
Event: 3.235 Executing VM operation: ICBufferFull done
Event: 3.236 Executing VM operation: ICBufferFull
Event: 3.236 Executing VM operation: ICBufferFull done
Event: 3.237 Executing VM operation: ICBufferFull
Event: 3.237 Executing VM operation: ICBufferFull done
Event: 3.238 Executing VM operation: ICBufferFull
Event: 3.238 Executing VM operation: ICBufferFull done
Event: 3.239 Executing VM operation: ICBufferFull
Event: 3.239 Executing VM operation: ICBufferFull done
Event: 3.240 Executing VM operation: ICBufferFull
Event: 3.240 Executing VM operation: ICBufferFull done
Event: 3.246 Executing VM operation: G1TryInitiateConcMark

Events (20 events):
Event: 2.952 loading class java/util/concurrent/CompletableFuture$UniCompose done
Event: 2.952 Thread 0x0000017e4b6d0c50 Thread added: 0x0000017e4b6d0c50
Event: 2.953 Thread 0x0000017e4b6d5480 Thread added: 0x0000017e4b6d5480
Event: 2.953 loading class java/util/concurrent/CompletableFuture$UniRelay
Event: 2.953 loading class java/util/concurrent/CompletableFuture$UniRelay done
Event: 2.955 loading class java/util/concurrent/CompletionException
Event: 2.955 loading class java/util/concurrent/CompletionException done
Event: 2.965 loading class java/io/PrintWriter
Event: 2.965 loading class java/io/PrintWriter done
Event: 2.968 loading class sun/nio/cs/StringUTF16
Event: 2.968 loading class sun/nio/cs/StringUTF16 done
Event: 2.970 loading class java/util/WeakHashMap$EntrySet
Event: 2.970 loading class java/util/WeakHashMap$EntrySet done
Event: 2.970 loading class java/util/WeakHashMap$EntryIterator
Event: 2.970 loading class java/util/WeakHashMap$HashIterator
Event: 2.970 loading class java/util/WeakHashMap$HashIterator done
Event: 2.970 loading class java/util/WeakHashMap$EntryIterator done
Event: 3.030 Thread 0x0000017e4b6d1120 Thread added: 0x0000017e4b6d1120
Event: 3.063 loading class java/util/regex/Pattern$1
Event: 3.063 loading class java/util/regex/Pattern$1 done


Dynamic libraries:
0x00007ff79acc0000 - 0x00007ff79acce000 	c:\Users\ddai\.vscode\extensions\redhat.java-1.9.0-win32-x64\jre\17.0.3-win32-x86_64\bin\java.exe
0x00007ffad0350000 - 0x00007ffad0548000 	C:\WINDOWS\SYSTEM32\ntdll.dll
0x00007ffacf4a0000 - 0x00007ffacf55d000 	C:\WINDOWS\System32\KERNEL32.DLL
0x00007ffacdb60000 - 0x00007ffacde2e000 	C:\WINDOWS\System32\KERNELBASE.dll
0x00007ffab06f0000 - 0x00007ffab0709000 	c:\Users\ddai\.vscode\extensions\redhat.java-1.9.0-win32-x64\jre\17.0.3-win32-x86_64\bin\VCRUNTIME140.dll
0x00007fface060000 - 0x00007fface160000 	C:\WINDOWS\System32\ucrtbase.dll
0x00007ffab07e0000 - 0x00007ffab07f8000 	c:\Users\ddai\.vscode\extensions\redhat.java-1.9.0-win32-x64\jre\17.0.3-win32-x86_64\bin\jli.dll
0x00007ffaceec0000 - 0x00007ffacf060000 	C:\WINDOWS\System32\USER32.dll
0x00007ffab2fb0000 - 0x00007ffab324a000 	C:\WINDOWS\WinSxS\amd64_microsoft.windows.common-controls_6595b64144ccf1df_6.0.19041.1110_none_60b5254171f9507e\COMCTL32.dll
0x00007ffacda70000 - 0x00007ffacda92000 	C:\WINDOWS\System32\win32u.dll
0x00007ffacec00000 - 0x00007ffacec9e000 	C:\WINDOWS\System32\msvcrt.dll
0x00007ffacf1b0000 - 0x00007ffacf1da000 	C:\WINDOWS\System32\GDI32.dll
0x00007ffacdea0000 - 0x00007ffacdfab000 	C:\WINDOWS\System32\gdi32full.dll
0x00007fface310000 - 0x00007fface3ad000 	C:\WINDOWS\System32\msvcp_win.dll
0x00007ffacf300000 - 0x00007ffacf330000 	C:\WINDOWS\System32\IMM32.DLL
0x00007ffac6fa0000 - 0x00007ffac6fac000 	c:\Users\ddai\.vscode\extensions\redhat.java-1.9.0-win32-x64\jre\17.0.3-win32-x86_64\bin\vcruntime140_1.dll
0x00007ffa85df0000 - 0x00007ffa85e81000 	c:\Users\ddai\.vscode\extensions\redhat.java-1.9.0-win32-x64\jre\17.0.3-win32-x86_64\bin\msvcp140.dll
0x00007ffa4c130000 - 0x00007ffa4cd78000 	c:\Users\ddai\.vscode\extensions\redhat.java-1.9.0-win32-x64\jre\17.0.3-win32-x86_64\bin\server\jvm.dll
0x00007ffaceda0000 - 0x00007ffacee4e000 	C:\WINDOWS\System32\ADVAPI32.dll
0x00007ffaceca0000 - 0x00007ffaced3c000 	C:\WINDOWS\System32\sechost.dll
0x00007ffacfc50000 - 0x00007ffacfd75000 	C:\WINDOWS\System32\RPCRT4.dll
0x00007ffacee50000 - 0x00007ffacee58000 	C:\WINDOWS\System32\PSAPI.DLL
0x00007ffaadd00000 - 0x00007ffaadd09000 	C:\WINDOWS\SYSTEM32\WSOCK32.dll
0x00007ffac14c0000 - 0x00007ffac14ca000 	C:\WINDOWS\SYSTEM32\VERSION.dll
0x00007ffabb0b0000 - 0x00007ffabb0d7000 	C:\WINDOWS\SYSTEM32\WINMM.dll
0x00007ffacf140000 - 0x00007ffacf1ab000 	C:\WINDOWS\System32\WS2_32.dll
0x00007ffacc1b0000 - 0x00007ffacc1c2000 	C:\WINDOWS\SYSTEM32\kernel.appcore.dll
0x00007ffab0820000 - 0x00007ffab082a000 	c:\Users\ddai\.vscode\extensions\redhat.java-1.9.0-win32-x64\jre\17.0.3-win32-x86_64\bin\jimage.dll
0x00007ffacb730000 - 0x00007ffacb914000 	C:\WINDOWS\SYSTEM32\DBGHELP.DLL
0x00007ffab40f0000 - 0x00007ffab411c000 	C:\WINDOWS\SYSTEM32\dbgcore.DLL
0x00007ffacdaa0000 - 0x00007ffacdb22000 	C:\WINDOWS\System32\bcryptPrimitives.dll
0x00007ffaa2000000 - 0x00007ffaa2025000 	c:\Users\ddai\.vscode\extensions\redhat.java-1.9.0-win32-x64\jre\17.0.3-win32-x86_64\bin\java.dll
0x00007ffaa4990000 - 0x00007ffaa49a8000 	c:\Users\ddai\.vscode\extensions\redhat.java-1.9.0-win32-x64\jre\17.0.3-win32-x86_64\bin\zip.dll
0x00007fface3b0000 - 0x00007ffaceaf4000 	C:\WINDOWS\System32\SHELL32.dll
0x00007ffacba00000 - 0x00007ffacc194000 	C:\WINDOWS\SYSTEM32\windows.storage.dll
0x00007ffacfd80000 - 0x00007ffad00d4000 	C:\WINDOWS\System32\combase.dll
0x00007ffacd3f0000 - 0x00007ffacd420000 	C:\WINDOWS\SYSTEM32\Wldp.dll
0x00007ffacf330000 - 0x00007ffacf3dd000 	C:\WINDOWS\System32\SHCORE.dll
0x00007ffaceb90000 - 0x00007ffacebe5000 	C:\WINDOWS\System32\shlwapi.dll
0x00007ffacd9b0000 - 0x00007ffacd9cf000 	C:\WINDOWS\SYSTEM32\profapi.dll
0x00007ffaa47e0000 - 0x00007ffaa47f9000 	C:\Users\ddai\.vscode\extensions\redhat.java-1.9.0-win32-x64\jre\17.0.3-win32-x86_64\bin\net.dll
0x00007ffacca80000 - 0x00007ffaccb8a000 	C:\WINDOWS\SYSTEM32\WINHTTP.dll
0x00007ffacd1d0000 - 0x00007ffacd23a000 	C:\WINDOWS\system32\mswsock.dll
0x00007ffaa1fe0000 - 0x00007ffaa1ff5000 	C:\Users\ddai\.vscode\extensions\redhat.java-1.9.0-win32-x64\jre\17.0.3-win32-x86_64\bin\nio.dll
0x00007ffab01f0000 - 0x00007ffab0200000 	c:\Users\ddai\.vscode\extensions\redhat.java-1.9.0-win32-x64\jre\17.0.3-win32-x86_64\bin\verify.dll
0x00007ffac99e0000 - 0x00007ffac99e9000 	C:\Users\ddai\.vscode\extensions\redhat.java-1.9.0-win32-x64\jre\17.0.3-win32-x86_64\bin\management.dll
0x00007ffac6fc0000 - 0x00007ffac6fcb000 	C:\Users\ddai\.vscode\extensions\redhat.java-1.9.0-win32-x64\jre\17.0.3-win32-x86_64\bin\management_ext.dll
0x00007ffa9df10000 - 0x00007ffa9df27000 	C:\WINDOWS\system32\napinsp.dll
0x00007ffa9def0000 - 0x00007ffa9df0b000 	C:\WINDOWS\system32\pnrpnsp.dll
0x00007ffac8640000 - 0x00007ffac8655000 	C:\WINDOWS\system32\wshbth.dll
0x00007ffac9680000 - 0x00007ffac969d000 	C:\WINDOWS\system32\NLAapi.dll
0x00007ffacce90000 - 0x00007ffaccecb000 	C:\WINDOWS\SYSTEM32\IPHLPAPI.DLL
0x00007ffaccee0000 - 0x00007ffaccfab000 	C:\WINDOWS\SYSTEM32\DNSAPI.dll
0x00007ffacebf0000 - 0x00007ffacebf8000 	C:\WINDOWS\System32\NSI.dll
0x00007ffa9df30000 - 0x00007ffa9df42000 	C:\WINDOWS\System32\winrnr.dll
0x00007ffabc8e0000 - 0x00007ffabc8ea000 	C:\Windows\System32\rasadhlp.dll
0x00007ffac6cd0000 - 0x00007ffac6d50000 	C:\WINDOWS\System32\fwpuclnt.dll
0x00007ffacdb30000 - 0x00007ffacdb57000 	C:\WINDOWS\System32\bcrypt.dll
0x00007ffacd430000 - 0x00007ffacd448000 	C:\WINDOWS\SYSTEM32\CRYPTSP.dll
0x00007ffacc9f0000 - 0x00007ffacca24000 	C:\WINDOWS\system32\rsaenh.dll
0x00007ffacd970000 - 0x00007ffacd99e000 	C:\WINDOWS\SYSTEM32\USERENV.dll
0x00007ffacd360000 - 0x00007ffacd36c000 	C:\WINDOWS\SYSTEM32\CRYPTBASE.dll
0x00007ffac6940000 - 0x00007ffac6957000 	C:\WINDOWS\SYSTEM32\dhcpcsvc6.DLL
0x00007ffac6870000 - 0x00007ffac688d000 	C:\WINDOWS\SYSTEM32\dhcpcsvc.DLL

dbghelp: loaded successfully - version: 4.0.5 - missing functions: none
symbol engine: initialized successfully - sym options: 0x614 - pdb path: .;c:\Users\ddai\.vscode\extensions\redhat.java-1.9.0-win32-x64\jre\17.0.3-win32-x86_64\bin;C:\WINDOWS\SYSTEM32;C:\WINDOWS\WinSxS\amd64_microsoft.windows.common-controls_6595b64144ccf1df_6.0.19041.1110_none_60b5254171f9507e;c:\Users\ddai\.vscode\extensions\redhat.java-1.9.0-win32-x64\jre\17.0.3-win32-x86_64\bin\server

VM Arguments:
jvm_args: -Dsts.lsp.client=vscode -Dsts.log.file=/dev/null -XX:TieredStopAtLevel=1 -Dspring.config.location=file:c:\Users\ddai\.vscode\extensions\pivotal.vscode-spring-boot-1.37.0\language-server\BOOT-INF\classes\application.properties 
java_command: org.springframework.ide.vscode.boot.app.BootLanguageServerBootApp
java_class_path (initial): c:\Users\ddai\.vscode\extensions\pivotal.vscode-spring-boot-1.37.0\language-server\BOOT-INF\classes;c:\Users\ddai\.vscode\extensions\pivotal.vscode-spring-boot-1.37.0\language-server\BOOT-INF\lib\annotations-23.0.0.jar;c:\Users\ddai\.vscode\extensions\pivotal.vscode-spring-boot-1.37.0\language-server\BOOT-INF\lib\antlr-runtime-3.5.2.jar;c:\Users\ddai\.vscode\extensions\pivotal.vscode-spring-boot-1.37.0\language-server\BOOT-INF\lib\antlr4-4.9.3.jar;c:\Users\ddai\.vscode\extensions\pivotal.vscode-spring-boot-1.37.0\language-server\BOOT-INF\lib\antlr4-runtime-4.9.3.jar;c:\Users\ddai\.vscode\extensions\pivotal.vscode-spring-boot-1.37.0\language-server\BOOT-INF\lib\asm-9.3.jar;c:\Users\ddai\.vscode\extensions\pivotal.vscode-spring-boot-1.37.0\language-server\BOOT-INF\lib\asm-analysis-9.3.jar;c:\Users\ddai\.vscode\extensions\pivotal.vscode-spring-boot-1.37.0\language-server\BOOT-INF\lib\asm-tree-9.3.jar;c:\Users\ddai\.vscode\extensions\pivotal.vscode-spring-boot-1.37.0\language-server\BOOT-INF\lib\asm-util-9.3.jar;c:\Users\ddai\.vscode\extensions\pivotal.vscode-spring-boot-1.37.0\language-server\BOOT-INF\lib\byte-buddy-1.10.18.jar;c:\Users\ddai\.vscode\extensions\pivotal.vscode-spring-boot-1.37.0\language-server\BOOT-INF\lib\caffeine-2.8.6.jar;c:\Users\ddai\.vscode\extensions\pivotal.vscode-spring-boot-1.37.0\language-server\BOOT-INF\lib\checker-qual-3.12.0.jar;c:\Users\ddai\.vscode\extensions\pivotal.vscode-spring-boot-1.37.0\language-server\BOOT-INF\lib\classgraph-4.8.149.jar;c:\Users\ddai\.vscode\extensions\pivotal.vscode-spring-boot-1.37.0\language-server\BOOT-INF\lib\commons-codec-1.14.jar;c:\Users\ddai\.vscode\extensions\pivotal.vscode-spring-boot-1.37.0\language-server\BOOT-INF\lib\commons-compress-1.21.jar;c:\Users\ddai\.vscode\extensions\pivotal.vscode-spring-boot-1.37.0\language-server\BOOT-INF\lib\commons-exec-1.3.jar;c:\Users\ddai\.vscode\extensions\pivotal.vscode-spring-boot-1.37.0\language-server\BOOT-INF\lib\commons-io-2.4.jar;c
Launcher Type: SUN_STANDARD

[Global flags]
     intx CICompilerCount                          = 4                                         {product} {ergonomic}
     uint ConcGCThreads                            = 2                                         {product} {ergonomic}
     uint G1ConcRefinementThreads                  = 8                                         {product} {ergonomic}
   size_t G1HeapRegionSize                         = 1048576                                   {product} {ergonomic}
    uintx GCDrainStackTargetSize                   = 64                                        {product} {ergonomic}
   size_t InitialHeapSize                          = 132120576                                 {product} {ergonomic}
   size_t MarkStackSize                            = 4194304                                   {product} {ergonomic}
   size_t MaxHeapSize                              = 2105540608                                {product} {ergonomic}
   size_t MaxNewSize                               = 1262485504                                {product} {ergonomic}
   size_t MinHeapDeltaBytes                        = 1048576                                   {product} {ergonomic}
   size_t MinHeapSize                              = 8388608                                   {product} {ergonomic}
    uintx NonProfiledCodeHeapSize                  = 0                                      {pd product} {ergonomic}
     bool ProfileInterpreter                       = false                                  {pd product} {command line}
    uintx ProfiledCodeHeapSize                     = 0                                      {pd product} {ergonomic}
   size_t SoftMaxHeapSize                          = 2105540608                             {manageable} {ergonomic}
     intx TieredStopAtLevel                        = 1                                         {product} {command line}
     bool UseCompressedClassPointers               = true                           {product lp64_product} {ergonomic}
     bool UseCompressedOops                        = true                           {product lp64_product} {ergonomic}
     bool UseG1GC                                  = true                                      {product} {ergonomic}
     bool UseLargePagesIndividualAllocation        = false                                  {pd product} {ergonomic}

Logging:
Log output configuration:
 #0: stdout all=warning uptime,level,tags
 #1: stderr all=off uptime,level,tags

Environment Variables:
JAVA_HOME=C:\Program Files\Java\jdk1.8.0_25
PATH=C:\Program Files\VanDyke Software\Clients\;C:\Program Files\AdoptOpenJDK\jdk-16.0.1.9-hotspot\bin;C:\Program Files\Java\jdk1.8.0_25\bin;C:\Program Files\Docker\Docker\Resources\bin;C:\Python23;C:\Program Files\GNU\WinCvs 1.3\CVSNT;C:\Oracle\product\12.2.0\client_1\bin;C:\WINDOWS\system32;C:\WINDOWS;C:\WINDOWS\System32\Wbem;C:\WINDOWS\System32\WindowsPowerShell\v1.0\;C:\Program Files (x86)\cvsnt;C:\Program Files\IDM Computer Solutions\UltraEdit;C:\Program Files (x86)\CDC Software\PivotalClient\PivotalClient.PerMachine\exe\bin\Standard;C:\WINDOWS\System32\OpenSSH\;C:\Program Files\Intel\WiFi\bin\;C:\Program Files\Common Files\Intel\WirelessCommon\;C:\Program Files\Amazon\AWSCLIV2\;C:\Program Files\PuTTY\;C:\Program Files\nodejs\;C:\software\python3.8.3;C:\software\python3.8.3\Scripts;C:\Users\ddai\AppData\Roaming\npm;C:\Users\ddai\AppData\Local\Microsoft\WindowsApps;C:\Users\ddai\AppData\Local\Programs\Microsoft VS Code\bin;C:\software\k8s;C:\minikube;
USERNAME=DDai
OS=Windows_NT
PROCESSOR_IDENTIFIER=Intel64 Family 6 Model 142 Stepping 10, GenuineIntel



---------------  S Y S T E M  ---------------

OS:
 Windows 10 , 64 bit Build 19041 (10.0.19041.1806)
OS uptime: 11 days 20:01 hours
Hyper-V role detected

CPU: total 8 (initial active 8) (4 cores per cpu, 2 threads per core) family 6 model 142 stepping 10 microcode 0xe0, cx8, cmov, fxsr, ht, mmx, 3dnowpref, sse, sse2, sse3, ssse3, sse4.1, sse4.2, popcnt, lzcnt, tsc, tscinvbit, avx, avx2, aes, erms, clmul, bmi1, bmi2, rtm, adx, fma, vzeroupper, clflush, clflushopt, hv

Memory: 4k page, system-wide physical 8026M (463M free)
TotalPageFile size 32602M (AvailPageFile size 16M)
current process WorkingSet (physical memory assigned to process): 182M, peak: 182M
current process commit charge ("private bytes"): 250M, peak: 264M

vm_info: OpenJDK 64-Bit Server VM (17.0.3+7) for windows-amd64 JRE (17.0.3+7), built on Apr 19 2022 16:55:35 by "" with MS VC++ 16.7 (VS2019)

END.
